[]  Dendrochronology Program Library                                        Run PIST   Program COF  09:41  Fri 07 Sep 2018  Page   1
[]
[]  P R O G R A M      C O F E C H A                                                                          Version 6.06P    30567
------------------------------------------------------------------------------------------------------------------------------------

 QUALITY CONTROL AND DATING CHECK OF TREE-RING MEASUREMENTS

 File of DATED series:   pist_drop.rwl

 CONTENTS:

    Part 1:  Title page, options selected, summary, absent rings by series
    Part 2:  Histogram of time spans
    Part 3:  Master series with sample depth and absent rings by year
    Part 4:  Bar plot of Master Dating Series
    Part 5:  Correlation by segment of each series with Master
    Part 6:  Potential problems: low correlation, divergent year-to-year changes, absent rings, outliers
    Part 7:  Descriptive statistics

 RUN CONTROL OPTIONS SELECTED                             VALUE

         1  Cubic smoothing spline 50% wavelength cutoff for filtering
                                                            32 years
         2  Segments examined are                           50 years lagged successively by  10 years
         3  Autoregressive model applied                     A  Residuals are used in master dating series and testing
         4  Series transformed to logarithms                 Y  Each series log-transformed for master dating series and testing
         5  CORRELATION is Pearson (parametric, quantitative)
            Critical correlation, 99% confidence level   .3281
         6  Master dating series saved                       N
         7  Ring measurements listed                         N
         8  Parts printed                              1234567 
         9  Absent rings are omitted from master series and segment correlations  (Y)

 Time span of Master dating series is  1931 to  2016    86 years
 Continuous time span is               1931 to  2016    86 years
 Portion with two or more series is    1935 to  2010    76 years


                                        ****************************************
                                        *C* Number of dated series        36 *C*
                                        *O* Master series 1931 2016   86 yrs *O*
                                        *F* Total rings in all series   2271 *F*
                                        *E* Total dated rings checked   2261 *E*
                                        *C* Series intercorrelation     .471 *C*
                                        *H* Average mean sensitivity    .279 *H*
                                        *A* Segments, possible problems   29 *A*
                                        *** Mean length of series       63.1 ***
                                        ****************************************

 ABSENT RINGS listed by SERIES:            (See Master Dating Series for absent rings listed by year)

               No ring measurements of zero value
PART 2:  TIME PLOT OF TREE-RING SERIES:                                                            09:41  Fri 07 Sep 2018  Page   2
------------------------------------------------------------------------------------------------------------------------------------
 1050 1100 1150 1200 1250 1300 1350 1400 1450 1500 1550 1600 1650 1700 1750 1800 1850 1900 1950 2000 2050 Ident   Seq Time-span  Yrs
   :    :    :    :    :    :    :    :    :    :    :    :    :    :    :    :    :    :    :    :    : -------- --- ---- ---- ----
   .    .    .    .    .    .    .    .    .    .    .    .    .    .    .    .    .    .   <=====>    . 132241     1 1945 2009   65
   .    .    .    .    .    .    .    .    .    .    .    .    .    .    .    .    .    .  <======>    . 182058     2 1937 2009   73
   .    .    .    .    .    .    .    .    .    .    .    .    .    .    .    .    .    .  <======>    . 132236     3 1939 2009   71
   .    .    .    .    .    .    .    .    .    .    .    .    .    .    .    .    .    .    <====>    . 112170     4 1950 2009   60
   .    .    .    .    .    .    .    .    .    .    .    .    .    .    .    .    .    .   <=====>    . 192213     5 1948 2009   62
   .    .    .    .    .    .    .    .    .    .    .    .    .    .    .    .    .    .    <====>    . 122187     6 1950 2009   60
   .    .    .    .    .    .    .    .    .    .    .    .    .    .    .    .    .    .   <=====>    . 72458      7 1946 2009   64
   .    .    .    .    .    .    .    .    .    .    .    .    .    .    .    .    .    .    <====>    . 142521     8 1953 2009   57
   .    .    .    .    .    .    .    .    .    .    .    .    .    .    .    .    .    .  <======>    . 112215     9 1936 2009   74
   .    .    .    .    .    .    .    .    .    .    .    .    .    .    .    .    .    .  <======>    . 142484    10 1938 2009   72
   .    .    .    .    .    .    .    .    .    .    .    .    .    .    .    .    .    .   <=====>    . 122180    11 1940 2009   70
   .    .    .    .    .    .    .    .    .    .    .    .    .    .    .    .    .    .    <====>    . 102279    12 1950 2009   60
   .    .    .    .    .    .    .    .    .    .    .    .    .    .    .    .    .    .    <====>    . 122146    13 1955 2009   55
   .    .    .    .    .    .    .    .    .    .    .    .    .    .    .    .    .    .    .<===>    . 122131    14 1969 2009   41
   .    .    .    .    .    .    .    .    .    .    .    .    .    .    .    .    .    .  <======>    . 122150    15 1935 2009   75
   .    .    .    .    .    .    .    .    .    .    .    .    .    .    .    .    .    .   <=====>    . 122128    16 1940 2009   70
   .    .    .    .    .    .    .    .    .    .    .    .    .    .    .    .    .    .    <====>    . 122157    17 1952 2009   58
   .    .    .    .    .    .    .    .    .    .    .    .    .    .    .    .    .    .   <=====>    . 122165    18 1940 2009   70
   .    .    .    .    .    .    .    .    .    .    .    .    .    .    .    .    .    .   <=====>    . 122184    19 1944 2009   66
   .    .    .    .    .    .    .    .    .    .    .    .    .    .    .    .    .    .   <=====>    . 122166    20 1943 2009   67
   .    .    .    .    .    .    .    .    .    .    .    .    .    .    .    .    .    .    .  <=>    . 122278    21 1980 2009   30
   .    .    .    .    .    .    .    .    .    .    .    .    .    .    .    .    .    .    .<===>    . 122302    22 1963 2009   47
   .    .    .    .    .    .    .    .    .    .    .    .    .    .    .    .    .    .  <======>    . 142046    23 1936 2009   74
   .    .    .    .    .    .    .    .    .    .    .    .    .    .    .    .    .    .   <======>   . 122256A   24 1947 2016   70
   .    .    .    .    .    .    .    .    .    .    .    .    .    .    .    .    .    .    .<===>    . 162432    25 1962 2005   44
   .    .    .    .    .    .    .    .    .    .    .    .    .    .    .    .    .    .    <=====>   . 112180    26 1958 2010   53
   .    .    .    .    .    .    .    .    .    .    .    .    .    .    .    .    .    .   <=====>    . 132194    27 1940 2007   68
   .    .    .    .    .    .    .    .    .    .    .    .    .    .    .    .    .    .  <======>    . 122164    28 1937 2003   67
   .    .    .    .    .    .    .    .    .    .    .    .    .    .    .    .    .    .    <====>    . 122275    29 1954 2009   56
   .    .    .    .    .    .    .    .    .    .    .    .    .    .    .    .    .    .   <=====>    . 112145    30 1945 2005   61
   .    .    .    .    .    .    .    .    .    .    .    .    .    .    .    .    .    .   <=====>    . 102273    31 1946 2006   61
   .    .    .    .    .    .    .    .    .    .    .    .    .    .    .    .    .    .  <======>    . 132233    32 1938 2009   72
   .    .    .    .    .    .    .    .    .    .    .    .    .    .    .    .    .    .   <=====>    . 122229    33 1945 2009   65
   .    .    .    .    .    .    .    .    .    .    .    .    .    .    .    .    .    .   <=====>    . 122149    34 1946 2004   59
   .    .    .    .    .    .    .    .    .    .    .    .    .    .    .    .    .    .  <======>    . 112136    35 1935 2009   75
   .    .    .    .    .    .    .    .    .    .    .    .    .    .    .    .    .    .  <======>    . 112258    36 1931 2009   79
   :    :    :    :    :    :    :    :    :    :    :    :    :    :    :    :    :    :    :    :    :
 1050 1100 1150 1200 1250 1300 1350 1400 1450 1500 1550 1600 1650 1700 1750 1800 1850 1900 1950 2000 2050
PART 3:  Master Dating Series:                                                                     09:41  Fri 07 Sep 2018  Page   3
------------------------------------------------------------------------------------------------------------------------------------
  Year  Value  No Ab    Year  Value  No Ab    Year  Value  No Ab    Year  Value  No Ab    Year  Value  No Ab    Year  Value  No Ab
  ------------------    ------------------    ------------------    ------------------    ------------------    ------------------
                        1950 -1.124  27       2000   .472  36
                        1951 -1.284  27       2001   .123  36
                        1952 -1.094  28       2002   .909  36
                        1953  -.815  29       2003   .035  36
                        1954   .650  30       2004   .494  35
                        1955   .975  31       2005   .852  34
                        1956  1.155  31       2006  -.022  32
                        1957   .649  31       2007  -.327  31
                        1958   .310  32       2008  -.648  30
                        1959   .644  32       2009  1.055  30

                        1960   .698  32       2010   .266   2
                        1961   .490  32       2011 -1.206   1
                        1962   .818  33       2012  -.948   1
                        1963   .261  34       2013 -1.093   1
                        1964  -.361  34       2014  1.244   1
                        1965  -.548  34       2015  1.497   1
                        1966 -3.352  34       2016  1.672   1
                        1967  -.020  34
                        1968  1.152  34
                        1969   .675  35

                        1970   .305  35
                        1971  -.473  35
                        1972  -.235  35
                        1973  -.110  35
                        1974  -.345  35
                        1975 -1.089  35
                        1976   .216  35
                        1977  -.274  35
                        1978  -.043  35
                        1979 -2.071  35

                        1980  -.249  36
  1931   .157   1       1981   .217  36
  1932 -2.152   1       1982   .967  36
  1933  -.733   1       1983  1.313  36
  1934 -1.935   1       1984   .311  36
  1935 -1.255   3       1985   .787  36
  1936  -.354   5       1986  -.413  36
  1937   .556   7       1987  -.693  36
  1938   .532   9       1988   .888  36
  1939  1.758  10       1989   .554  36

  1940  1.130  14       1990  1.132  36
  1941   .037  14       1991   .489  36
  1942   .693  14       1992  -.952  36
  1943  -.221  15       1993 -1.438  36
  1944  -.297  16       1994 -1.835  36
  1945   .645  19       1995   .472  36
  1946   .268  22       1996  1.002  36
  1947   .509  23       1997  1.590  36
  1948  -.083  24       1998   .246  36
  1949  -.973  24       1999 -2.806  36
------------------------------------------------------------------------------------------------------------------------------------
PART 4:  Master Bar Plot:                                                                          09:41  Fri 07 Sep 2018  Page   4
------------------------------------------------------------------------------------------------------------------------------------
   Year Rel value  Year Rel value  Year Rel value  Year Rel value  Year Rel value  Year Rel value  Year Rel value  Year Rel value
                   1950-d          2000------B
                   1951-e          2001-----@
                   1952-d          2002---------D
                   1953--c         2003----@
                   1954--------C   2004------B
                   1955---------D  2005---------C
                   1956---------E  2006----@
                   1957--------C   2007---a
                   1958-----A      2008--c
                   1959--------C   2009---------D
                   1960--------C   2010-----A
                   1961------B     2011-e
                   1962--------C   2012-d
                   1963-----A      2013-d
                   1964---a        2014---------E
                   1965--b         2015----------F
                   1966m           2016----------G
                   1967----@
                   1968---------E
                   1969--------C
                   1970-----A
                   1971---b
                   1972---a
                   1973----@
                   1974---a
                   1975-d
                   1976-----A
                   1977---a
                   1978----@
                   1979h
                   1980---a
   1931-----A      1981-----A
   1932i           1982---------D
   1933--c         1983----------E
   1934h           1984-----A
   1935-e          1985--------C
   1936---a        1986---b
   1937-------B    1987--c
   1938-------B    1988---------D
   1939----------G 1989-------B
   1940---------E  1990---------E
   1941----@       1991------B
   1942--------C   1992-d
   1943---a        1993-f
   1944---a        1994g
   1945--------C   1995------B
   1946-----A      1996---------D
   1947------B     1997----------F
   1948----@       1998-----A
   1949-d          1999k
PART 5:  CORRELATION OF SERIES BY SEGMENTS:                                                        09:41  Fri 07 Sep 2018  Page   5
------------------------------------------------------------------------------------------------------------------------------------
 Correlations of  50-year dated segments, lagged  10 years
 Flags:  A = correlation under   .3281 but highest as dated;  B = correlation higher at other than dated position

 Seq Series  Time_span   1930 1940 1950 1960 1970 1980
                         1979 1989 1999 2009 2019 2029
 --- -------- ---------  ---- ---- ---- ---- ---- ---- ---- ---- ---- ---- ---- ---- ---- ---- ---- ---- ---- ---- ---- ----
   1 132241   1945 2009        .65  .67  .66
   2 182058   1937 2009   .53  .51  .64  .62
   3 132236   1939 2009   .48  .48  .52  .47
   4 112170   1950 2009             .33A .46
   5 192213   1948 2009        .36  .44  .49
   6 122187   1950 2009             .34B .27A
   7 72458    1946 2009        .47  .52  .58
   8 142521   1953 2009             .76  .75
   9 112215   1936 2009   .28A .33  .56  .54
  10 142484   1938 2009   .51  .49  .65  .63
  11 122180   1940 2009        .69  .70  .67
  12 102279   1950 2009             .45  .58
  13 122146   1955 2009             .52  .53
  14 122131   1969 2009                  .44
  15 122150   1935 2009   .77  .77  .86  .84
  16 122128   1940 2009        .77  .78  .73
  17 122157   1952 2009             .73  .67
  18 122165   1940 2009        .34  .43  .49
  19 122184   1944 2009        .41  .57  .49
  20 122166   1943 2009        .60  .66  .66
  21 122278   1980 2009                            .61
  22 122302   1963 2009                  .25B
  23 142046   1936 2009   .32A .29A .37B .36B
  24 122256A  1947 2016        .36  .38  .37  .34
  25 162432   1962 2005                  .43
  26 112180   1958 2010             .32A .27A .25A
  27 132194   1940 2007        .31A .34B .34B
  28 122164   1937 2003   .64  .69  .45  .44
  29 122275   1954 2009             .36  .32A
  30 112145   1945 2005        .46  .37  .37
  31 102273   1946 2006        .31B .34B .31B
  32 132233   1938 2009   .26B .22B .38  .44
  33 122229   1945 2009        .41B .39B .34
  34 122149   1946 2004        .52  .44  .43
  35 112136   1935 2009   .29A .28A .46  .49
  36 112258   1931 2009   .15B .13B .19A .30A
 Av segment correlation   .42  .45  .50  .49  .30  .61
PART 6:  POTENTIAL PROBLEMS:                                                                       09:41  Fri 07 Sep 2018  Page   5
------------------------------------------------------------------------------------------------------------------------------------

 For each series with potential problems the following diagnostics may appear:

 [A] Correlations with master dating series of flagged  50-year segments of series filtered with  32-year spline,
     at every point from ten years earlier (-10) to ten years later (+10) than dated

 [B] Effect of those data values which most lower or raise correlation with master series
     Symbol following year indicates value in series is greater (>) or lesser (<) than master series value

 [C] Year-to-year changes very different from the mean change in other series

 [D] Absent rings (zero values)

 [E] Values which are statistical outliers from mean for the year
====================================================================================================================================

 132241    1945 to  2009      65 years                                                                                    Series   1

 [B] Entire series, effect on correlation (  .610) is:
       Lower   1992> -.034   1994> -.029   1947< -.013   2009< -.013   2006> -.013   1955< -.010  Higher   1966  .127   1979  .029

====================================================================================================================================

 182058    1937 to  2009      73 years                                                                                    Series   2

 [B] Entire series, effect on correlation (  .534) is:
       Lower   1946< -.024   1944> -.022   1986> -.022   1940< -.020   1988< -.017   1945< -.011  Higher   1966  .142   1999  .029

====================================================================================================================================

 132236    1939 to  2009      71 years                                                                                    Series   3

 [B] Entire series, effect on correlation (  .456) is:
       Lower   1979> -.071   1992> -.040   1990< -.028   1988< -.019   2009< -.013   1977> -.012  Higher   1966  .179   1999  .085

 [E] Outliers     2   3.0 SD above or -4.5 SD below mean for year
       1966 -4.8 SD;    1979 +3.3 SD
====================================================================================================================================

 112170    1950 to  2009      60 years                                                                                    Series   4

 [A] Segment   High   -10   -9   -8   -7   -6   -5   -4   -3   -2   -1   +0   +1   +2   +3   +4   +5   +6   +7   +8   +9  +10
    ---------  ----   ---  ---  ---  ---  ---  ---  ---  ---  ---  ---  ---  ---  ---  ---  ---  ---  ---  ---  ---  ---  ---
    1950 1999    0   -.03 -.06  .11  .16  .07 -.03 -.29 -.32 -.12 -.04  .33* .12  .03  .03  .04 -.14 -.18  .19  .06  .30 -.14

 [B] Entire series, effect on correlation (  .368) is:
       Lower   1957< -.093   1966> -.039   1990< -.016   1995< -.013   1987> -.013   1993> -.012  Higher   1999  .097   1997  .023
     1950 to 1999 segment:
       Lower   1957< -.113   1966> -.037   1990< -.018   1995< -.015   1989< -.014   1987> -.014  Higher   1999  .121   1997  .030

====================================================================================================================================

 192213    1948 to  2009      62 years                                                                                    Series   5

 [B] Entire series, effect on correlation (  .428) is:
       Lower   1983< -.060   1992> -.048   1959< -.027   1975> -.027   1956< -.022   1962< -.021  Higher   1966  .093   1999  .044

====================================================================================================================================

 122187    1950 to  2009      60 years                                                                                    Series   6

 [A] Segment   High   -10   -9   -8   -7   -6   -5   -4   -3   -2   -1   +0   +1   +2   +3   +4   +5   +6   +7   +8   +9  +10
    ---------  ----   ---  ---  ---  ---  ---  ---  ---  ---  ---  ---  ---  ---  ---  ---  ---  ---  ---  ---  ---  ---  ---
    1950 1999   -7    .00 -.08  .00  .36*-.03  .01 -.33  .07 -.11  .05  .34| .00  .02 -.21 -.08  .08 -.06  .08 -.08 -.08 -.08
    1960 2009    0   -.03  .24 -.09  .26 -.06  .05 -.22 -.01 -.06 -.02  .27*-.12 -.06 -.17 -.05  .13 -.19  .00    -    -    -

 [B] Entire series, effect on correlation (  .299) is:
       Lower   1982< -.141   1979> -.063   2008< -.048   1971> -.009   1993> -.007   1994> -.007  Higher   1999  .105   1966  .031
     1950 to 1999 segment:
       Lower   1982< -.265   1979> -.081   1976< -.010   1971> -.010   1985< -.008   1993> -.007  Higher   1999  .144   1966  .048
     1960 to 2009 segment:
       Lower   1982< -.146   1979> -.068   2008< -.043   1971> -.009   1993> -.007   1994> -.007  Higher   1999  .117   1966  .036

 [E] Outliers     3   3.0 SD above or -4.5 SD below mean for year
       1979 +3.2 SD;    1982 -6.2 SD;    2008 -5.8 SD
====================================================================================================================================

 72458     1946 to  2009      64 years                                                                                    Series   7

 [B] Entire series, effect on correlation (  .486) is:
       Lower   1960< -.040   1996< -.038   1955< -.022   1995< -.020   1951> -.017   1947< -.015  Higher   1966  .159   1999  .052

====================================================================================================================================

 142521    1953 to  2009      57 years                                                                                    Series   8

 [B] Entire series, effect on correlation (  .735) is:
       Lower   1956< -.024   1975> -.018   2003> -.015   1999> -.014   1974> -.014   1978< -.012  Higher   1966  .078   1979  .026

====================================================================================================================================

 112215    1936 to  2009      74 years                                                                                    Series   9

 [A] Segment   High   -10   -9   -8   -7   -6   -5   -4   -3   -2   -1   +0   +1   +2   +3   +4   +5   +6   +7   +8   +9  +10
    ---------  ----   ---  ---  ---  ---  ---  ---  ---  ---  ---  ---  ---  ---  ---  ---  ---  ---  ---  ---  ---  ---  ---
    1936 1985    0      -    -    -    -    -  .10  .03  .05  .12  .18  .28* .01  .12 -.04 -.15  .04 -.08  .00  .05 -.08 -.09

 [B] Entire series, effect on correlation (  .504) is:
       Lower   1984< -.060   1966> -.036   1936< -.035   1968< -.016   1954< -.014   2008> -.013  Higher   1999  .123   1992  .018
     1936 to 1985 segment:
       Lower   1984< -.078   1936< -.053   1968< -.025   1954< -.021   1966> -.015   1943> -.015  Higher   1979  .028   1956  .024

====================================================================================================================================

 142484    1938 to  2009      72 years                                                                                    Series  10

 [B] Entire series, effect on correlation (  .589) is:
       Lower   1983< -.034   1979> -.030   1945< -.028   1976< -.025   1944> -.016   1970> -.010  Higher   1966  .116   1999  .086

====================================================================================================================================

 122180    1940 to  2009      70 years                                                                                    Series  11

 [B] Entire series, effect on correlation (  .637) is:
       Lower   1955< -.019   2002< -.015   1941> -.015   1989< -.014   1982< -.013   1963> -.010  Higher   1966  .106   1979  .032

====================================================================================================================================

 102279    1950 to  2009      60 years                                                                                    Series  12

 [B] Entire series, effect on correlation (  .470) is:
       Lower   1966> -.044   1955< -.043   1950> -.032   1989< -.022   1956< -.012   1964> -.012  Higher   1999  .178   2000  .013

====================================================================================================================================

 122146    1955 to  2009      55 years                                                                                    Series  13

 [B] Entire series, effect on correlation (  .508) is:
       Lower   1966> -.043   1955< -.029   2005< -.021   1971> -.017   1973> -.012   1983< -.012  Higher   1999  .124   1997  .017

====================================================================================================================================

 122131    1969 to  2009      41 years                                                                                    Series  14

 [B] Entire series, effect on correlation (  .439) is:
       Lower   1972< -.147   1986> -.025   1973> -.024   2007> -.012   1974> -.009   2006> -.009  Higher   1994  .039   1979  .037

====================================================================================================================================

 122150    1935 to  2009      75 years                                                                                    Series  15

 [B] Entire series, effect on correlation (  .760) is:
       Lower   1940< -.027   1944> -.014   2002< -.011   1941> -.011   1938< -.008   1994> -.007  Higher   1966  .065   1999  .045

====================================================================================================================================

 122128    1940 to  2009      70 years                                                                                    Series  16

 [B] Entire series, effect on correlation (  .684) is:
       Lower   1999> -.041   1944> -.015   2003< -.014   2009< -.014   1940< -.013   1998> -.009  Higher   1966  .087   1979  .021

 [E] Outliers     1   3.0 SD above or -4.5 SD below mean for year
       1966 -5.5 SD
====================================================================================================================================

 122157    1952 to  2009      58 years                                                                                    Series  17

 [B] Entire series, effect on correlation (  .679) is:
       Lower   1982< -.031   2006> -.027   1975> -.026   1992> -.020   2003> -.016   1979> -.010  Higher   1966  .113   1999  .061

====================================================================================================================================

 122165    1940 to  2009      70 years                                                                                    Series  18

 [B] Entire series, effect on correlation (  .422) is:
       Lower   1963< -.078   1952> -.032   1975> -.014   1985< -.012   1968< -.011   1947< -.009  Higher   1966  .068   1999  .039

 [E] Outliers     1   3.0 SD above or -4.5 SD below mean for year
       1952 +3.2 SD
====================================================================================================================================

 122184    1944 to  2009      66 years                                                                                    Series  19

 [B] Entire series, effect on correlation (  .488) is:
       Lower   1966> -.044   2008> -.030   1994> -.023   2009< -.017   2004< -.016   1944< -.015  Higher   1999  .151   1979  .020

====================================================================================================================================

 122166    1943 to  2009      67 years                                                                                    Series  20

 [B] Entire series, effect on correlation (  .645) is:
       Lower   1954< -.017   1966> -.015   1975> -.015   2008> -.011   1970> -.011   1967< -.011  Higher   1979  .039   1999  .021

====================================================================================================================================

 122278    1980 to  2009      30 years                                                                                    Series  21

 [B] Entire series, effect on correlation (  .615) is:
       Lower   1993> -.056   1992> -.045   1988< -.032   1995< -.027   2003> -.025   1991> -.012  Higher   1999  .360   2009  .017

====================================================================================================================================

 122302    1963 to  2009      47 years                                                                                    Series  22

 [A] Segment   High   -10   -9   -8   -7   -6   -5   -4   -3   -2   -1   +0   +1   +2   +3   +4   +5   +6   +7   +8   +9  +10
    ---------  ----   ---  ---  ---  ---  ---  ---  ---  ---  ---  ---  ---  ---  ---  ---  ---  ---  ---  ---  ---  ---  ---
    1963 2009   -1    .03  .16 -.04  .09 -.12  .10 -.17 -.02  .13  .26* .25|-.20 -.18 -.22  .03  .22  .18  .07    -    -    -

 [B] Entire series, effect on correlation (  .254) is:
       Lower   1980< -.077   1969< -.040   1968< -.032   1979> -.025   1966> -.021   1967< -.016  Higher   1999  .031   1997  .030
     1963 to 2009 segment:
       Lower   1980< -.077   1969< -.040   1968< -.032   1979> -.025   1966> -.021   1967< -.016  Higher   1999  .031   1997  .030

====================================================================================================================================

 142046    1936 to  2009      74 years                                                                                    Series  23

 [A] Segment   High   -10   -9   -8   -7   -6   -5   -4   -3   -2   -1   +0   +1   +2   +3   +4   +5   +6   +7   +8   +9  +10
    ---------  ----   ---  ---  ---  ---  ---  ---  ---  ---  ---  ---  ---  ---  ---  ---  ---  ---  ---  ---  ---  ---  ---
    1936 1985    0      -    -    -    -    - -.34 -.19 -.07  .30  .10  .32* .09  .06  .08 -.14  .26  .11 -.22 -.09 -.13 -.20
    1940 1989    0      -  .04  .06 -.04 -.16 -.28 -.24 -.02  .27  .10  .29* .04  .07  .02 -.13  .26  .09 -.19 -.13 -.12 -.18
    1950 1999    5   -.14 -.05  .22  .06 -.13 -.28 -.29 -.18  .35  .18  .37| .08 -.21 -.08 -.19  .41* .15 -.10 -.16 -.16 -.14
    1960 2009    5   -.24  .01  .22  .14 -.08 -.20 -.23 -.22  .30  .10  .36| .03 -.28 -.12 -.22  .47* .15 -.03    -    -    -

 [B] Entire series, effect on correlation (  .440) is:
       Lower   1979> -.119   1981< -.076   1999> -.030   1974< -.008   1968< -.006   1986> -.006  Higher   1966  .047   1994  .026
     1936 to 1985 segment:
       Lower   1979> -.192   1981< -.107   1968< -.009   1975> -.007   1970> -.005   1971> -.005  Higher   1966  .115   1939  .041
     1940 to 1989 segment:
       Lower   1979> -.191   1981< -.107   1986> -.008   1968< -.008   1975> -.007   1974< -.005  Higher   1966  .124   1954  .033
     1950 to 1999 segment:
       Lower   1979> -.138   1981< -.092   1999> -.029   1974< -.010   1968< -.007   1986> -.006  Higher   1966  .067   1994  .034
     1960 to 2009 segment:
       Lower   1979> -.141   1981< -.089   1999> -.029   1974< -.008   1986> -.007   1975> -.006  Higher   1966  .071   1994  .037

 [E] Outliers     1   3.0 SD above or -4.5 SD below mean for year
       1979 +4.4 SD
====================================================================================================================================

 122256A   1947 to  2016      70 years                                                                                    Series  24

 [*] Later part of series cannot be checked from 2011 to 2016 -- not matched by another series

 [B] Entire series, effect on correlation (  .320) is:
       Lower   1954< -.037   1966> -.031   2004< -.030   2010< -.026   1973< -.025   1979> -.020  Higher   1992  .026   1994  .023

====================================================================================================================================

 162432    1962 to  2005      44 years                                                                                    Series  25

 [B] Entire series, effect on correlation (  .426) is:
       Lower   1970< -.101   1999> -.096   2004< -.028   1995< -.011   1963> -.007   1996< -.007  Higher   1966  .042   1979  .032

====================================================================================================================================

 112180    1958 to  2010      53 years                                                                                    Series  26

 [A] Segment   High   -10   -9   -8   -7   -6   -5   -4   -3   -2   -1   +0   +1   +2   +3   +4   +5   +6   +7   +8   +9  +10
    ---------  ----   ---  ---  ---  ---  ---  ---  ---  ---  ---  ---  ---  ---  ---  ---  ---  ---  ---  ---  ---  ---  ---
    1958 2007    0   -.09 -.10  .03 -.11 -.01  .04  .18 -.17 -.12  .02  .32* .07  .00  .10 -.13  .05 -.21  .13  .03 -.11    -
    1960 2009    0    .05 -.02  .05 -.10  .01  .03  .11 -.21 -.14  .03  .27* .03 -.01  .08 -.14  .01 -.25  .16    -    -    -
    1961 2010    0    .08 -.02  .07 -.11  .03  .05  .10 -.22 -.15  .06  .25* .03 -.01  .07 -.08  .04 -.25    -    -    -    -

 [B] Entire series, effect on correlation (  .257) is:
       Lower   2009< -.048   2000< -.047   1994> -.042   1993> -.032   2010> -.021   2002< -.017  Higher   1979  .154   1966  .034
     1958 to 2007 segment:
       Lower   2000< -.054   1994> -.046   1993> -.036   2002< -.020   1970< -.008   1990< -.008  Higher   1979  .143   1966  .029
     1960 to 2009 segment:
       Lower   2009< -.049   2000< -.048   1994> -.048   1993> -.037   2002< -.016   1970< -.007  Higher   1979  .155   1966  .029
     1961 to 2010 segment:
       Lower   2009< -.049   2000< -.048   1994> -.044   1993> -.034   2010> -.022   2002< -.017  Higher   1979  .157   1966  .033

 [C] Year-to-year changes diverging by over 4.0 std deviations:
       2009 2010   4.4 SD

 [E] Outliers     2   3.0 SD above or -4.5 SD below mean for year
       1993 +3.1 SD;    1994 +3.6 SD
====================================================================================================================================

 132194    1940 to  2007      68 years                                                                                    Series  27

 [A] Segment   High   -10   -9   -8   -7   -6   -5   -4   -3   -2   -1   +0   +1   +2   +3   +4   +5   +6   +7   +8   +9  +10
    ---------  ----   ---  ---  ---  ---  ---  ---  ---  ---  ---  ---  ---  ---  ---  ---  ---  ---  ---  ---  ---  ---  ---
    1940 1989    0      - -.09 -.01 -.02 -.01  .03  .24 -.01  .08  .18  .31*-.04 -.05 -.30 -.11 -.17 -.04  .04  .12 -.05 -.02
    1950 1999    7   -.22 -.25 -.03 -.08  .00  .19 -.02  .03 -.11  .06  .34| .05  .24 -.38 -.16 -.13  .02  .36*-.20 -.01 -.11
    1958 2007    7   -.30 -.27  .02  .04  .05  .15 -.07 -.03 -.19 -.03  .34| .07  .28 -.38 -.14 -.10  .06  .40*-.18  .07    -

 [B] Entire series, effect on correlation (  .297) is:
       Lower   1997< -.072   1967< -.017   1940< -.017   1993> -.015   1943> -.013   1966> -.012  Higher   1979  .058   1992  .024
     1940 to 1989 segment:
       Lower   1967< -.037   1940< -.035   1943> -.026   1954< -.022   1974> -.021   1945< -.019  Higher   1979  .126   1951  .029
     1950 to 1999 segment:
       Lower   1997< -.086   1966> -.027   1967< -.020   1993> -.019   1974> -.012   1954< -.011  Higher   1979  .060   1951  .014
     1958 to 2007 segment:
       Lower   1997< -.090   1967< -.022   1966> -.021   1993> -.018   2003> -.014   1974> -.012  Higher   1979  .066   1995  .012

====================================================================================================================================

 122164    1937 to  2003      67 years                                                                                    Series  28

 [B] Entire series, effect on correlation (  .459) is:
       Lower   1999> -.123   1995< -.028   1970< -.024   1994> -.020   2003> -.014   1998> -.012  Higher   1979  .057   1966  .053

 [E] Outliers     1   3.0 SD above or -4.5 SD below mean for year
       1999 +4.1 SD
====================================================================================================================================

 122275    1954 to  2009      56 years                                                                                    Series  29

 [A] Segment   High   -10   -9   -8   -7   -6   -5   -4   -3   -2   -1   +0   +1   +2   +3   +4   +5   +6   +7   +8   +9  +10
    ---------  ----   ---  ---  ---  ---  ---  ---  ---  ---  ---  ---  ---  ---  ---  ---  ---  ---  ---  ---  ---  ---  ---
    1960 2009    0   -.20  .18 -.07  .23  .20 -.07  .13 -.33  .14 -.12  .32* .06 -.05 -.04 -.12 -.05  .25  .18    -    -    -

 [B] Entire series, effect on correlation (  .310) is:
       Lower   2005< -.040   1968< -.029   1994> -.027   1988< -.022   2008> -.018   1984> -.016  Higher   1999  .060   1975  .019
     1960 to 2009 segment:
       Lower   2005< -.046   1968< -.033   1994> -.027   1988< -.026   2008> -.017   1984> -.015  Higher   1999  .061   2009  .016

====================================================================================================================================

 112145    1945 to  2005      61 years                                                                                    Series  30

 [B] Entire series, effect on correlation (  .416) is:
       Lower   1966> -.063   1999> -.061   1973> -.013   1962< -.013   1995< -.009   1985< -.008  Higher   1979  .061   1968  .016

 [C] Year-to-year changes diverging by over 4.0 std deviations:
       1965 1966   4.5 SD

====================================================================================================================================

 102273    1946 to  2006      61 years                                                                                    Series  31

 [A] Segment   High   -10   -9   -8   -7   -6   -5   -4   -3   -2   -1   +0   +1   +2   +3   +4   +5   +6   +7   +8   +9  +10
    ---------  ----   ---  ---  ---  ---  ---  ---  ---  ---  ---  ---  ---  ---  ---  ---  ---  ---  ---  ---  ---  ---  ---
    1946 1995    8   -.20  .11  .14  .30  .06 -.08 -.15 -.05  .04  .04  .31| .05 -.10 -.13 -.30  .18  .25  .05  .36*-.26 -.27
    1950 1999    8   -.23  .08  .13  .32  .09 -.07 -.19 -.09  .00  .05  .34| .05 -.13 -.14 -.26  .20  .24  .05  .36*-.26 -.31
    1957 2006   -7   -.25 -.03  .16  .45* .00 -.02 -.16  .04 -.03 -.11  .31| .02 -.13 -.24 -.29  .24  .24  .08  .22 -.25 -.17

 [B] Entire series, effect on correlation (  .352) is:
       Lower   1958< -.098   1966> -.062   1969< -.029   1987> -.010   2006< -.008   1964> -.007  Higher   1979  .040   1954  .019
     1946 to 1995 segment:
       Lower   1958< -.124   1966> -.087   1969< -.037   1987> -.012   1955< -.009   1975> -.009  Higher   1979  .056   1954  .030
     1950 to 1999 segment:
       Lower   1958< -.123   1966> -.069   1969< -.035   1987> -.011   1975> -.007   1955< -.007  Higher   1979  .046   1954  .023
     1957 to 2006 segment:
       Lower   1958< -.105   1966> -.069   1969< -.030   1987> -.012   1964> -.008   1975> -.008  Higher   1979  .048   2000  .023

 [E] Outliers     2   3.0 SD above or -4.5 SD below mean for year
       1958 -5.6 SD;    1966 +3.0 SD
====================================================================================================================================

 132233    1938 to  2009      72 years                                                                                    Series  32

 [A] Segment   High   -10   -9   -8   -7   -6   -5   -4   -3   -2   -1   +0   +1   +2   +3   +4   +5   +6   +7   +8   +9  +10
    ---------  ----   ---  ---  ---  ---  ---  ---  ---  ---  ---  ---  ---  ---  ---  ---  ---  ---  ---  ---  ---  ---  ---
    1938 1987    7      -    -    -  .06 -.01 -.04 -.27 -.21 -.01  .09  .26| .02 -.04 -.17 -.02  .00  .10  .34* .08 -.28 -.31
    1940 1989    7      -  .15  .12  .17  .08 -.02 -.19 -.22 -.06  .13  .22| .04 -.02 -.24 -.08 -.07  .12  .35* .14 -.27 -.39

 [B] Entire series, effect on correlation (  .380) is:
       Lower   1966> -.078   1959< -.058   2004< -.017   1990< -.015   1952> -.015   1989> -.014  Higher   1999  .112   1979  .056
     1938 to 1987 segment:
       Lower   1966> -.121   1959< -.087   1952> -.022   1964> -.019   1946< -.019   1960< -.012  Higher   1979  .117   1939  .024
     1940 to 1989 segment:
       Lower   1966> -.111   1959< -.081   1952> -.020   1946< -.017   1964> -.017   1960< -.012  Higher   1979  .120   1968  .021

 [E] Outliers     2   3.0 SD above or -4.5 SD below mean for year
       1966 +3.4 SD;    1989 +3.4 SD
====================================================================================================================================

 122229    1945 to  2009      65 years                                                                                    Series  33

 [A] Segment   High   -10   -9   -8   -7   -6   -5   -4   -3   -2   -1   +0   +1   +2   +3   +4   +5   +6   +7   +8   +9  +10
    ---------  ----   ---  ---  ---  ---  ---  ---  ---  ---  ---  ---  ---  ---  ---  ---  ---  ---  ---  ---  ---  ---  ---
    1945 1994   -1   -.06 -.03 -.04  .02  .06 -.11 -.12 -.34 -.05  .56* .41| .18  .01 -.07 -.04  .13 -.07 -.07 -.05 -.09 -.22
    1950 1999   -1    .06 -.01 -.14  .10 -.01 -.05 -.04 -.34 -.03  .42* .39| .03  .00  .05 -.15  .15 -.09  .02 -.03 -.09 -.21

 [B] Entire series, effect on correlation (  .388) is:
       Lower   1996< -.054   2003< -.050   1992> -.043   1966> -.021   1986> -.015   1976< -.014  Higher   1999  .052   1994  .024
     1945 to 1994 segment:
       Lower   1992> -.075   1966> -.029   1980< -.028   1976< -.028   1967< -.025   1986> -.025  Higher   1994  .038   1968  .029
     1950 to 1999 segment:
       Lower   1996< -.086   1992> -.061   1980< -.021   1986> -.021   1976< -.021   1966> -.019  Higher   1999  .079   1994  .030

====================================================================================================================================

 122149    1946 to  2004      59 years                                                                                    Series  34

 [B] Entire series, effect on correlation (  .447) is:
       Lower   1999> -.061   1961< -.051   1966> -.047   1980< -.022   1996< -.007   2003> -.005  Higher   1979  .079   1988  .017

 [E] Outliers     1   3.0 SD above or -4.5 SD below mean for year
       1979 -5.1 SD
====================================================================================================================================

 112136    1935 to  2009      75 years                                                                                    Series  35

 [A] Segment   High   -10   -9   -8   -7   -6   -5   -4   -3   -2   -1   +0   +1   +2   +3   +4   +5   +6   +7   +8   +9  +10
    ---------  ----   ---  ---  ---  ---  ---  ---  ---  ---  ---  ---  ---  ---  ---  ---  ---  ---  ---  ---  ---  ---  ---
    1935 1984    0      -    -    -    -    -    -  .13  .18 -.04  .26  .29* .06 -.14 -.15 -.41  .01 -.22  .01  .14  .08 -.08
    1940 1989    0      - -.03 -.17  .02  .00  .02  .13  .14 -.05  .17  .28* .08 -.13 -.16 -.41 -.02 -.26  .07  .17  .11  .01

 [B] Entire series, effect on correlation (  .467) is:
       Lower   1954< -.041   1966> -.023   1978< -.018   1975> -.017   1967< -.016   1973> -.012  Higher   1999  .060   1994  .018
     1935 to 1984 segment:
       Lower   1954< -.073   1978< -.031   1967< -.030   1975> -.024   1973> -.017   1970< -.017  Higher   1939  .043   1979  .031
     1940 to 1989 segment:
       Lower   1954< -.070   1978< -.029   1967< -.028   1975> -.025   1973> -.017   1970< -.015  Higher   1979  .028   1988  .026

====================================================================================================================================

 112258    1931 to  2009      79 years                                                                                    Series  36

 [*] Early part of series cannot be checked from 1931 to 1934 -- not matched by another series

 [A] Segment   High   -10   -9   -8   -7   -6   -5   -4   -3   -2   -1   +0   +1   +2   +3   +4   +5   +6   +7   +8   +9  +10
    ---------  ----   ---  ---  ---  ---  ---  ---  ---  ---  ---  ---  ---  ---  ---  ---  ---  ---  ---  ---  ---  ---  ---
    1935 1984    1      -    -    -    -    -    - -.23 -.02 -.01  .05  .15| .21* .16 -.07  .00 -.15 -.02  .06 -.06 -.04 -.19
    1940 1989   -8      - -.09  .26*-.07  .10  .11 -.15  .03  .00  .08  .13| .19  .17 -.17 -.07 -.22 -.07  .13 -.02  .01 -.22
    1950 1999    0    .01 -.25  .14  .05  .12  .05 -.04 -.03  .01  .18  .19* .12  .07 -.21 -.08 -.01 -.01  .13 -.11 -.01 -.29
    1960 2009    0   -.21  .02  .00  .19  .04  .14  .04 -.22 -.11  .01  .30* .11  .07 -.12 -.08  .15 -.07  .16    -    -    -

 [B] Entire series, effect on correlation (  .305) is:
       Lower   1966> -.121   1954< -.022   1950> -.021   1985< -.018   1996< -.012   1990< -.011  Higher   1999  .037   2009  .020
     1935 to 1984 segment:
       Lower   1966> -.177   1954< -.032   1950> -.028   1936> -.013   1984> -.012   1968< -.009  Higher   1949  .055   1951  .039
     1940 to 1989 segment:
       Lower   1966> -.189   1954< -.031   1950> -.030   1985< -.025   1984> -.013   1965> -.009  Higher   1949  .062   1951  .042
     1950 to 1999 segment:
       Lower   1966> -.173   1954< -.034   1950> -.031   1985< -.029   1996< -.018   1990< -.015  Higher   1999  .084   1988  .033
     1960 to 2009 segment:
       Lower   1966> -.186   1985< -.034   1996< -.022   1990< -.020   1984> -.019   1968< -.011  Higher   1999  .076   2009  .033

 [E] Outliers     1   3.0 SD above or -4.5 SD below mean for year
       1966 +4.6 SD
====================================================================================================================================
PART 7:  DESCRIPTIVE STATISTICS:                                                                   09:41  Fri 07 Sep 2018  Page   6
------------------------------------------------------------------------------------------------------------------------------------

                                                Corr   //-------- Unfiltered --------\\  //---- Filtered -----\\
                           No.    No.    No.    with   Mean   Max     Std   Auto   Mean   Max     Std   Auto  AR
 Seq Series   Interval   Years  Segmt  Flags   Master  msmt   msmt    dev   corr   sens  value    dev   corr  ()
 --- -------- ---------  -----  -----  -----   ------ -----  -----  -----  -----  -----  -----  -----  -----  --
   1 132241   1945 2009     65      3      0    .610   1.46   3.28   .577   .663   .266   2.51   .391  -.029   1
   2 182058   1937 2009     73      4      0    .534   1.67   4.99  1.066   .751   .372   2.52   .384  -.015   1
   3 132236   1939 2009     71      4      0    .456   1.48   2.72   .597   .508   .323   2.36   .370  -.012   1
   4 112170   1950 2009     60      2      1    .368   1.52   4.95   .973   .584   .331   2.63   .492  -.076   1
   5 192213   1948 2009     62      3      0    .428   3.25   7.30  1.665   .800   .210   2.97   .694   .048   4
   6 122187   1950 2009     60      2      2    .299   1.70   2.93   .530   .584   .232   2.39   .407  -.023   1
   7 72458    1946 2009     64      3      0    .486   1.16   3.30   .662   .600   .308   2.58   .430  -.082   1
   8 142521   1953 2009     57      2      0    .735   2.87   6.54  1.345   .659   .263   2.49   .359  -.002   1
   9 112215   1936 2009     74      4      1    .504    .78   2.69   .557   .880   .211   2.55   .440  -.063   1
  10 142484   1938 2009     72      4      0    .589   3.58   6.65  1.480   .552   .315   2.51   .420   .038   1
  11 122180   1940 2009     70      3      0    .637   1.62   7.71  1.206   .558   .337   2.92   .422  -.002   2
  12 102279   1950 2009     60      2      0    .470   1.29   2.61   .552   .829   .217   2.68   .392  -.070   1
  13 122146   1955 2009     55      2      0    .508   2.89   4.42   .734   .534   .202   2.70   .552   .030   1
  14 122131   1969 2009     41      1      0    .439   2.08   5.53  1.144   .514   .335   2.60   .490  -.083   2
  15 122150   1935 2009     75      4      0    .760   1.95   4.41   .853   .587   .296   2.52   .399  -.003   1
  16 122128   1940 2009     70      3      0    .684   1.33   4.28   .875   .758   .329   2.42   .330  -.067   1
  17 122157   1952 2009     58      2      0    .679   3.20   5.61   .913   .293   .301   2.63   .394   .049   1
  18 122165   1940 2009     70      3      0    .422   1.28   6.02  1.103   .656   .325   2.66   .440  -.021   1
  19 122184   1944 2009     66      3      0    .488   1.44   5.12   .893   .877   .199   2.61   .411  -.086   1
  20 122166   1943 2009     67      3      0    .645   1.84   4.14   .764   .639   .231   2.66   .495  -.019   1
  21 122278   1980 2009     30      1      0    .615   3.34   4.44   .616   .227   .182   2.38   .440  -.055   3
  22 122302   1963 2009     47      1      1    .254    .76   5.83   .917   .879   .330   2.64   .547  -.001   1
  23 142046   1936 2009     74      4      4    .440   1.45   5.15   .738   .457   .314   2.83   .479   .071   1
  24 122256A  1947 2016     70      4      0    .320    .61   3.28   .588   .948   .264   2.94   .585   .097   1
  25 162432   1962 2005     44      1      0    .426   2.63   4.69  1.272   .515   .417   2.49   .532   .120   4
  26 112180   1958 2010     53      3      3    .257   1.55   3.93   .664   .756   .223   2.50   .409  -.051   1
  27 132194   1940 2007     68      3      3    .297   1.26   3.85   .822   .807   .293   2.41   .379  -.112   1
  28 122164   1937 2003     67      4      0    .459   1.30   4.77  1.105   .861   .280   2.92   .645  -.031   1
  29 122275   1954 2009     56      2      1    .310   1.09   4.12   .908   .886   .242   2.71   .507  -.092   2
  30 112145   1945 2005     61      3      0    .416   1.67   4.68  1.161   .892   .257   2.62   .424   .058   1
  31 102273   1946 2006     61      3      3    .352   1.66   3.76   .729   .508   .317   2.76   .455  -.025   1
  32 132233   1938 2009     72      4      2    .380   1.80   5.87   .997   .628   .251   3.13   .577   .070   1
  33 122229   1945 2009     65      3      2    .388   1.10   4.05   .933   .905   .215   2.66   .445  -.111   1
  34 122149   1946 2004     59      3      0    .447    .91   3.35   .743   .763   .378   2.57   .382   .087   1
  35 112136   1935 2009     75      4      2    .467   1.27   3.38   .605   .805   .238   2.68   .496   .031   1
  36 112258   1931 2009     79      4      4    .305    .87   2.68   .547   .857   .235   2.71   .469  -.091   2
 --- -------- ---------  -----  -----  -----   ------ -----  -----  -----  -----  -----  -----  -----  -----  --
 Total or mean:           2271    104     29    .471   1.66   7.71   .880   .691   .279   3.13   .456  -.014

                                              - = [  COFECHA PIST COF  ] = -
