[]  Dendrochronology Program Library                                        Run CACO   Program COF  09:47  Sat 26 Jan 2019  Page   1
[]
[]  P R O G R A M      C O F E C H A                                                                          Version 6.06P    30708
------------------------------------------------------------------------------------------------------------------------------------

 QUALITY CONTROL AND DATING CHECK OF TREE-RING MEASUREMENTS

 File of DATED series:   caco_drop.rwl

 CONTENTS:

    Part 1:  Title page, options selected, summary, absent rings by series
    Part 2:  Histogram of time spans
    Part 3:  Master series with sample depth and absent rings by year
    Part 4:  Bar plot of Master Dating Series
    Part 5:  Correlation by segment of each series with Master
    Part 6:  Potential problems: low correlation, divergent year-to-year changes, absent rings, outliers
    Part 7:  Descriptive statistics

 RUN CONTROL OPTIONS SELECTED                             VALUE

         1  Cubic smoothing spline 50% wavelength cutoff for filtering
                                                            32 years
         2  Segments examined are                           50 years lagged successively by  10 years
         3  Autoregressive model applied                     A  Residuals are used in master dating series and testing
         4  Series transformed to logarithms                 Y  Each series log-transformed for master dating series and testing
         5  CORRELATION is Pearson (parametric, quantitative)
            Critical correlation, 99% confidence level   .3281
         6  Master dating series saved                       N
         7  Ring measurements listed                         N
         8  Parts printed                              1234567 
         9  Absent rings are omitted from master series and segment correlations  (Y)

 Time span of Master dating series is  1889 to  2017   129 years
 Continuous time span is               1889 to  2017   129 years
 Portion with two or more series is    1894 to  2017   124 years


                                        ****************************************
                                        *C* Number of dated series        18 *C*
                                        *O* Master series 1889 2017  129 yrs *O*
                                        *F* Total rings in all series   1581 *F*
                                        *E* Total dated rings checked   1576 *E*
                                        *C* Series intercorrelation     .364 *C*
                                        *H* Average mean sensitivity    .286 *H*
                                        *A* Segments, possible problems   32 *A*
                                        *** Mean length of series       87.8 ***
                                        ****************************************

 ABSENT RINGS listed by SERIES:            (See Master Dating Series for absent rings listed by year)

 142220      1 absent rings:   1923
 160989A     1 absent rings:   1966
 101092A     1 absent rings:   1977

             3 absent rings    .190%
PART 2:  TIME PLOT OF TREE-RING SERIES:                                                            09:47  Sat 26 Jan 2019  Page   2
------------------------------------------------------------------------------------------------------------------------------------
 1050 1100 1150 1200 1250 1300 1350 1400 1450 1500 1550 1600 1650 1700 1750 1800 1850 1900 1950 2000 2050 Ident   Seq Time-span  Yrs
   :    :    :    :    :    :    :    :    :    :    :    :    :    :    :    :    :    :    :    :    : -------- --- ---- ---- ----
   .    .    .    .    .    .    .    .    .    .    .    .    .    .    .    .    .    .   <======>   . 70622A     1 1940 2013   74
   .    .    .    .    .    .    .    .    .    .    .    .    .    .    .    .    .   <===========>   . 132010A    2 1894 2015  122
   .    .    .    .    .    .    .    .    .    .    .    .    .    .    .    .    .    <==========>   . 132018A    3 1909 2015  107
   .    .    .    .    .    .    .    .    .    .    .    .    .    .    .    .    .    .    .<====>   . 162252A    4 1961 2013   53
   .    .    .    .    .    .    .    .    .    .    .    .    .    .    .    .    .    <=========>    . 142220     5 1908 2009  102
   .    .    .    .    .    .    .    .    .    .    .    .    .    .    .    .    .    .  <=======>   . 151006A    6 1938 2016   79
   .    .    .    .    .    .    .    .    .    .    .    .    .    .    .    .    .    .<=========>   . 160989A    7 1916 2016  101
   .    .    .    .    .    .    .    .    .    .    .    .    .    .    .    .    .    .   <======>   . 142210A    8 1944 2017   74
   .    .    .    .    .    .    .    .    .    .    .    .    .    .    .    .    .    .  <=======>   . 20605A     9 1936 2014   79
   .    .    .    .    .    .    .    .    .    .    .    .    .    .    .    .    .    .<=========>   . 52059A    10 1917 2012   96
   .    .    .    .    .    .    .    .    .    .    .    .    .    .    .    .    .    <==========>   . 152151A   11 1904 2013  110
   .    .    .    .    .    .    .    .    .    .    .    .    .    .    .    .    .    . <========>   . 50488A    12 1922 2010   89
   .    .    .    .    .    .    .    .    .    .    .    .    .    .    .    .    .    .   <=====>    . 80398A    13 1942 2008   67
   .    .    .    .    .    .    .    .    .    .    .    .    .    .    .    .    .    . <=======>    . 101092A   14 1923 2006   84
   .    .    .    .    .    .    .    .    .    .    .    .    .    .    .    .    .  <============>   . 40952A    15 1889 2017  129
   .    .    .    .    .    .    .    .    .    .    .    .    .    .    .    .    .    .  <======>    . 030525A   16 1933 2008   76
   .    .    .    .    .    .    .    .    .    .    .    .    .    .    .    .    .    .    .<====>   . 152118A   17 1967 2012   46
   .    .    .    .    .    .    .    .    .    .    .    .    .    .    .    .    .    .<========>    . 111190A   18 1917 2009   93
   :    :    :    :    :    :    :    :    :    :    :    :    :    :    :    :    :    :    :    :    :
 1050 1100 1150 1200 1250 1300 1350 1400 1450 1500 1550 1600 1650 1700 1750 1800 1850 1900 1950 2000 2050
PART 3:  Master Dating Series:                                                                     09:47  Sat 26 Jan 2019  Page   3
------------------------------------------------------------------------------------------------------------------------------------
  Year  Value  No Ab    Year  Value  No Ab    Year  Value  No Ab    Year  Value  No Ab    Year  Value  No Ab    Year  Value  No Ab
  ------------------    ------------------    ------------------    ------------------    ------------------    ------------------
                        1900 -2.688   2       1950   .158  16       2000  -.135  18
                        1901  -.037   2       1951   .029  16       2001   .881  18
                        1902   .090   2       1952 -2.128  16       2002   .308  18
                        1903  2.668   2       1953  -.757  16       2003   .266  18
                        1904  1.624   3       1954  -.483  16       2004   .096  18
                        1905  -.743   3       1955   .583  16       2005   .322  18
                        1906  -.689   3       1956   .884  16       2006  -.962  18
                        1907  -.663   3       1957  1.070  16       2007  -.891  17
                        1908  -.069   4       1958  1.593  16       2008  -.366  17
                        1909   .332   5       1959  -.308  16       2009  -.892  15

                        1910   .579   5       1960   .960  16       2010  -.758  13
                        1911 -1.969   5       1961  1.148  17       2011   .806  12
                        1912   .121   5       1962  -.567  17       2012   .716  12
                        1913  -.884   5       1963  -.607  17       2013   .254  10
                        1914  -.289   5       1964 -1.407  17       2014   .440   7
                        1915   .815   5       1965  -.455  17       2015  -.054   6
                        1916  2.524   6       1966 -3.074  17  1    2016   .300   4
                        1917   .255   8       1967  -.374  18       2017  2.058   2
                        1918  -.814   8       1968   .520  18
                        1919   .289   8       1969   .430  18

                        1920 -1.010   8       1970  1.365  18
                        1921  -.131   8       1971   .254  18
                        1922  -.388   9       1972   .759  18
                        1923 -1.335  10  1    1973   .879  18
                        1924  1.103  10       1974   .777  18
                        1925  -.854  10       1975   .927  18
                        1926  -.632  10       1976   .352  18
                        1927   .585  10       1977 -1.342  18  1
                        1928   .804  10       1978   .465  18
                        1929  1.618  10       1979  -.398  18

                        1930  -.033  10       1980  -.718  18
                        1931  -.641  10       1981  -.776  18
                        1932   .265  10       1982   .123  18
                        1933   .299  11       1983  -.271  18
                        1934  -.668  11       1984  -.438  18
                        1935   .827  11       1985   .469  18
                        1936   .540  12       1986   .545  18
                        1937  -.265  12       1987 -1.868  18
                        1938   .352  13       1988  -.299  18
  1889 -1.408   1       1939 -1.731  13       1989   .359  18

  1890 -2.060   1       1940   .289  14       1990   .655  18
  1891 -1.217   1       1941   .941  14       1991  -.643  18
  1892  -.628   1       1942   .243  15       1992  -.858  18
  1893  -.154   1       1943   .397  15       1993  1.230  18
  1894   .536   2       1944  -.980  16       1994   .208  18
  1895  3.294   2       1945   .129  16       1995  -.251  18
  1896  1.952   2       1946   .129  16       1996  -.381  18
  1897  1.148   2       1947  -.338  16       1997   .522  18
  1898  -.837   2       1948  -.183  16       1998   .669  18
  1899 -1.894   2       1949  -.002  16       1999  -.437  18
------------------------------------------------------------------------------------------------------------------------------------
PART 4:  Master Bar Plot:                                                                          09:47  Sat 26 Jan 2019  Page   4
------------------------------------------------------------------------------------------------------------------------------------
   Year Rel value  Year Rel value  Year Rel value  Year Rel value  Year Rel value  Year Rel value  Year Rel value  Year Rel value
                   1900k           1950-----A      2000----a
                   1901-----@      1951-----@      2001---------D
                   1902-----@      1952i           2002------A
                   1903----------K 1953--c         2003------A
                   1904----------F 1954---b        2004-----@
                   1905--c         1955--------B   2005------A
                   1906--c         1956---------D  2006-d
                   1907--c         1957---------D  2007-d
                   1908----@       1958----------F 2008---a
                   1909------A     1959---a        2009-d
                   1910--------B   1960---------D  2010--c
                   1911h           1961---------E  2011---------C
                   1912-----@      1962--b         2012--------C
                   1913-d          1963--b         2013------A
                   1914----a       1964f           2014-------B
                   1915---------C  1965---b        2015----@
                   1916----------J 1966l           2016------A
                   1917------A     1967---a        2017----------H
                   1918-c          1968-------B
                   1919------A     1969-------B
                   1920-d          1970----------E
                   1921----a       1971------A
                   1922---b        1972--------C
                   1923-e          1973---------D
                   1924---------D  1974---------C
                   1925-c          1975---------D
                   1926--c         1976-------A
                   1927--------B   1977-e
                   1928---------C  1978-------B
                   1929----------F 1979---b
                   1930-----@      1980--c
                   1931--c         1981-c
                   1932------A     1982-----@
                   1933------A     1983----a
                   1934--c         1984---b
                   1935---------C  1985-------B
                   1936-------B    1986--------B
                   1937----a       1987g
                   1938-------A    1988---a
   1889f           1939g           1989-------A
   1890h           1940------A     1990--------C
   1891-e          1941---------D  1991--c
   1892--c         1942------A     1992-c
   1893----a       1943-------B    1993---------E
   1894-------B    1944-d          1994------A
   1895----------M 1945-----A      1995----a
   1896----------H 1946-----A      1996---b
   1897---------E  1947---a        1997-------B
   1898-c          1948----a       1998--------C
   1899h           1949-----@      1999---b
PART 5:  CORRELATION OF SERIES BY SEGMENTS:                                                        09:47  Sat 26 Jan 2019  Page   5
------------------------------------------------------------------------------------------------------------------------------------
 Correlations of  50-year dated segments, lagged  10 years
 Flags:  A = correlation under   .3281 but highest as dated;  B = correlation higher at other than dated position

 Seq Series  Time_span   1890 1900 1910 1920 1930 1940 1950 1960 1970
                         1939 1949 1959 1969 1979 1989 1999 2009 2019
 --- -------- ---------  ---- ---- ---- ---- ---- ---- ---- ---- ---- ---- ---- ---- ---- ---- ---- ---- ---- ---- ---- ----
   1 70622A   1940 2013                            .44  .45  .31A .31A
   2 132010A  1894 2015   .51  .49  .57  .67  .65  .57  .60  .53  .41
   3 132018A  1909 2015        .42  .43  .45  .46  .54  .54  .59  .54
   4 162252A  1961 2013                                      .31B .28A
   5 142220   1908 2009        .39  .45  .39  .54  .51  .49  .40
   6 151006A  1938 2016                       .19B .21B .26A .27A .12B
   7 160989A  1916 2016             .29A .28A .32A .38  .42  .26B .31A
   8 142210A  1944 2017                            .41  .39  .42  .39
   9 20605A   1936 2014                       .28A .42  .51  .46  .44
  10 52059A   1917 2012             .33A .25B .29A .27B .38  .40  .34
  11 152151A  1904 2013        .46  .50  .65  .62  .57  .57  .52  .49
  12 50488A   1922 2010                  .35  .33  .44  .46  .30A .33
  13 80398A   1942 2008                            .34  .36  .21B
  14 101092A  1923 2006                  .34B .34  .35  .33  .37
  15 40952A   1889 2017   .26A .19B .25A .38  .53  .61  .69  .59  .37
  16 030525A  1933 2008                       .31A .46  .45  .33
  17 152118A  1967 2012                                      .27B
  18 111190A  1917 2009             .22B .22B .21A .16B .35  .24B
 Av segment correlation   .38  .39  .38  .40  .39  .42  .45  .38  .36
PART 6:  POTENTIAL PROBLEMS:                                                                       09:47  Sat 26 Jan 2019  Page   5
------------------------------------------------------------------------------------------------------------------------------------

 For each series with potential problems the following diagnostics may appear:

 [A] Correlations with master dating series of flagged  50-year segments of series filtered with  32-year spline,
     at every point from ten years earlier (-10) to ten years later (+10) than dated

 [B] Effect of those data values which most lower or raise correlation with master series
     Symbol following year indicates value in series is greater (>) or lesser (<) than master series value

 [C] Year-to-year changes very different from the mean change in other series

 [D] Absent rings (zero values)

 [E] Values which are statistical outliers from mean for the year
====================================================================================================================================

 70622A    1940 to  2013      74 years                                                                                    Series   1

 [A] Segment   High   -10   -9   -8   -7   -6   -5   -4   -3   -2   -1   +0   +1   +2   +3   +4   +5   +6   +7   +8   +9  +10
    ---------  ----   ---  ---  ---  ---  ---  ---  ---  ---  ---  ---  ---  ---  ---  ---  ---  ---  ---  ---  ---  ---  ---
    1960 2009    0   -.31 -.05 -.22 -.12 -.25 -.10  .15  .03 -.02  .02  .31* .11 -.08  .15  .03 -.04  .16  .22 -.10    -    -
    1964 2013    0   -.31 -.03 -.25 -.05 -.25 -.14  .16  .01 -.09  .03  .31* .14 -.06  .19 -.06    -    -    -    -    -    -

 [B] Entire series, effect on correlation (  .365) is:
       Lower   2013< -.028   2006> -.022   2001< -.021   1987> -.020   1982< -.019   1980< -.014  Higher   1977  .022   1944  .019
     1960 to 2009 segment:
       Lower   2006> -.030   2001< -.029   1982< -.028   1987> -.024   1980< -.018   2003< -.014  Higher   1977  .033   1966  .033
     1964 to 2013 segment:
       Lower   2013< -.036   2006> -.032   1987> -.030   2001< -.027   1982< -.025   2003< -.012  Higher   1977  .032   1966  .026

 [E] Outliers     1   3.0 SD above or -4.5 SD below mean for year
       1997 +3.8 SD
====================================================================================================================================

 132010A   1894 to  2015     122 years                                                                                    Series   2

 [B] Entire series, effect on correlation (  .491) is:
       Lower   2014< -.029   1898< -.020   1956< -.015   1904< -.014   1987> -.013   1913> -.011  Higher   1952  .029   1966  .016

====================================================================================================================================

 132018A   1909 to  2015     107 years                                                                                    Series   3

 [B] Entire series, effect on correlation (  .499) is:
       Lower   1952> -.037   1913> -.018   2003< -.014   2009> -.010   2004< -.008   1955< -.007  Higher   1987  .031   1916  .022

====================================================================================================================================

 162252A   1961 to  2013      53 years                                                                                    Series   4

 [A] Segment   High   -10   -9   -8   -7   -6   -5   -4   -3   -2   -1   +0   +1   +2   +3   +4   +5   +6   +7   +8   +9  +10
    ---------  ----   ---  ---  ---  ---  ---  ---  ---  ---  ---  ---  ---  ---  ---  ---  ---  ---  ---  ---  ---  ---  ---
    1961 2010    4    .25 -.08  .09  .01  .04 -.03 -.19  .10 -.12 -.19  .31|-.01  .17 -.08  .40*-.20  .06 -.18    -    -    -
    1964 2013    0    .03 -.01  .09  .16  .13  .04 -.09 -.09  .00 -.18  .28*-.02  .11 -.05  .03    -    -    -    -    -    -

 [B] Entire series, effect on correlation (  .317) is:
       Lower   1985< -.038   1980> -.036   2005< -.018   1996> -.014   1999> -.011   1972< -.010  Higher   1970  .036   1961  .021
     1961 to 2010 segment:
       Lower   1985< -.040   1980> -.036   2005< -.019   1996> -.013   1999> -.011   1972< -.010  Higher   1970  .039   1961  .023
     1964 to 2013 segment:
       Lower   1985< -.061   1980> -.052   2005< -.029   1996> -.021   1972< -.015   1999> -.014  Higher   1970  .053   1966  .051

====================================================================================================================================

 142220    1908 to  2009     102 years                                                                                    Series   5

 [B] Entire series, effect on correlation (  .422) is:
       Lower   1927< -.024   1930> -.017   2007> -.016   1998< -.014   1920> -.012   1980> -.012  Higher   1966  .041   1911  .022

 [C] Year-to-year changes diverging by over 4.0 std deviations:
       1922 1923  -4.0 SD

 [D]    1 Absent rings:  Year   Master  N series Absent
                         1923   -1.335      10       1

 [E] Outliers     1   3.0 SD above or -4.5 SD below mean for year
       1923 -5.1 SD
====================================================================================================================================

 151006A   1938 to  2016      79 years                                                                                    Series   6

 [A] Segment   High   -10   -9   -8   -7   -6   -5   -4   -3   -2   -1   +0   +1   +2   +3   +4   +5   +6   +7   +8   +9  +10
    ---------  ----   ---  ---  ---  ---  ---  ---  ---  ---  ---  ---  ---  ---  ---  ---  ---  ---  ---  ---  ---  ---  ---
    1938 1987    3    .06 -.27 -.21 -.02 -.03 -.09  .11 -.05  .03  .05  .19| .00 -.04  .26*-.09 -.12 -.04  .19  .00 -.12  .02
    1940 1989    3    .03 -.26 -.17 -.02 -.03 -.07  .08 -.10  .09  .05  .21|-.02 -.06  .26*-.14 -.12 -.03  .18 -.01 -.12  .05
    1950 1999    0   -.02 -.26  .00  .16 -.23 -.12  .07  .05  .06 -.12  .26*-.03 -.06  .09 -.08  .01 -.05  .06 -.05 -.23  .01
    1960 2009    0   -.01 -.24  .00  .17 -.27 -.15  .15  .17  .11 -.01  .27*-.05 -.12 -.02 -.15 -.17 -.04 -.06 -.06    -    -
    1967 2016   -7   -.01 -.16  .11  .18*-.19 -.17  .07  .13  .08 -.02  .12|-.06    -    -    -    -    -    -    -    -    -

 [B] Entire series, effect on correlation (  .161) is:
       Lower   1939> -.040   1994< -.033   1945< -.024   1977> -.021   1948> -.017   1989< -.017  Higher   1966  .060   1959  .021
     1938 to 1987 segment:
       Lower   1939> -.055   1945< -.048   1958< -.028   1977> -.027   1948> -.024   1967< -.019  Higher   1966  .095   1959  .027
     1940 to 1989 segment:
       Lower   1945< -.045   1977> -.033   1989< -.030   1948> -.029   1958< -.026   1987> -.022  Higher   1966  .094   1959  .029
     1950 to 1999 segment:
       Lower   1994< -.067   1977> -.035   1987> -.030   1989< -.025   1958< -.022   1967< -.014  Higher   1966  .070   1959  .024
     1960 to 2009 segment:
       Lower   1994< -.075   1977> -.036   1987> -.033   1989< -.030   1967< -.017   1983> -.012  Higher   1966  .076   2006  .025
     1967 to 2016 segment:
       Lower   1977> -.040   1994< -.039   1989< -.027   1987> -.027   1983> -.015   1967< -.014  Higher   2006  .044   2011  .027

====================================================================================================================================

 160989A   1916 to  2016     101 years                                                                                    Series   7

 [A] Segment   High   -10   -9   -8   -7   -6   -5   -4   -3   -2   -1   +0   +1   +2   +3   +4   +5   +6   +7   +8   +9  +10
    ---------  ----   ---  ---  ---  ---  ---  ---  ---  ---  ---  ---  ---  ---  ---  ---  ---  ---  ---  ---  ---  ---  ---
    1916 1965    0    .01 -.06  .12  .01  .03  .00 -.20 -.04  .06  .09  .29*-.23 -.13  .07 -.25  .15 -.02  .03  .09 -.03  .15
    1920 1969    0    .07 -.03  .04  .05  .11  .01 -.19  .01  .04 -.10  .28*-.20 -.11  .11 -.28  .17  .04  .03  .14  .01  .10
    1930 1979    0    .00 -.01 -.06 -.04  .18  .10 -.10 -.02 -.05 -.14  .32*-.13 -.17  .08 -.20  .10 -.01  .05  .31 -.13  .22
    - - - - - - - - - - - - - - - - - - - - - - - - - - - - - - - - - - - - - - - - - - - - - - - - - - - - - - - - - - - - -
    1960 2009    8    .17  .01 -.10  .07 -.16  .06  .06 -.06 -.07 -.17  .26|-.08 -.25  .18 -.06  .05 -.07 -.14  .42*   -    -
    1967 2016    0    .17 -.03 -.08  .06 -.23  .13 -.03 -.13 -.04 -.14  .31*-.09    -    -    -    -    -    -    -    -    -

 [B] Entire series, effect on correlation (  .425) is:
       Lower   1930> -.030   1964> -.028   1917> -.015   1948> -.010   2009> -.010   2014< -.009  Higher   1966  .130   1952  .021
     1916 to 1965 segment:
       Lower   1930> -.073   1964> -.065   1917> -.032   1921< -.024   1948> -.022   1961< -.013  Higher   1952  .079   1939  .044
     1920 to 1969 segment:
       Lower   1930> -.051   1964> -.049   1962> -.018   1948> -.017   1921< -.015   1958< -.010  Higher   1966  .208   1952  .024
     1930 to 1979 segment:
       Lower   1930> -.054   1964> -.051   1962> -.019   1948> -.017   1958< -.014   1961< -.012  Higher   1966  .211   1952  .025
     1960 to 2009 segment:
       Lower   1964> -.053   1962> -.021   2009> -.017   1961< -.012   2001< -.012   1983> -.012  Higher   1966  .247   1987  .009
     1967 to 2016 segment:
       Lower   2009> -.029   2014< -.027   1983> -.021   2010> -.019   2001< -.018   2002> -.018  Higher   1987  .088   1977  .020

 [D]    1 Absent rings:  Year   Master  N series Absent
                         1966   -3.074      17       1

 [E] Outliers     1   3.0 SD above or -4.5 SD below mean for year
       1966 -5.7 SD
====================================================================================================================================

 142210A   1944 to  2017      74 years                                                                                    Series   8

 [B] Entire series, effect on correlation (  .361) is:
       Lower   1959> -.035   1999> -.022   1981> -.021   1961< -.021   1955< -.020   1994> -.017  Higher   1952  .077   1987  .051

====================================================================================================================================

 20605A    1936 to  2014      79 years                                                                                    Series   9

 [A] Segment   High   -10   -9   -8   -7   -6   -5   -4   -3   -2   -1   +0   +1   +2   +3   +4   +5   +6   +7   +8   +9  +10
    ---------  ----   ---  ---  ---  ---  ---  ---  ---  ---  ---  ---  ---  ---  ---  ---  ---  ---  ---  ---  ---  ---  ---
    1936 1985    0    .06 -.20 -.10 -.02 -.16  .04 -.03 -.02  .05  .03  .28*-.10 -.01  .07  .26 -.12 -.33 -.04  .20 -.10  .10

 [B] Entire series, effect on correlation (  .379) is:
       Lower   1966> -.024   1980> -.021   1983< -.020   1943< -.018   1940< -.017   1955< -.015  Higher   1987  .080   1977  .029
     1936 to 1985 segment:
       Lower   1980> -.029   1966> -.025   1943< -.023   1940< -.022   1983< -.022   1955< -.019  Higher   1977  .048   1952  .038

====================================================================================================================================

 52059A    1917 to  2012      96 years                                                                                    Series  10

 [A] Segment   High   -10   -9   -8   -7   -6   -5   -4   -3   -2   -1   +0   +1   +2   +3   +4   +5   +6   +7   +8   +9  +10
    ---------  ----   ---  ---  ---  ---  ---  ---  ---  ---  ---  ---  ---  ---  ---  ---  ---  ---  ---  ---  ---  ---  ---
    1917 1966    0   -.17  .04 -.07  .04  .13  .01  .09  .00 -.16 -.13  .33*-.06 -.14 -.12 -.05  .02 -.03 -.12 -.02  .18 -.22
    1920 1969    9   -.24  .13 -.11  .01  .15  .03  .11 -.04  .05 -.09  .25|-.08 -.20 -.11 -.09 -.04 -.11 -.09 -.08  .25*-.25
    1930 1979    0   -.16  .05 -.13  .01  .08  .07  .23 -.03  .08 -.07  .29*-.01 -.25 -.10 -.10 -.14 -.15 -.06 -.22  .17 -.10
    1940 1989   -4   -.13 -.03 -.28 -.06  .12  .10  .28* .03  .08 -.10  .27| .06 -.16 -.16 -.02 -.12 -.20 -.04 -.26  .25 -.10

 [B] Entire series, effect on correlation (  .273) is:
       Lower   1968< -.054   1944> -.021   1970< -.017   1923> -.016   2012< -.014   1943< -.013  Higher   1966  .077   1987  .012
     1917 to 1966 segment:
       Lower   1944> -.036   1943< -.028   1923> -.026   1952> -.021   1947> -.020   1928< -.020  Higher   1966  .131   1961  .021
     1920 to 1969 segment:
       Lower   1968< -.094   1944> -.033   1923> -.024   1943< -.022   1947> -.018   1952> -.017  Higher   1966  .138   1961  .022
     1930 to 1979 segment:
       Lower   1968< -.093   1944> -.041   1952> -.029   1970< -.027   1947> -.023   1943< -.021  Higher   1966  .135   1961  .021
     1940 to 1989 segment:
       Lower   1968< -.096   1944> -.034   1970< -.029   1943< -.023   1947> -.020   1952> -.019  Higher   1966  .141   1987  .023

====================================================================================================================================

 152151A   1904 to  2013     110 years                                                                                    Series  11

 [B] Entire series, effect on correlation (  .489) is:
       Lower   1981> -.019   1917> -.017   2003> -.015   1922> -.013   1986< -.013   1975< -.012  Higher   1966  .045   1987  .020

 [E] Outliers     1   3.0 SD above or -4.5 SD below mean for year
       1939 -4.9 SD
====================================================================================================================================

 50488A    1922 to  2010      89 years                                                                                    Series  12

 [A] Segment   High   -10   -9   -8   -7   -6   -5   -4   -3   -2   -1   +0   +1   +2   +3   +4   +5   +6   +7   +8   +9  +10
    ---------  ----   ---  ---  ---  ---  ---  ---  ---  ---  ---  ---  ---  ---  ---  ---  ---  ---  ---  ---  ---  ---  ---
    1960 2009    0   -.12 -.15  .04  .01 -.23 -.19 -.14  .03 -.08  .02  .30* .00  .01  .08  .21 -.05  .00  .00 -.09    -    -

 [B] Entire series, effect on correlation (  .359) is:
       Lower   1933< -.039   1966> -.033   1922> -.017   1960< -.014   1938< -.012   1990< -.010  Higher   1952  .028   1958  .023
     1960 to 2009 segment:
       Lower   1966> -.057   1960< -.025   1990< -.017   1978< -.016   1984> -.016   2006< -.016  Higher   1977  .045   1970  .038

====================================================================================================================================

 80398A    1942 to  2008      67 years                                                                                    Series  13

 [A] Segment   High   -10   -9   -8   -7   -6   -5   -4   -3   -2   -1   +0   +1   +2   +3   +4   +5   +6   +7   +8   +9  +10
    ---------  ----   ---  ---  ---  ---  ---  ---  ---  ---  ---  ---  ---  ---  ---  ---  ---  ---  ---  ---  ---  ---  ---
    1959 2008   -7   -.07 -.27 -.28  .22*-.30 -.06  .20  .00 -.02  .07  .21| .13  .00  .10  .12 -.05 -.16 -.10  .10 -.04    -

 [B] Entire series, effect on correlation (  .316) is:
       Lower   1978< -.100   2002< -.031   1977> -.029   1987> -.020   1962> -.017   1959> -.013  Higher   1952  .067   1966  .058
     1959 to 2008 segment:
       Lower   1978< -.131   2002< -.036   1977> -.033   1962> -.019   1959> -.014   1999> -.014  Higher   1966  .100   1993  .029

 [C] Year-to-year changes diverging by over 4.0 std deviations:
       1977 1978  -4.4 SD

====================================================================================================================================

 101092A   1923 to  2006      84 years                                                                                    Series  14

 [A] Segment   High   -10   -9   -8   -7   -6   -5   -4   -3   -2   -1   +0   +1   +2   +3   +4   +5   +6   +7   +8   +9  +10
    ---------  ----   ---  ---  ---  ---  ---  ---  ---  ---  ---  ---  ---  ---  ---  ---  ---  ---  ---  ---  ---  ---  ---
    1923 1972    5   -.12  .04  .20 -.05 -.14 -.06 -.16  .11  .01 -.26  .34|-.17 -.12  .04 -.01  .37*-.11  .05 -.07  .07 -.03

 [B] Entire series, effect on correlation (  .349) is:
       Lower   1952> -.031   1972< -.022   1997< -.021   2006> -.018   1981> -.017   1923> -.015  Higher   1977  .049   1966  .042
     1923 to 1972 segment:
       Lower   1952> -.054   1972< -.036   1923> -.026   1934< -.021   1926> -.018   1953> -.014  Higher   1966  .079   1939  .064

 [D]    1 Absent rings:  Year   Master  N series Absent
                         1977   -1.342      18       1

 [E] Outliers     1   3.0 SD above or -4.5 SD below mean for year
       1977 -4.6 SD
====================================================================================================================================

 40952A    1889 to  2017     129 years                                                                                    Series  15

 [*] Early part of series cannot be checked from 1889 to 1893 -- not matched by another series

 [A] Segment   High   -10   -9   -8   -7   -6   -5   -4   -3   -2   -1   +0   +1   +2   +3   +4   +5   +6   +7   +8   +9  +10
    ---------  ----   ---  ---  ---  ---  ---  ---  ---  ---  ---  ---  ---  ---  ---  ---  ---  ---  ---  ---  ---  ---  ---
    1894 1943    0      -    -    -    -    - -.15 -.03 -.17  .19  .01  .26* .21 -.19 -.14 -.16 -.15  .01 -.12  .19  .11 -.15
    1900 1949   -2   -.23  .13  .06  .10 -.18 -.11  .03 -.15  .23*-.11  .19| .21 -.17  .00 -.05  .00  .01 -.22  .06  .01 -.11
    1910 1959    0   -.23  .02  .03  .01 -.22  .04  .13 -.10  .24 -.15  .25* .08 -.13  .08 -.18  .00 -.06 -.09 -.03  .04  .01

 [B] Entire series, effect on correlation (  .372) is:
       Lower   1922< -.061   1898> -.035   2012< -.011   1918> -.011   1946< -.011   1933> -.010  Higher   1966  .050   1987  .028
     1894 to 1943 segment:
       Lower   1922< -.150   1898> -.049   1918> -.020   1933> -.019   1909< -.017   1941< -.013  Higher   1895  .060   1903  .042
     1900 to 1949 segment:
       Lower   1922< -.124   1918> -.025   1933> -.019   1946< -.019   1909< -.016   1944> -.015  Higher   1903  .058   1916  .052
     1910 to 1959 segment:
       Lower   1922< -.142   1918> -.029   1946< -.022   1933> -.021   1944> -.018   1941< -.015  Higher   1916  .051   1952  .049

 [E] Outliers     1   3.0 SD above or -4.5 SD below mean for year
       1922 -5.1 SD
====================================================================================================================================

 030525A   1933 to  2008      76 years                                                                                    Series  16

 [A] Segment   High   -10   -9   -8   -7   -6   -5   -4   -3   -2   -1   +0   +1   +2   +3   +4   +5   +6   +7   +8   +9  +10
    ---------  ----   ---  ---  ---  ---  ---  ---  ---  ---  ---  ---  ---  ---  ---  ---  ---  ---  ---  ---  ---  ---  ---
    1933 1982    0   -.14  .14 -.24  .07 -.15  .05  .03 -.09  .13  .13  .31* .15 -.06 -.05  .05 -.27  .05 -.35 -.01 -.27 -.08

 [B] Entire series, effect on correlation (  .305) is:
       Lower   2006> -.049   1993< -.025   1940< -.023   1947> -.022   1975< -.016   1937> -.012  Higher   1987  .118   1952  .020
     1933 to 1982 segment:
       Lower   1940< -.042   1947> -.038   1975< -.029   1937> -.020   1938< -.019   1979> -.018  Higher   1966  .044   1952  .041

====================================================================================================================================

 152118A   1967 to  2012      46 years                                                                                    Series  17

 [A] Segment   High   -10   -9   -8   -7   -6   -5   -4   -3   -2   -1   +0   +1   +2   +3   +4   +5   +6   +7   +8   +9  +10
    ---------  ----   ---  ---  ---  ---  ---  ---  ---  ---  ---  ---  ---  ---  ---  ---  ---  ---  ---  ---  ---  ---  ---
    1967 2012  -10    .37*-.18  .29  .13 -.04 -.03  .04 -.04 -.32  .02  .27|-.13 -.05  .00  .20  .20    -    -    -    -    -

 [B] Entire series, effect on correlation (  .269) is:
       Lower   2001< -.059   1980> -.047   1970< -.034   1972< -.032   1981> -.021   1988< -.020  Higher   1987  .294   1993  .027
     1967 to 2012 segment:
       Lower   2001< -.059   1980> -.047   1970< -.034   1972< -.032   1981> -.021   1988< -.020  Higher   1987  .294   1993  .027

====================================================================================================================================

 111190A   1917 to  2009      93 years                                                                                    Series  18

 [A] Segment   High   -10   -9   -8   -7   -6   -5   -4   -3   -2   -1   +0   +1   +2   +3   +4   +5   +6   +7   +8   +9  +10
    ---------  ----   ---  ---  ---  ---  ---  ---  ---  ---  ---  ---  ---  ---  ---  ---  ---  ---  ---  ---  ---  ---  ---
    1917 1966    5   -.05 -.10  .12  .02 -.21  .12 -.16  .11 -.09  .05  .22|-.06  .23 -.05 -.21  .28*-.20  .15 -.13 -.15 -.11
    1920 1969    5   -.04 -.10  .18 -.07 -.18  .07 -.18  .11 -.02  .01  .22|-.02  .21 -.02 -.23  .23*-.12  .10 -.15 -.14 -.12
    1930 1979    0   -.01 -.21  .18 -.08 -.11  .13 -.12  .16  .04  .03  .21*-.06  .19 -.06 -.26  .18 -.15  .11 -.20 -.14 -.10
    1940 1989   -3   -.09 -.25  .17 -.11 -.17  .12 -.02  .24* .07  .08  .16| .01  .17 -.08 -.21  .20 -.09  .09 -.27 -.16 -.05
    - - - - - - - - - - - - - - - - - - - - - - - - - - - - - - - - - - - - - - - - - - - - - - - - - - - - - - - - - - - - -
    1960 2009   -5   -.16 -.17 -.03 -.18 -.18  .32* .14 -.03  .15  .25  .24|-.09  .18  .02 -.32 -.06 -.14  .13 -.17    -    -

 [B] Entire series, effect on correlation (  .182) is:
       Lower   1947< -.102   1962> -.016   1987> -.015   1925> -.013   2006> -.012   2002> -.012  Higher   1966  .045   1958  .022
     1917 to 1966 segment:
       Lower   1947< -.192   1962> -.026   1925> -.021   1948> -.017   1923> -.017   1932< -.013  Higher   1966  .057   1958  .034
     1920 to 1969 segment:
       Lower   1947< -.213   1962> -.026   1925> -.022   1948> -.018   1923> -.017   1932< -.013  Higher   1966  .062   1958  .033
     1930 to 1979 segment:
       Lower   1947< -.211   1962> -.028   1948> -.020   1977> -.014   1932< -.013   1934> -.013  Higher   1966  .071   1958  .034
     1940 to 1989 segment:
       Lower   1947< -.175   1987> -.028   1962> -.028   1948> -.020   1977> -.014   1985< -.011  Higher   1966  .070   1958  .037
     1960 to 2009 segment:
       Lower   1962> -.037   1987> -.035   2002> -.031   2006> -.028   1985< -.021   2004< -.020  Higher   1966  .109   1964  .028

 [C] Year-to-year changes diverging by over 4.0 std deviations:
       1946 1947  -4.6 SD    1947 1948   5.9 SD

 [E] Outliers     1   3.0 SD above or -4.5 SD below mean for year
       1947 -8.2 SD
====================================================================================================================================
PART 7:  DESCRIPTIVE STATISTICS:                                                                   09:47  Sat 26 Jan 2019  Page   6
------------------------------------------------------------------------------------------------------------------------------------

                                                Corr   //-------- Unfiltered --------\\  //---- Filtered -----\\
                           No.    No.    No.    with   Mean   Max     Std   Auto   Mean   Max     Std   Auto  AR
 Seq Series   Interval   Years  Segmt  Flags   Master  msmt   msmt    dev   corr   sens  value    dev   corr  ()
 --- -------- ---------  -----  -----  -----   ------ -----  -----  -----  -----  -----  -----  -----  -----  --
   1 70622A   1940 2013     74      4      2    .365   1.33   3.61   .627   .644   .227   3.19   .525   .160   1
   2 132010A  1894 2015    122      9      0    .491    .87   2.48   .413   .734   .260   2.73   .506  -.064   1
   3 132018A  1909 2015    107      8      0    .499   1.59   3.86   .788   .774   .277   2.75   .495  -.030   1
   4 162252A  1961 2013     53      2      2    .317    .85   4.24  1.085   .936   .302   2.55   .386  -.155   1
   5 142220   1908 2009    102      7      0    .422   1.16   5.24   .829   .771   .302   2.47   .335  -.088   1
   6 151006A  1938 2016     79      5      5    .161    .85   1.76   .352   .691   .243   2.68   .485   .057   1
   7 160989A  1916 2016    101      7      5    .425    .60   1.55   .301   .583   .337   2.59   .294  -.058   1
   8 142210A  1944 2017     74      4      0    .361    .56   1.35   .258   .632   .277   2.74   .512  -.026   1
   9 20605A   1936 2014     79      5      1    .379    .90   2.39   .559   .756   .309   2.93   .565   .008   1
  10 52059A   1917 2012     96      7      4    .273    .53   1.77   .298   .611   .367   2.82   .588  -.033   1
  11 152151A  1904 2013    110      8      0    .489   1.22   3.10   .647   .828   .247   2.74   .358  -.028   1
  12 50488A   1922 2010     89      6      1    .359   1.10   5.01   .935   .796   .284   2.92   .418  -.038   1
  13 80398A   1942 2008     67      3      1    .316   1.21   4.01   .963   .861   .240   2.89   .557  -.013   1
  14 101092A  1923 2006     84      5      1    .349    .41   1.82   .275   .594   .370   2.43   .406  -.048   1
  15 40952A   1889 2017    129      9      3    .372   1.62   5.24   .960   .764   .259   2.79   .390  -.025   1
  16 030525A  1933 2008     76      4      1    .305   1.03   4.04   .829   .710   .349   2.64   .416  -.088   1
  17 152118A  1967 2012     46      1      1    .269    .90   2.66   .501   .519   .334   2.66   .458   .031   1
  18 111190A  1917 2009     93      6      5    .182    .74   1.62   .367   .873   .207   2.45   .310  -.044   1
 --- -------- ---------  -----  -----  -----   ------ -----  -----  -----  -----  -----  -----  -----  -----  --
 Total or mean:           1581    100     32    .364   1.00   5.24   .607   .730   .286   3.19   .440  -.029

                                              - = [  COFECHA CACO COF  ] = -
