[]  Dendrochronology Program Library                                        Run CAOVL  Program COF  09:53  Sat 26 Jan 2019  Page   1
[]
[]  P R O G R A M      C O F E C H A                                                                          Version 6.06P    30708
------------------------------------------------------------------------------------------------------------------------------------

 QUALITY CONTROL AND DATING CHECK OF TREE-RING MEASUREMENTS

 File of DATED series:   caovl_drop.rwl

 CONTENTS:

    Part 1:  Title page, options selected, summary, absent rings by series
    Part 2:  Histogram of time spans
    Part 3:  Master series with sample depth and absent rings by year
    Part 4:  Bar plot of Master Dating Series
    Part 5:  Correlation by segment of each series with Master
    Part 6:  Potential problems: low correlation, divergent year-to-year changes, absent rings, outliers
    Part 7:  Descriptive statistics

 RUN CONTROL OPTIONS SELECTED                             VALUE

         1  Cubic smoothing spline 50% wavelength cutoff for filtering
                                                            32 years
         2  Segments examined are                           50 years lagged successively by  10 years
         3  Autoregressive model applied                     A  Residuals are used in master dating series and testing
         4  Series transformed to logarithms                 Y  Each series log-transformed for master dating series and testing
         5  CORRELATION is Pearson (parametric, quantitative)
            Critical correlation, 99% confidence level   .3281
         6  Master dating series saved                       N
         7  Ring measurements listed                         N
         8  Parts printed                              1234567 
         9  Absent rings are omitted from master series and segment correlations  (Y)

 Time span of Master dating series is  1884 to  2015   132 years
 Continuous time span is               1884 to  2015   132 years
 Portion with two or more series is    1890 to  2010   121 years


                                        ****************************************
                                        *C* Number of dated series        24 *C*
                                        *O* Master series 1884 2015  132 yrs *O*
                                        *F* Total rings in all series   2279 *F*
                                        *E* Total dated rings checked   2268 *E*
                                        *C* Series intercorrelation     .394 *C*
                                        *H* Average mean sensitivity    .256 *H*
                                        *A* Segments, possible problems   31 *A*
                                        *** Mean length of series       95.0 ***
                                        ****************************************

 ABSENT RINGS listed by SERIES:            (See Master Dating Series for absent rings listed by year)

               No ring measurements of zero value
PART 2:  TIME PLOT OF TREE-RING SERIES:                                                            09:53  Sat 26 Jan 2019  Page   2
------------------------------------------------------------------------------------------------------------------------------------
 1050 1100 1150 1200 1250 1300 1350 1400 1450 1500 1550 1600 1650 1700 1750 1800 1850 1900 1950 2000 2050 Ident   Seq Time-span  Yrs
   :    :    :    :    :    :    :    :    :    :    :    :    :    :    :    :    :    :    :    :    : -------- --- ---- ---- ----
   .    .    .    .    .    .    .    .    .    .    .    .    .    .    .    .    .    .<========>    . 80640A     1 1915 2006   92
   .    .    .    .    .    .    .    .    .    .    .    .    .    .    .    .    .  <===========>    . 91385      2 1884 2009  126
   .    .    .    .    .    .    .    .    .    .    .    .    .    .    .    .    .   <==========>    . 121162     3 1895 2004  110
   .    .    .    .    .    .    .    .    .    .    .    .    .    .    .    .    .   <==========>    . 70162      4 1892 2008  117
   .    .    .    .    .    .    .    .    .    .    .    .    .    .    .    .    .   <==========>    . 91302      5 1896 2009  114
   .    .    .    .    .    .    .    .    .    .    .    .    .    .    .    .    .    . <=======>    . 91332      6 1921 2009   89
   .    .    .    .    .    .    .    .    .    .    .    .    .    .    .    .    .   <==========>    . 50336      7 1893 2009  117
   .    .    .    .    .    .    .    .    .    .    .    .    .    .    .    .    .    .   <=====>    . 80554      8 1943 2008   66
   .    .    .    .    .    .    .    .    .    .    .    .    .    .    .    .    .    . <=======>    . 50356      9 1928 2009   82
   .    .    .    .    .    .    .    .    .    .    .    .    .    .    .    .    .    . <=======>    . 140810    10 1923 2009   87
   .    .    .    .    .    .    .    .    .    .    .    .    .    .    .    .    .    . <=======>    . 131061    11 1925 2007   83
   .    .    .    .    .    .    .    .    .    .    .    .    .    .    .    .    .    <=========>    . 80503     12 1900 2008  109
   .    .    .    .    .    .    .    .    .    .    .    .    .    .    .    .    .    .    <====>    . 100963    13 1951 2008   58
   .    .    .    .    .    .    .    .    .    .    .    .    .    .    .    .    .    .<========>    . 131091    14 1918 2009   92
   .    .    .    .    .    .    .    .    .    .    .    .    .    .    .    .    .    .   <======>   . 50262     15 1940 2010   71
   .    .    .    .    .    .    .    .    .    .    .    .    .    .    .    .    .    . <=======>    . 90552     16 1920 2009   90
   .    .    .    .    .    .    .    .    .    .    .    .    .    .    .    .    .    . <=======>    . 131138    17 1926 2009   84
   .    .    .    .    .    .    .    .    .    .    .    .    .    .    .    .    .    .  <======>    . 121301    18 1931 2009   79
   .    .    .    .    .    .    .    .    .    .    .    .    .    .    .    .    .   <==========>    . 60124     19 1899 2009  111
   .    .    .    .    .    .    .    .    .    .    .    .    .    .    .    .    .    .  <=======>   . 190929A   20 1930 2015   86
   .    .    .    .    .    .    .    .    .    .    .    .    .    .    .    .    .    <=========>    . 50442     21 1907 2008  102
   .    .    .    .    .    .    .    .    .    .    .    .    .    .    .    .    .    .<========>    . 130788    22 1917 2006   90
   .    .    .    .    .    .    .    .    .    .    .    .    .    .    .    .    .   <==========>    . 111081r   23 1892 2009  118
   .    .    .    .    .    .    .    .    .    .    .    .    .    .    .    .    .   <=========>.    . 60358r    24 1890 1995  106
   :    :    :    :    :    :    :    :    :    :    :    :    :    :    :    :    :    :    :    :    :
 1050 1100 1150 1200 1250 1300 1350 1400 1450 1500 1550 1600 1650 1700 1750 1800 1850 1900 1950 2000 2050
PART 3:  Master Dating Series:                                                                     09:53  Sat 26 Jan 2019  Page   3
------------------------------------------------------------------------------------------------------------------------------------
  Year  Value  No Ab    Year  Value  No Ab    Year  Value  No Ab    Year  Value  No Ab    Year  Value  No Ab    Year  Value  No Ab
  ------------------    ------------------    ------------------    ------------------    ------------------    ------------------
                        1900   .678   9       1950  -.678  23       2000   .504  23
                        1901   .327   9       1951  -.496  24       2001   .741  23
                        1902   .276   9       1952 -1.252  24       2002   .352  23
                        1903  1.207   9       1953 -1.612  24       2003  -.542  23
                        1904   .794   9       1954  -.058  24       2004  -.635  23
                        1905   .981   9       1955   .491  24       2005  -.170  22
                        1906   .659   9       1956  1.267  24       2006   .567  22
                        1907   .501  10       1957   .460  24       2007   .539  20
                        1908   .229  10       1958  2.114  24       2008   .397  19
                        1909  -.714  10       1959   .546  24       2009   .564  14

                        1910  -.691  10       1960  1.557  24       2010   .251   2
                        1911 -1.485  10       1961  1.038  24       2011  1.979   1
                        1912 -2.874  10       1962  -.038  24       2012  1.082   1
                        1913 -2.156  10       1963   .283  24       2013   .106   1
                        1914 -2.240  10       1964 -1.066  24       2014  -.827   1
                        1915  -.727  11       1965  -.625  24       2015 -2.579   1
                        1916   .277  11       1966 -2.072  24
                        1917   .320  12       1967  -.302  24
                        1918  -.798  13       1968   .955  24
                        1919  -.470  13       1969   .427  24

                        1920  -.253  14       1970   .798  24
                        1921   .383  15       1971   .065  24
                        1922  1.273  15       1972   .133  24
                        1923   .282  16       1973   .287  24
                        1924   .990  16       1974  -.048  24
                        1925   .486  17       1975   .694  24
                        1926  1.178  18       1976   .683  24
                        1927  1.142  18       1977 -2.202  24
                        1928   .801  19       1978   .153  24
                        1929   .926  19       1979  -.535  24

                        1930  -.401  20       1980  -.811  24
                        1931   .355  21       1981   .112  24
                        1932  -.388  21       1982   .486  24
                        1933  -.537  21       1983  -.063  24
  1884 -3.593   1       1934  -.956  21       1984  -.707  24
  1885  -.444   1       1935 -1.355  21       1985   .355  24
  1886  -.633   1       1936  -.322  21       1986   .829  24
  1887   .747   1       1937  -.034  21       1987  -.204  24
  1888  -.225   1       1938  1.211  21       1988   .599  24
  1889 -1.085   1       1939  -.562  21       1989   .373  24

  1890 -2.262   2       1940   .431  22       1990  1.941  24
  1891  -.184   2       1941  1.210  22       1991  -.726  24
  1892  -.653   4       1942   .619  22       1992  -.554  24
  1893  -.427   5       1943   .195  23       1993  1.222  24
  1894   .093   5       1944  -.746  23       1994  1.071  24
  1895   .411   6       1945   .373  23       1995  -.623  24
  1896  1.135   7       1946  -.627  23       1996  -.604  23
  1897  2.224   7       1947 -1.360  23       1997  -.907  23
  1898  1.574   7       1948   .274  23       1998  -.590  23
  1899   .807   8       1949  -.306  23       1999  -.357  23
------------------------------------------------------------------------------------------------------------------------------------
PART 4:  Master Bar Plot:                                                                          09:53  Sat 26 Jan 2019  Page   4
------------------------------------------------------------------------------------------------------------------------------------
   Year Rel value  Year Rel value  Year Rel value  Year Rel value  Year Rel value  Year Rel value  Year Rel value  Year Rel value
                   1900--------C   1950--c         2000-------B
                   1901------A     1951---b        2001--------C
                   1902------A     1952-e          2002------A
                   1903---------E  1953f           2003--b
                   1904--------C   1954----@       2004--c
                   1905---------D  1955-------B    2005----a
                   1906--------C   1956---------E  2006-------B
                   1907-------B    1957-------B    2007-------B
                   1908-----A      1958----------H 2008------B
                   1909--c         1959-------B    2009-------B
                   1910--c         1960----------F 2010-----A
                   1911f           1961---------D  2011----------H
                   1912k           1962----@       2012---------D
                   1913i           1963------A     2013-----@
                   1914i           1964-d          2014-c
                   1915-c          1965--c         2015j
                   1916------A     1966h
                   1917------A     1967----a
                   1918-c          1968---------D
                   1919---b        1969-------B
                   1920----a       1970--------C
                   1921------B     1971-----@
                   1922---------E  1972-----A
                   1923------A     1973------A
                   1924---------D  1974----@
                   1925-------B    1975--------C
                   1926---------E  1976--------C
                   1927---------E  1977i
                   1928--------C   1978-----A
                   1929---------D  1979---b
                   1930---b        1980-c
                   1931------A     1981-----@
                   1932---b        1982-------B
                   1933--b         1983----@
   1884n           1934-d          1984--c
   1885---b        1935-e          1985------A
   1886--c         1936---a        1986--------C
   1887--------C   1937----@       1987----a
   1888----a       1938---------E  1988--------B
   1889-d          1939--b         1989------A
   1890i           1940-------B    1990----------H
   1891----a       1941---------E  1991-c
   1892--c         1942--------B   1992--b
   1893---b        1943-----A      1993---------E
   1894-----@      1944-c          1994---------D
   1895------B     1945------A     1995--b
   1896---------E  1946--c         1996--b
   1897----------I 1947-e          1997-d
   1898----------F 1948-----A      1998--b
   1899--------C   1949----a       1999---a
PART 5:  CORRELATION OF SERIES BY SEGMENTS:                                                        09:53  Sat 26 Jan 2019  Page   5
------------------------------------------------------------------------------------------------------------------------------------
 Correlations of  50-year dated segments, lagged  10 years
 Flags:  A = correlation under   .3281 but highest as dated;  B = correlation higher at other than dated position

 Seq Series  Time_span   1890 1900 1910 1920 1930 1940 1950 1960 1970
                         1939 1949 1959 1969 1979 1989 1999 2009 2019
 --- -------- ---------  ---- ---- ---- ---- ---- ---- ---- ---- ---- ---- ---- ---- ---- ---- ---- ---- ---- ---- ---- ----
   1 80640A   1915 2006             .51  .58  .71  .64  .59  .53
   2 91385    1884 2009   .38B .34  .37  .45  .38  .45  .57  .52
   3 121162   1895 2004   .63  .63  .65  .63  .57  .48  .44  .43
   4 70162    1892 2008   .50  .59  .69  .63  .65  .58  .53  .42
   5 91302    1896 2009   .53  .46  .51  .57  .53  .51  .58  .18B
   6 91332    1921 2009                  .43  .47  .44  .54  .45
   7 50336    1893 2009   .43  .38  .53  .39  .46  .48  .54  .54
   8 80554    1943 2008                            .66  .77  .63
   9 50356    1928 2009                  .51  .50  .46  .56  .60
  10 140810   1923 2009                  .56  .55  .49  .44  .34B
  11 131061   1925 2007                  .52  .48  .50  .51  .47
  12 80503    1900 2008        .46  .57  .54  .49  .38  .33A .28A
  13 100963   1951 2008                                 .22A .21B
  14 131091   1918 2009             .53  .54  .48  .43  .45  .23A
  15 50262    1940 2010                            .22B .34  .24A .22B
  16 90552    1920 2009                  .47  .46  .39  .48  .44
  17 131138   1926 2009                  .33B .53  .61  .68  .61
  18 121301   1931 2009                       .28B .37  .42  .20B
  19 60124    1899 2009   .24A .24A .28A .28A .37  .37  .33A .23B
  20 190929A  1930 2015                       .33B .33  .28A .40  .37
  21 50442    1907 2008        .20B .27A .23A .46  .54  .46  .43
  22 130788   1917 2006             .33  .41  .38B .37B .34  .28B
  23 111081r  1892 2009   .40  .50  .55  .48  .43  .38  .51  .40
  24 60358r   1890 1995   .35  .31B .30A .28A .35  .38  .36
 Av segment correlation   .43  .41  .47  .47  .47  .46  .47  .39  .29
PART 6:  POTENTIAL PROBLEMS:                                                                       09:53  Sat 26 Jan 2019  Page   5
------------------------------------------------------------------------------------------------------------------------------------

 For each series with potential problems the following diagnostics may appear:

 [A] Correlations with master dating series of flagged  50-year segments of series filtered with  32-year spline,
     at every point from ten years earlier (-10) to ten years later (+10) than dated

 [B] Effect of those data values which most lower or raise correlation with master series
     Symbol following year indicates value in series is greater (>) or lesser (<) than master series value

 [C] Year-to-year changes very different from the mean change in other series

 [D] Absent rings (zero values)

 [E] Values which are statistical outliers from mean for the year
====================================================================================================================================

 80640A    1915 to  2006      92 years                                                                                    Series   1

 [B] Entire series, effect on correlation (  .521) is:
       Lower   2001< -.030   1994< -.027   1970< -.015   1923> -.014   1998> -.012   1944> -.012  Higher   1977  .039   1991  .028

====================================================================================================================================

 91385     1884 to  2009     126 years                                                                                    Series   2

 [*] Early part of series cannot be checked from 1884 to 1889 -- not matched by another series

 [A] Segment   High   -10   -9   -8   -7   -6   -5   -4   -3   -2   -1   +0   +1   +2   +3   +4   +5   +6   +7   +8   +9  +10
    ---------  ----   ---  ---  ---  ---  ---  ---  ---  ---  ---  ---  ---  ---  ---  ---  ---  ---  ---  ---  ---  ---  ---
    1890 1939    2      -    -    -    -  .01 -.17 -.10 -.09  .26  .37  .38| .02  .41* .32  .22  .17 -.02 -.06  .07  .05 -.12

 [B] Entire series, effect on correlation (  .434) is:
       Lower   1977> -.024   1891< -.023   1931< -.018   1918> -.016   2006< -.013   1893> -.012  Higher   1912  .025   1991  .016
     1890 to 1939 segment:
       Lower   1891< -.061   1931< -.055   1918> -.043   1893> -.034   1934> -.028   1924< -.017  Higher   1912  .096   1890  .043

====================================================================================================================================

 121162    1895 to  2004     110 years                                                                                    Series   3

 [B] Entire series, effect on correlation (  .528) is:
       Lower   1997> -.020   1983< -.019   1980> -.012   1940< -.012   1993< -.010   1934> -.009  Higher   1912  .033   1958  .015

====================================================================================================================================

 70162     1892 to  2008     117 years                                                                                    Series   4

 [B] Entire series, effect on correlation (  .503) is:
       Lower   1987> -.026   1998> -.020   2003> -.016   1939> -.015   1979> -.015   1968< -.013  Higher   1977  .071   1958  .015

====================================================================================================================================

 91302     1896 to  2009     114 years                                                                                    Series   5

 [A] Segment   High   -10   -9   -8   -7   -6   -5   -4   -3   -2   -1   +0   +1   +2   +3   +4   +5   +6   +7   +8   +9  +10
    ---------  ----   ---  ---  ---  ---  ---  ---  ---  ---  ---  ---  ---  ---  ---  ---  ---  ---  ---  ---  ---  ---  ---
    1960 2009    6   -.02 -.20 -.05  .00  .03  .06  .11 -.06 -.05 -.14  .18| .13 -.34 -.03  .02 -.02  .21*   -    -    -    -

 [B] Entire series, effect on correlation (  .313) is:
       Lower   2009< -.194   1947> -.023   1939> -.019   1992> -.009   1981< -.007   2004> -.006  Higher   1958  .024   1991  .020
     1960 to 2009 segment:
       Lower   2009< -.308   1992> -.015   2004> -.010   1981< -.010   1998> -.009   2008> -.007  Higher   1991  .039   1966  .034

 [C] Year-to-year changes diverging by over 4.0 std deviations:
       2008 2009  -6.7 SD

 [E] Outliers     1   3.0 SD above or -4.5 SD below mean for year
       2009 -6.7 SD
====================================================================================================================================

 91332     1921 to  2009      89 years                                                                                    Series   6

 [B] Entire series, effect on correlation (  .478) is:
       Lower   1962< -.048   2004> -.019   1946> -.019   1927< -.017   1921< -.016   1945< -.014  Higher   1991  .031   1958  .027

====================================================================================================================================

 50336     1893 to  2009     117 years                                                                                    Series   7

 [B] Entire series, effect on correlation (  .455) is:
       Lower   1900< -.034   1947> -.022   1938< -.018   1904< -.015   1998> -.014   1979> -.012  Higher   1977  .044   1912  .040

====================================================================================================================================

 80554     1943 to  2008      66 years                                                                                    Series   8

 [B] Entire series, effect on correlation (  .615) is:
       Lower   1947< -.030   2004> -.027   1943> -.018   1985< -.014   1991> -.013   1946> -.012  Higher   1977  .041   1956  .014

====================================================================================================================================

 50356     1928 to  2009      82 years                                                                                    Series   9

 [B] Entire series, effect on correlation (  .439) is:
       Lower   2005< -.045   1947> -.024   1980> -.023   1956< -.023   1950> -.017   1957< -.013  Higher   1977  .128   1966  .042

====================================================================================================================================

 140810    1923 to  2009      87 years                                                                                    Series  10

 [A] Segment   High   -10   -9   -8   -7   -6   -5   -4   -3   -2   -1   +0   +1   +2   +3   +4   +5   +6   +7   +8   +9  +10
    ---------  ----   ---  ---  ---  ---  ---  ---  ---  ---  ---  ---  ---  ---  ---  ---  ---  ---  ---  ---  ---  ---  ---
    1960 2009   -7    .06 -.24  .00  .36*-.18  .04 -.15 -.02  .17 -.12  .34|-.09 -.08 -.09 -.06  .11 -.12    -    -    -    -

 [B] Entire series, effect on correlation (  .396) is:
       Lower   1980> -.039   2002< -.016   1925< -.015   1946> -.012   1936< -.012   1998< -.012  Higher   1966  .024   1953  .017
     1960 to 2009 segment:
       Lower   1980> -.057   2002< -.027   1998< -.019   1988< -.018   1979< -.016   1982< -.016  Higher   1966  .044   1968  .023

 [E] Outliers     1   3.0 SD above or -4.5 SD below mean for year
       1980 +3.0 SD
====================================================================================================================================

 131061    1925 to  2007      83 years                                                                                    Series  11

 [B] Entire series, effect on correlation (  .498) is:
       Lower   2002> -.019   1944> -.018   1931< -.017   1952< -.016   1964> -.015   1980> -.015  Higher   1947  .015   1990  .015

====================================================================================================================================

 80503     1900 to  2008     109 years                                                                                    Series  12

 [A] Segment   High   -10   -9   -8   -7   -6   -5   -4   -3   -2   -1   +0   +1   +2   +3   +4   +5   +6   +7   +8   +9  +10
    ---------  ----   ---  ---  ---  ---  ---  ---  ---  ---  ---  ---  ---  ---  ---  ---  ---  ---  ---  ---  ---  ---  ---
    1950 1999    0   -.22 -.14 -.11  .09 -.08 -.06 -.17  .14 -.13  .14  .33*-.03  .10 -.02  .07  .06 -.02  .11 -.19 -.15  .01
    1959 2008    0   -.19 -.12 -.09  .13 -.02  .01 -.21  .11 -.18  .12  .28*-.06  .03 -.13  .07  .11  .10  .13    -    -    -

 [B] Entire series, effect on correlation (  .380) is:
       Lower   1998< -.065   1941< -.033   1907< -.015   1987> -.012   1984> -.011   1970< -.010  Higher   1977  .033   1958  .017
     1950 to 1999 segment:
       Lower   1998< -.114   1987> -.020   1984> -.019   1970< -.015   1966> -.014   1982< -.014  Higher   1977  .066   1958  .034
     1959 to 2008 segment:
       Lower   1998< -.089   1987> -.020   1984> -.019   1970< -.016   1966> -.015   1982< -.014  Higher   1977  .074   1993  .031

 [C] Year-to-year changes diverging by over 4.0 std deviations:
       1997 1998  -4.5 SD

====================================================================================================================================

 100963    1951 to  2008      58 years                                                                                    Series  13

 [A] Segment   High   -10   -9   -8   -7   -6   -5   -4   -3   -2   -1   +0   +1   +2   +3   +4   +5   +6   +7   +8   +9  +10
    ---------  ----   ---  ---  ---  ---  ---  ---  ---  ---  ---  ---  ---  ---  ---  ---  ---  ---  ---  ---  ---  ---  ---
    1951 2000    0    .14 -.21  .12 -.12 -.08  .17  .01  .15  .01  .13  .22*-.13 -.13 -.12  .08 -.07  .02 -.02  .09  .03  .10
    1959 2008   -5    .07 -.24  .02 -.14 -.06  .25* .08  .06 -.05  .07  .21| .02  .02 -.18  .02 -.02  .08  .16    -    -    -

 [B] Entire series, effect on correlation (  .158) is:
       Lower   2008< -.056   1966> -.044   1964> -.035   1958< -.017   1991> -.017   1995> -.017  Higher   1977  .098   1960  .031
     1951 to 2000 segment:
       Lower   1966> -.057   1964> -.047   1958< -.028   1975< -.024   1956< -.022   1995> -.021  Higher   1977  .133   1960  .036
     1959 to 2008 segment:
       Lower   2008< -.079   1966> -.052   1964> -.041   1991> -.022   1975< -.020   1995> -.019  Higher   1977  .104   1960  .034

====================================================================================================================================

 131091    1918 to  2009      92 years                                                                                    Series  14

 [A] Segment   High   -10   -9   -8   -7   -6   -5   -4   -3   -2   -1   +0   +1   +2   +3   +4   +5   +6   +7   +8   +9  +10
    ---------  ----   ---  ---  ---  ---  ---  ---  ---  ---  ---  ---  ---  ---  ---  ---  ---  ---  ---  ---  ---  ---  ---
    1960 2009    0   -.07  .11  .10  .15 -.13 -.07 -.15 -.01 -.14  .11  .23* .04 -.13  .04  .18  .02 -.03    -    -    -    -

 [B] Entire series, effect on correlation (  .325) is:
       Lower   2004< -.061   2006< -.021   2005> -.015   1977> -.014   2000< -.012   1929< -.011  Higher   1993  .017   1922  .017
     1960 to 2009 segment:
       Lower   2004< -.059   2006< -.029   2000< -.016   1977> -.016   2005> -.015   1978< -.012  Higher   1993  .031   1968  .026

 [C] Year-to-year changes diverging by over 4.0 std deviations:
       2003 2004  -4.8 SD    2004 2005   5.4 SD

 [E] Outliers     1   3.0 SD above or -4.5 SD below mean for year
       2004 -5.6 SD
====================================================================================================================================

 50262     1940 to  2010      71 years                                                                                    Series  15

 [A] Segment   High   -10   -9   -8   -7   -6   -5   -4   -3   -2   -1   +0   +1   +2   +3   +4   +5   +6   +7   +8   +9  +10
    ---------  ----   ---  ---  ---  ---  ---  ---  ---  ---  ---  ---  ---  ---  ---  ---  ---  ---  ---  ---  ---  ---  ---
    1940 1989  -10    .27*-.15  .08 -.04  .08 -.13 -.06  .10 -.04  .05  .22|-.04  .21 -.05 -.09  .12 -.23 -.03 -.12 -.01 -.08
    - - - - - - - - - - - - - - - - - - - - - - - - - - - - - - - - - - - - - - - - - - - - - - - - - - - - - - - - - - - - -
    1960 2009    0    .09  .00  .21 -.08 -.11  .01 -.08 -.07 -.14  .00  .24*-.13  .03  .03 -.08  .17 -.03    -    -    -    -
    1961 2010   -8    .09 -.01  .23*-.05 -.11  .00 -.11 -.08 -.17  .01  .22|-.16  .03  .03 -.05  .19    -    -    -    -    -

 [B] Entire series, effect on correlation (  .245) is:
       Lower   1980> -.030   1945< -.026   1946> -.026   1972< -.013   1977> -.013   1962> -.012  Higher   1958  .037   1990  .036
     1940 to 1989 segment:
       Lower   1980> -.040   1946> -.035   1945< -.033   1977> -.017   1972< -.016   1962> -.016  Higher   1958  .052   1953  .036
     1960 to 2009 segment:
       Lower   1980> -.044   1972< -.024   1974< -.021   2007< -.019   1962> -.017   2005> -.017  Higher   1990  .058   1966  .030
     1961 to 2010 segment:
       Lower   1980> -.044   1972< -.024   1974< -.021   2007< -.019   1962> -.017   2005> -.015  Higher   1990  .062   1966  .030

 [E] Outliers     1   3.0 SD above or -4.5 SD below mean for year
       2005 +3.2 SD
====================================================================================================================================

 90552     1920 to  2009      90 years                                                                                    Series  16

 [B] Entire series, effect on correlation (  .422) is:
       Lower   1947> -.034   1986< -.018   1935> -.015   2007< -.014   1922< -.011   1985< -.011  Higher   1990  .021   1966  .019

====================================================================================================================================

 131138    1926 to  2009      84 years                                                                                    Series  17

 [A] Segment   High   -10   -9   -8   -7   -6   -5   -4   -3   -2   -1   +0   +1   +2   +3   +4   +5   +6   +7   +8   +9  +10
    ---------  ----   ---  ---  ---  ---  ---  ---  ---  ---  ---  ---  ---  ---  ---  ---  ---  ---  ---  ---  ---  ---  ---
    1926 1975    3    .03  .04 -.06 -.05 -.28 -.15 -.19 -.20  .03  .20  .33| .24  .03  .38* .04  .04  .04 -.09 -.34 -.32 -.13

 [B] Entire series, effect on correlation (  .493) is:
       Lower   1930> -.033   1929< -.031   1939> -.026   1948< -.021   2000< -.014   1960< -.013  Higher   1977  .085   1991  .034
     1926 to 1975 segment:
       Lower   1930> -.067   1929< -.061   1939> -.049   1948< -.040   1960< -.021   1974< -.018  Higher   1966  .047   1958  .042

 [C] Year-to-year changes diverging by over 4.0 std deviations:
       1929 1930   4.2 SD

====================================================================================================================================

 121301    1931 to  2009      79 years                                                                                    Series  18

 [A] Segment   High   -10   -9   -8   -7   -6   -5   -4   -3   -2   -1   +0   +1   +2   +3   +4   +5   +6   +7   +8   +9  +10
    ---------  ----   ---  ---  ---  ---  ---  ---  ---  ---  ---  ---  ---  ---  ---  ---  ---  ---  ---  ---  ---  ---  ---
    1931 1980    2    .15 -.19  .01 -.14 -.33 -.06 -.02 -.06  .02 -.04  .28| .20  .29* .15 -.04  .15 -.03 -.23 -.10 -.38  .13
    - - - - - - - - - - - - - - - - - - - - - - - - - - - - - - - - - - - - - - - - - - - - - - - - - - - - - - - - - - - - -
    1960 2009  -10    .33*-.21 -.05  .11 -.03 -.06 -.10 -.13 -.08 -.12  .20| .17  .06  .04 -.05  .03 -.08    -    -    -    -

 [B] Entire series, effect on correlation (  .276) is:
       Lower   2002< -.054   1980> -.041   2003> -.028   1935> -.027   1976< -.018   1932> -.012  Higher   1947  .026   1958  .023
     1931 to 1980 segment:
       Lower   1980> -.069   1935> -.044   1976< -.033   1961< -.022   1932> -.020   1937< -.017  Higher   1947  .041   1958  .041
     1960 to 2009 segment:
       Lower   2002< -.076   1980> -.062   2003> -.042   1976< -.026   1961< -.017   2007< -.010  Higher   1993  .036   1977  .032

====================================================================================================================================

 60124     1899 to  2009     111 years                                                                                    Series  19

 [A] Segment   High   -10   -9   -8   -7   -6   -5   -4   -3   -2   -1   +0   +1   +2   +3   +4   +5   +6   +7   +8   +9  +10
    ---------  ----   ---  ---  ---  ---  ---  ---  ---  ---  ---  ---  ---  ---  ---  ---  ---  ---  ---  ---  ---  ---  ---
    1899 1948    0    .09 -.07 -.13  .00 -.06 -.07 -.12 -.03  .14  .17  .24* .13  .02  .09 -.32 -.16  .01 -.10 -.10 -.14 -.17
    1900 1949    0    .09 -.07 -.12  .01 -.06 -.08 -.12 -.03  .13  .17  .24* .12  .02  .09 -.33 -.16  .01 -.09 -.10 -.12 -.17
    1910 1959    0    .05 -.23 -.21 -.01 -.13 -.11 -.09 -.07  .10  .16  .28* .07  .14  .08 -.24 -.03  .05  .02 -.16 -.05 -.17
    1920 1969    0    .08 -.17 -.27  .17 -.23  .02 -.16 -.05  .04  .05  .28*-.05  .13 -.02 -.14 -.01 -.15 -.08  .02 -.08 -.13
    - - - - - - - - - - - - - - - - - - - - - - - - - - - - - - - - - - - - - - - - - - - - - - - - - - - - - - - - - - - - -
    1950 1999    0    .07 -.23 -.45  .18 -.19  .04 -.05  .19  .02 -.12  .33* .12  .23 -.18 -.19  .04 -.18 -.04  .17 -.05 -.14
    1960 2009   -3    .05 -.14 -.51  .13 -.12  .00 -.13  .23* .01 -.20  .23| .17  .20 -.04 -.12  .03 -.15    -    -    -    -

 [B] Entire series, effect on correlation (  .258) is:
       Lower   1994< -.030   1914> -.023   1924< -.021   1910> -.018   1939> -.017   1969< -.014  Higher   1912  .081   1958  .025
     1899 to 1948 segment:
       Lower   1914> -.056   1924< -.045   1910> -.041   1939> -.040   1927< -.020   1913> -.020  Higher   1912  .230   1911  .036
     1900 to 1949 segment:
       Lower   1914> -.055   1924< -.045   1910> -.041   1939> -.040   1927< -.020   1913> -.019  Higher   1912  .229   1911  .036
     1910 to 1959 segment:
       Lower   1914> -.051   1924< -.043   1910> -.038   1939> -.037   1957< -.022   1927< -.019  Higher   1912  .177   1958  .053
     1920 to 1969 segment:
       Lower   1939> -.050   1924< -.045   1969< -.029   1947> -.021   1957< -.020   1923> -.019  Higher   1958  .062   1966  .043
     1950 to 1999 segment:
       Lower   1994< -.069   1969< -.037   1957< -.026   1960< -.020   1974> -.017   1987> -.017  Higher   1958  .048   1966  .035
     1960 to 2009 segment:
       Lower   1994< -.074   1969< -.036   1960< -.022   2004> -.021   2001< -.021   1987> -.016  Higher   1966  .047   1964  .039

====================================================================================================================================

 190929A   1930 to  2015      86 years                                                                                    Series  20

 [*] Later part of series cannot be checked from 2011 to 2015 -- not matched by another series

 [A] Segment   High   -10   -9   -8   -7   -6   -5   -4   -3   -2   -1   +0   +1   +2   +3   +4   +5   +6   +7   +8   +9  +10
    ---------  ----   ---  ---  ---  ---  ---  ---  ---  ---  ---  ---  ---  ---  ---  ---  ---  ---  ---  ---  ---  ---  ---
    1930 1979   -4   -.08 -.04 -.01 -.05 -.05 -.08  .33* .08  .32  .07  .33|-.09 -.26  .01 -.17 -.24 -.06 -.18  .09 -.10  .23
    - - - - - - - - - - - - - - - - - - - - - - - - - - - - - - - - - - - - - - - - - - - - - - - - - - - - - - - - - - - - -
    1950 1999    0   -.03  .00  .03 -.04 -.08 -.01  .08  .06  .26  .11  .28*-.19 -.13 -.02 -.19 -.15  .06 -.12  .05 -.11  .07

 [B] Entire series, effect on correlation (  .279) is:
       Lower   1955< -.044   1991> -.026   1962> -.021   1954< -.021   1990< -.018   1943< -.016  Higher   1977  .103   1993  .025
     1930 to 1979 segment:
       Lower   1955< -.069   1962> -.035   1954< -.032   1943< -.027   1930> -.022   1932> -.020  Higher   1977  .150   1966  .033
     1950 to 1999 segment:
       Lower   1955< -.062   1991> -.041   1962> -.035   1954< -.029   1990< -.022   1952> -.015  Higher   1977  .159   1993  .037

====================================================================================================================================

 50442     1907 to  2008     102 years                                                                                    Series  21

 [A] Segment   High   -10   -9   -8   -7   -6   -5   -4   -3   -2   -1   +0   +1   +2   +3   +4   +5   +6   +7   +8   +9  +10
    ---------  ----   ---  ---  ---  ---  ---  ---  ---  ---  ---  ---  ---  ---  ---  ---  ---  ---  ---  ---  ---  ---  ---
    1907 1956   -1   -.20 -.16 -.13  .00  .23  .16  .03  .05  .21  .30* .20| .10 -.10 -.13 -.06 -.24 -.14  .07 -.02  .10 -.11
    1910 1959    0   -.25 -.20 -.18  .00  .19  .06 -.03  .02  .22  .23  .27* .08  .00 -.04  .01 -.08 -.14  .12 -.12  .05 -.06
    1920 1969    0   -.19 -.24 -.23 -.17  .03 -.07 -.05 -.10  .23  .12  .23* .15 -.02  .11 -.08 -.09 -.23  .11  .12  .03  .02

 [B] Entire series, effect on correlation (  .351) is:
       Lower   1995> -.028   2000< -.020   1947> -.019   1926< -.019   1933> -.015   1950> -.015  Higher   1977  .131   1958  .021
     1907 to 1956 segment:
       Lower   1926< -.046   1947> -.042   1936< -.039   1933> -.034   1950> -.033   1939> -.029  Higher   1922  .045   1912  .033
     1910 to 1959 segment:
       Lower   1947> -.045   1926< -.044   1933> -.039   1936< -.038   1950> -.037   1939> -.033  Higher   1958  .065   1922  .038
     1920 to 1969 segment:
       Lower   1947> -.047   1926< -.041   1933> -.040   1950> -.039   1939> -.034   1936< -.029  Higher   1958  .062   1960  .040

====================================================================================================================================

 130788    1917 to  2006      90 years                                                                                    Series  22

 [A] Segment   High   -10   -9   -8   -7   -6   -5   -4   -3   -2   -1   +0   +1   +2   +3   +4   +5   +6   +7   +8   +9  +10
    ---------  ----   ---  ---  ---  ---  ---  ---  ---  ---  ---  ---  ---  ---  ---  ---  ---  ---  ---  ---  ---  ---  ---
    1930 1979   -2   -.09  .01 -.18 -.02 -.21  .13  .10  .04  .43*-.07  .38| .05  .06 -.10 -.01  .05 -.27 -.15  .06 -.22 -.02
    1940 1989   -2   -.04 -.14 -.28 -.04 -.09 -.10  .03  .03  .41*-.02  .37| .18  .17 -.12  .01 -.04 -.24 -.28  .17 -.22 -.13
    - - - - - - - - - - - - - - - - - - - - - - - - - - - - - - - - - - - - - - - - - - - - - - - - - - - - - - - - - - - - -
    1957 2006    8    .03 -.07 -.25 -.05  .09 -.08  .02 -.07  .27  .00  .28| .10  .14 -.12 -.01 -.08 -.18 -.22  .30*-.16    -

 [B] Entire series, effect on correlation (  .252) is:
       Lower   1980> -.031   1918> -.028   1922< -.022   2003> -.021   1991> -.021   1975< -.020  Higher   1990  .027   1939  .022
     1930 to 1979 segment:
       Lower   1979< -.059   1975< -.043   1977> -.038   1933> -.018   1935> -.018   1932> -.018  Higher   1958  .031   1960  .031
     1940 to 1989 segment:
       Lower   1980> -.062   1979< -.047   1977> -.042   1975< -.039   1983< -.030   1978< -.013  Higher   1958  .031   1960  .030
     1957 to 2006 segment:
       Lower   1980> -.051   1975< -.036   2003> -.034   1991> -.033   1979< -.029   1983< -.023  Higher   1990  .043   1958  .032

 [C] Year-to-year changes diverging by over 4.0 std deviations:
       1979 1980   5.1 SD

 [E] Outliers     1   3.0 SD above or -4.5 SD below mean for year
       1979 -5.3 SD
====================================================================================================================================

 111081r   1892 to  2009     118 years                                                                                    Series  23

 [B] Entire series, effect on correlation (  .426) is:
       Lower   1895< -.022   1960< -.017   1979> -.016   1941< -.012   1940< -.011   2004> -.010  Higher   1990  .022   1958  .021

====================================================================================================================================

 60358r    1890 to  1995     106 years                                                                                    Series  24

 [A] Segment   High   -10   -9   -8   -7   -6   -5   -4   -3   -2   -1   +0   +1   +2   +3   +4   +5   +6   +7   +8   +9  +10
    ---------  ----   ---  ---  ---  ---  ---  ---  ---  ---  ---  ---  ---  ---  ---  ---  ---  ---  ---  ---  ---  ---  ---
    1900 1949   -3   -.42 -.20 -.11  .14  .13  .28  .25  .31* .30  .21  .31| .19  .21  .03 -.01  .09  .02 -.11 -.24 -.26 -.21
    1910 1959    0   -.26 -.23 -.26  .15  .06  .05  .20  .17  .17  .23  .30* .07  .18 -.04 -.01 -.02  .16 -.13 -.15 -.08 -.17
    1920 1969    0   -.21 -.22 -.24  .06 -.11 -.06  .00  .12  .05  .11  .28* .01  .16 -.10  .01  .02  .15 -.13 -.07 -.07 -.10

 [B] Entire series, effect on correlation (  .322) is:
       Lower   1993< -.041   1952> -.029   1941< -.022   1891> -.016   1970< -.014   1990< -.013  Higher   1977  .070   1953  .014
     1900 to 1949 segment:
       Lower   1941< -.072   1944> -.024   1932> -.022   1937< -.021   1934> -.019   1916< -.018  Higher   1939  .038   1922  .028
     1910 to 1959 segment:
       Lower   1952> -.068   1941< -.060   1944> -.019   1937< -.018   1932> -.017   1934> -.015  Higher   1953  .036   1939  .031
     1920 to 1969 segment:
       Lower   1952> -.077   1941< -.057   1944> -.023   1932> -.021   1934> -.018   1960< -.018  Higher   1953  .045   1939  .042

 [E] Outliers     1   3.0 SD above or -4.5 SD below mean for year
       1952 +3.7 SD
====================================================================================================================================
PART 7:  DESCRIPTIVE STATISTICS:                                                                   09:53  Sat 26 Jan 2019  Page   6
------------------------------------------------------------------------------------------------------------------------------------

                                                Corr   //-------- Unfiltered --------\\  //---- Filtered -----\\
                           No.    No.    No.    with   Mean   Max     Std   Auto   Mean   Max     Std   Auto  AR
 Seq Series   Interval   Years  Segmt  Flags   Master  msmt   msmt    dev   corr   sens  value    dev   corr  ()
 --- -------- ---------  -----  -----  -----   ------ -----  -----  -----  -----  -----  -----  -----  -----  --
   1 80640A   1915 2006     92      6      0    .521   1.23   2.26   .472   .689   .230   2.51   .449  -.046   1
   2 91385    1884 2009    126      8      1    .434   1.43   3.07   .514   .689   .211   2.66   .466   .040   1
   3 121162   1895 2004    110      8      0    .528    .98   3.43   .678   .857   .244   2.82   .563  -.040   1
   4 70162    1892 2008    117      8      0    .503   1.71   7.06  1.450   .907   .312   2.67   .448   .014   2
   5 91302    1896 2009    114      8      1    .313   2.38   5.17  1.145   .857   .204   2.41   .272  -.025   1
   6 91332    1921 2009     89      5      0    .478   2.38   4.57   .638   .481   .217   2.68   .419  -.057   1
   7 50336    1893 2009    117      8      0    .455   1.06   4.28   .731   .844   .255   2.94   .600   .046   2
   8 80554    1943 2008     66      3      0    .615   2.52   4.91   .925   .568   .254   2.62   .430  -.098   1
   9 50356    1928 2009     82      5      0    .439   2.14   3.28   .452   .253   .191   2.53   .428  -.018   1
  10 140810   1923 2009     87      5      1    .396   1.00   2.82   .542   .742   .294   2.84   .579  -.032   1
  11 131061   1925 2007     83      5      0    .498   1.33   2.75   .639   .689   .309   2.85   .455   .046   1
  12 80503    1900 2008    109      7      2    .380    .87   2.53   .573   .907   .212   2.61   .353  -.037   1
  13 100963   1951 2008     58      2      2    .158    .89   3.56   .682   .797   .350   2.61   .466  -.095   2
  14 131091   1918 2009     92      6      1    .325   1.19   4.24   .955   .905   .241   2.64   .332  -.111   1
  15 50262    1940 2010     71      4      3    .245    .66   1.51   .207   .253   .259   2.79   .488   .015   1
  16 90552    1920 2009     90      5      0    .422   1.66   3.24   .612   .776   .186   2.67   .505  -.053   1
  17 131138   1926 2009     84      5      1    .493   1.04   2.08   .512   .736   .268   2.71   .551  -.102   1
  18 121301   1931 2009     79      4      2    .276    .84   2.36   .535   .834   .278   2.70   .499  -.123   1
  19 60124    1899 2009    111      8      6    .258   1.08   3.61   .750   .869   .254   2.58   .393  -.014   2
  20 190929A  1930 2015     86      5      2    .279    .64   2.04   .406   .802   .278   2.81   .619  -.049   1
  21 50442    1907 2008    102      7      3    .351   1.37   3.57   .764   .851   .251   2.49   .338  -.046   1
  22 130788   1917 2006     90      6      3    .252    .71   3.43   .644   .838   .337   2.68   .478  -.056   1
  23 111081r  1892 2009    118      8      0    .426   1.60   4.19   .902   .811   .259   2.86   .397   .031   2
  24 60358r   1890 1995    106      7      3    .322    .85   1.95   .467   .760   .297   2.76   .497  -.140   1
 --- -------- ---------  -----  -----  -----   ------ -----  -----  -----  -----  -----  -----  -----  -----  --
 Total or mean:           2279    143     31    .394   1.32   7.06   .693   .754   .256   2.94   .456  -.035

                                              - = [  COFECHA CAOVLCOF  ] = -
