[]  Dendrochronology Program Library                                        Run FRNI   Program COF  08:14  Fri 07 Sep 2018  Page   1
[]
[]  P R O G R A M      C O F E C H A                                                                          Version 6.06P    30567
------------------------------------------------------------------------------------------------------------------------------------

 QUALITY CONTROL AND DATING CHECK OF TREE-RING MEASUREMENTS

 File of DATED series:   frni_drop.rwl

 CONTENTS:

    Part 1:  Title page, options selected, summary, absent rings by series
    Part 2:  Histogram of time spans
    Part 3:  Master series with sample depth and absent rings by year
    Part 4:  Bar plot of Master Dating Series
    Part 5:  Correlation by segment of each series with Master
    Part 6:  Potential problems: low correlation, divergent year-to-year changes, absent rings, outliers
    Part 7:  Descriptive statistics

 RUN CONTROL OPTIONS SELECTED                             VALUE

         1  Cubic smoothing spline 50% wavelength cutoff for filtering
                                                            32 years
         2  Segments examined are                           50 years lagged successively by  10 years
         3  Autoregressive model applied                     A  Residuals are used in master dating series and testing
         4  Series transformed to logarithms                 Y  Each series log-transformed for master dating series and testing
         5  CORRELATION is Pearson (parametric, quantitative)
            Critical correlation, 99% confidence level   .3281
         6  Master dating series saved                       N
         7  Ring measurements listed                         N
         8  Parts printed                              1234567 
         9  Absent rings are omitted from master series and segment correlations  (Y)

 Time span of Master dating series is  1871 to  2016   146 years
 Continuous time span is               1871 to  2016   146 years
 Portion with two or more series is    1904 to  2016   113 years


                                        ****************************************
                                        *C* Number of dated series        16 *C*
                                        *O* Master series 1871 2016  146 yrs *O*
                                        *F* Total rings in all series   1201 *F*
                                        *E* Total dated rings checked   1168 *E*
                                        *C* Series intercorrelation     .422 *C*
                                        *H* Average mean sensitivity    .254 *H*
                                        *A* Segments, possible problems   18 *A*
                                        *** Mean length of series       75.1 ***
                                        ****************************************

 ABSENT RINGS listed by SERIES:            (See Master Dating Series for absent rings listed by year)

               No ring measurements of zero value
PART 2:  TIME PLOT OF TREE-RING SERIES:                                                            08:14  Fri 07 Sep 2018  Page   2
------------------------------------------------------------------------------------------------------------------------------------
 1050 1100 1150 1200 1250 1300 1350 1400 1450 1500 1550 1600 1650 1700 1750 1800 1850 1900 1950 2000 2050 Ident   Seq Time-span  Yrs
   :    :    :    :    :    :    :    :    :    :    :    :    :    :    :    :    :    :    :    :    : -------- --- ---- ---- ----
   .    .    .    .    .    .    .    .    .    .    .    .    .    .    .    .    .    .    .<====>   . 30142A     1 1961 2011   51
   .    .    .    .    .    .    .    .    .    .    .    .    .    .    .    .    .    .    .<===>    . 40113A     2 1968 2005   38
   .    .    .    .    .    .    .    .    .    .    .    .    .    .    .    .    .    .<=========>   . 41039A     3 1916 2014   99
   .    .    .    .    .    .    .    .    .    .    .    .    .    .    .    .    .    <==========>   . 90716A     4 1905 2015  111
   .    .    .    .    .    .    .    .    .    .    .    .    .    .    .    .    .    .    .<===>    . 90718A     5 1964 2009   46
   .    .    .    .    .    .    .    .    .    .    .    .    .    .    .    .    .    .<=========>   . 102001A    6 1916 2014   99
   .    .    .    .    .    .    .    .    .    .    .    .    .    .    .    .    .    .    . <===>   . 30141A     7 1977 2015   39
   .    .    .    .    .    .    .    .    .    .    .    .    .    .    .    .    .    .<=========>   . 41040A     8 1917 2016  100
   .    .    .    .    .    .    .    .    .    .    .    .    .    .    .    .    .    .    . <===>   . 090759A    9 1973 2016   44
   .    .    .    .    .    .    .    .    .    .    .    .    .    .    .    .    .    .   <======>   . 190549A   10 1940 2016   77
   .    .    .    .    .    .    .    .    .    .    .    .    .    .    .    .    .    .    .<====>   . 190774A   11 1963 2014   52
   .    .    .    .    .    .    .    .    .    .    .    .    .    .    .    .    .    .   <======>   . 12171A    12 1943 2015   73
   .    .    .    .    .    .    .    .    .    .    .    .    .    .    .    .    .    .    <=====>   . 180968A   13 1955 2015   61
   .    .    .    .    .    .    .    .    .    .    .    .    .    .    .    .    . <============>    . 12221A    14 1871 2004  134
   .    .    .    .    .    .    .    .    .    .    .    .    .    .    .    .    .    <=========>    . 20155A    15 1904 2005  102
   .    .    .    .    .    .    .    .    .    .    .    .    .    .    .    .    .    .   <======>   . 22208A    16 1942 2016   75
   :    :    :    :    :    :    :    :    :    :    :    :    :    :    :    :    :    :    :    :    :
 1050 1100 1150 1200 1250 1300 1350 1400 1450 1500 1550 1600 1650 1700 1750 1800 1850 1900 1950 2000 2050
PART 3:  Master Dating Series:                                                                     08:14  Fri 07 Sep 2018  Page   3
------------------------------------------------------------------------------------------------------------------------------------
  Year  Value  No Ab    Year  Value  No Ab    Year  Value  No Ab    Year  Value  No Ab    Year  Value  No Ab    Year  Value  No Ab
  ------------------    ------------------    ------------------    ------------------    ------------------    ------------------
                        1900   .825   1       1950  -.864   9       2000  -.758  16
                        1901  2.284   1       1951  -.744   9       2001  -.288  16
                        1902  1.616   1       1952   .738   9       2002  -.314  16
                        1903   .942   1       1953   .838   9       2003  -.159  16
                        1904  1.251   2       1954  -.123   9       2004   .512  16
                        1905  -.219   3       1955   .106  10       2005   .349  15
                        1906 -1.363   3       1956   .495  10       2006   .374  13
                        1907  -.685   3       1957   .892  10       2007   .674  13
                        1908 -1.174   3       1958   .993  10       2008  -.043  13
                        1909  -.858   3       1959   .802  10       2009   .480  13

                        1910  1.179   3       1960  -.328  10       2010   .245  12
                        1911  -.394   3       1961  1.201  11       2011   .302  12
                        1912   .376   3       1962  -.146  11       2012  -.600  11
                        1913   .132   3       1963   .515  12       2013   .074  11
                        1914   .907   3       1964   .181  13       2014   .728  11
                        1915  1.616   3       1965  -.240  13       2015   .217   8
                        1916  1.312   5       1966  -.658  13       2016 -4.203   4
                        1917   .773   6       1967  -.368  13
                        1918   .209   6       1968  -.498  14
                        1919   .590   6       1969   .071  14

                        1920 -1.137   6       1970  -.511  14
  1871   .446   1       1921  -.274   6       1971  -.871  14
  1872  1.264   1       1922  -.383   6       1972  -.404  14
  1873  1.750   1       1923  -.081   6       1973   .393  15
  1874  -.536   1       1924 -3.045   6       1974   .252  15
  1875  -.261   1       1925 -2.003   6       1975  -.155  15
  1876  -.636   1       1926 -1.426   6       1976  -.069  15
  1877 -2.135   1       1927   .883   6       1977 -1.995  16
  1878  -.048   1       1928   .174   6       1978  -.282  16
  1879 -2.261   1       1929  -.242   6       1979   .128  16

  1880  2.643   1       1930  -.507   6       1980   .597  16
  1881  -.984   1       1931   .018   6       1981   .514  16
  1882   .242   1       1932   .018   6       1982   .582  16
  1883  -.502   1       1933   .867   6       1983   .659  16
  1884   .333   1       1934  -.016   6       1984   .702  16
  1885  -.519   1       1935  -.001   6       1985   .634  16
  1886  -.519   1       1936  1.203   6       1986  -.092  16
  1887  1.641   1       1937  1.154   6       1987   .452  16
  1888   .825   1       1938  1.073   6       1988   .499  16
  1889  -.416   1       1939   .006   6       1989   .011  16

  1890   .211   1       1940  1.097   7       1990  -.211  16
  1891  -.716   1       1941   .519   7       1991 -1.867  16
  1892 -1.658   1       1942  1.619   8       1992  -.984  16
  1893 -2.023   1       1943  1.054   9       1993  -.092  16
  1894  -.311   1       1944   .067   9       1994  -.121  16
  1895  -.491   1       1945  -.370   9       1995   .082  16
  1896  -.794   1       1946  -.279   9       1996   .022  16
  1897  -.515   1       1947 -2.791   9       1997   .162  16
  1898   .838   1       1948 -1.228   9       1998   .381  16
  1899  2.037   1       1949 -1.488   9       1999   .425  16
------------------------------------------------------------------------------------------------------------------------------------
PART 4:  Master Bar Plot:                                                                          08:14  Fri 07 Sep 2018  Page   4
------------------------------------------------------------------------------------------------------------------------------------
   Year Rel value  Year Rel value  Year Rel value  Year Rel value  Year Rel value  Year Rel value  Year Rel value  Year Rel value
                   1900---------C  1950-c          2000-c
                   1901----------I 1951-c          2001---a
                   1902----------F 1952--------C   2002---a
                   1903---------D  1953---------C  2003----a
                   1904---------E  1954----@       2004-------B
                   1905---a        1955-----@      2005-------A
                   1906-e          1956-------B    2006-------A
                   1907--c         1957---------D  2007--------C
                   1908-e          1958---------D  2008-----@
                   1909-c          1959--------C   2009-------B
                   1910---------E  1960---a        2010------A
                   1911---b        1961---------E  2011------A
                   1912-------B    1962----a       2012--b
                   1913------A     1963-------B    2013-----@
                   1914---------D  1964------A     2014--------C
                   1915----------F 1965---a        2015------A
                   1916----------E 1966--c         2016q
                   1917--------C   1967---a
                   1918------A     1968--b
                   1919-------B    1969-----@
                   1920-e          1970--b
   1871-------B    1921---a        1971-c
   1872---------E  1922---b        1972---b
   1873----------G 1923----@       1973-------B
   1874--b         1924l           1974------A
   1875---a        1925h           1975----a
   1876--c         1926-f          1976----@
   1877i           1927---------D  1977h
   1878-----@      1928------A     1978---a
   1879i           1929---a        1979------A
   1880----------K 1930--b         1980--------B
   1881-d          1931-----@      1981-------B
   1882------A     1932-----@      1982-------B
   1883--b         1933---------C  1983--------C
   1884------A     1934-----@      1984--------C
   1885--b         1935-----@      1985--------C
   1886--b         1936---------E  1986----@
   1887----------G 1937---------E  1987-------B
   1888---------C  1938---------D  1988-------B
   1889--b         1939-----@      1989-----@
   1890------A     1940---------D  1990----a
   1891-c          1941-------B    1991g
   1892g           1942----------F 1992-d
   1893h           1943---------D  1993----@
   1894---a        1944-----@      1994----@
   1895--b         1945---a        1995-----@
   1896-c          1946---a        1996-----@
   1897--b         1947k           1997------A
   1898---------C  1948-e          1998-------B
   1899----------H 1949f           1999-------B
PART 5:  CORRELATION OF SERIES BY SEGMENTS:                                                        08:14  Fri 07 Sep 2018  Page   5
------------------------------------------------------------------------------------------------------------------------------------
 Correlations of  50-year dated segments, lagged  10 years
 Flags:  A = correlation under   .3281 but highest as dated;  B = correlation higher at other than dated position

 Seq Series  Time_span   1900 1910 1920 1930 1940 1950 1960 1970
                         1949 1959 1969 1979 1989 1999 2009 2019
 --- -------- ---------  ---- ---- ---- ---- ---- ---- ---- ---- ---- ---- ---- ---- ---- ---- ---- ---- ---- ---- ---- ----
   1 30142A   1961 2011                                 .35  .35
   2 40113A   1968 2005                                 .44
   3 41039A   1916 2014        .59  .61  .47  .38  .21B .26A .27A
   4 90716A   1905 2015   .50  .61  .58  .55  .49  .49  .49  .40
   5 90718A   1964 2009                                 .43
   6 102001A  1916 2014        .50  .49  .55  .52  .31A .14B .21A
   7 30141A   1977 2015                                      .33
   8 41040A   1917 2016        .53  .52  .63  .63  .40  .50  .65
   9 090759A  1973 2016                                      .20A
  10 190549A  1940 2016                       .37  .38  .44  .65
  11 190774A  1963 2014                                 .29A .32A
  12 12171A   1943 2015                       .41  .31A .29B .29B
  13 180968A  1955 2015                            .22B .21A .13B
  14 12221A   1871 2004   .37  .39  .47  .47  .56  .47  .45
  15 20155A   1904 2005   .52  .50  .46  .42  .40  .43  .40
  16 22208A   1942 2016                       .32A .28A .26B .61
 Av segment correlation   .46  .52  .52  .51  .45  .35  .35  .37
PART 6:  POTENTIAL PROBLEMS:                                                                       08:14  Fri 07 Sep 2018  Page   5
------------------------------------------------------------------------------------------------------------------------------------

 For each series with potential problems the following diagnostics may appear:

 [A] Correlations with master dating series of flagged  50-year segments of series filtered with  32-year spline,
     at every point from ten years earlier (-10) to ten years later (+10) than dated

 [B] Effect of those data values which most lower or raise correlation with master series
     Symbol following year indicates value in series is greater (>) or lesser (<) than master series value

 [C] Year-to-year changes very different from the mean change in other series

 [D] Absent rings (zero values)

 [E] Values which are statistical outliers from mean for the year
====================================================================================================================================

 30142A    1961 to  2011      51 years                                                                                    Series   1

 [B] Entire series, effect on correlation (  .341) is:
       Lower   1973< -.036   1966> -.030   1968> -.020   1976> -.018   1990< -.017   1961< -.011  Higher   1977  .089   1962  .035

 [E] Outliers     1   3.0 SD above or -4.5 SD below mean for year
       1969 +3.4 SD
====================================================================================================================================

 40113A    1968 to  2005      38 years                                                                                    Series   2

 [B] Entire series, effect on correlation (  .440) is:
       Lower   1978< -.066   1988< -.046   1975> -.041   2000> -.037   1993< -.035   1998< -.013  Higher   1977  .316   1973  .016

 [C] Year-to-year changes diverging by over 4.0 std deviations:
       1977 1978  -4.8 SD

 [E] Outliers     1   3.0 SD above or -4.5 SD below mean for year
       1976 +3.1 SD
====================================================================================================================================

 41039A    1916 to  2014      99 years                                                                                    Series   3

 [A] Segment   High   -10   -9   -8   -7   -6   -5   -4   -3   -2   -1   +0   +1   +2   +3   +4   +5   +6   +7   +8   +9  +10
    ---------  ----   ---  ---  ---  ---  ---  ---  ---  ---  ---  ---  ---  ---  ---  ---  ---  ---  ---  ---  ---  ---  ---
    1950 1999  -10    .25*-.03 -.02 -.04 -.28 -.19 -.07  .06 -.27 -.14  .21|-.02  .09 -.29 -.23  .07  .18  .11  .11  .23  .04
    1960 2009    0    .13 -.01  .12 -.20 -.23 -.03 -.11  .17 -.18 -.09  .26*-.11  .10 -.36 -.20 -.01  .03  .01    -    -    -
    1965 2014    0    .11 -.03  .13 -.14 -.16 -.01 -.07  .19 -.16 -.09  .27*-.04  .00    -    -    -    -    -    -    -    -

 [B] Entire series, effect on correlation (  .479) is:
       Lower   1980< -.037   1977> -.021   1963< -.020   1971> -.017   1942< -.016   1926> -.013  Higher   1947  .100   1924  .068
     1950 to 1999 segment:
       Lower   1980< -.082   1963< -.044   1971> -.038   1984< -.030   1957< -.022   1977> -.016  Higher   1991  .112   1952  .038
     1960 to 2009 segment:
       Lower   1980< -.096   1963< -.052   1971> -.040   1984< -.035   1977> -.028   1981< -.015  Higher   1991  .103   2000  .020
     1965 to 2014 segment:
       Lower   1980< -.101   1971> -.042   1984< -.037   1977> -.034   2014< -.020   1981< -.016  Higher   1991  .113   2012  .025

 [E] Outliers     3   3.0 SD above or -4.5 SD below mean for year
       1926 +3.1 SD;    1952 +3.0 SD;    1971 +3.1 SD
====================================================================================================================================

 90716A    1905 to  2015     111 years                                                                                    Series   4

 [B] Entire series, effect on correlation (  .425) is:
       Lower   1909> -.020   1906> -.017   2005< -.015   2010> -.013   1996< -.012   1970> -.010  Higher   1991  .043   1977  .025

 [E] Outliers     3   3.0 SD above or -4.5 SD below mean for year
       1909 +3.6 SD;    1990 +3.1 SD;    2010 +3.5 SD
====================================================================================================================================

 90718A    1964 to  2009      46 years                                                                                    Series   5

 [B] Entire series, effect on correlation (  .427) is:
       Lower   1977> -.039   1965> -.030   1987< -.028   1973< -.020   2005< -.016   2003> -.012  Higher   1991  .177   2000  .039

====================================================================================================================================

 102001A   1916 to  2014      99 years                                                                                    Series   6

 [A] Segment   High   -10   -9   -8   -7   -6   -5   -4   -3   -2   -1   +0   +1   +2   +3   +4   +5   +6   +7   +8   +9  +10
    ---------  ----   ---  ---  ---  ---  ---  ---  ---  ---  ---  ---  ---  ---  ---  ---  ---  ---  ---  ---  ---  ---  ---
    1950 1999    0   -.13  .15 -.21 -.22 -.06 -.05 -.06 -.21 -.13  .07  .31* .03  .24  .01 -.16  .13  .08 -.10  .03 -.09  .07
    1960 2009    2   -.11  .23 -.23 -.20 -.05 -.11  .05 -.27 -.15 -.01  .14|-.01  .23*-.07 -.20  .12  .09 -.08    -    -    -
    1965 2014    0   -.12  .21 -.08 -.11 -.11 -.05  .13 -.21 -.08 -.03  .21* .17 -.02    -    -    -    -    -    -    -    -

 [B] Entire series, effect on correlation (  .395) is:
       Lower   2004< -.026   1962> -.017   1960< -.017   1988< -.015   2008> -.011   1961< -.011  Higher   1947  .105   1977  .035
     1950 to 1999 segment:
       Lower   1962> -.041   1988< -.028   1961< -.027   1963< -.021   1991> -.016   1951> -.010  Higher   1977  .099   1957  .015
     1960 to 2009 segment:
       Lower   2004< -.045   1962> -.035   1988< -.023   2008> -.022   2000> -.020   1963< -.017  Higher   1977  .118   1973  .019
     1965 to 2014 segment:
       Lower   2004< -.066   1988< -.035   2008> -.025   2007< -.024   2012> -.021   2000> -.021  Higher   1977  .150   2014  .022

====================================================================================================================================

 30141A    1977 to  2015      39 years                                                                                    Series   7

 [B] Entire series, effect on correlation (  .332) is:
       Lower   1991> -.101   1992< -.028   2012> -.023   2015> -.023   1990> -.020   1980< -.020  Higher   1977  .381   2000  .009

 [C] Year-to-year changes diverging by over 4.0 std deviations:
       1991 1992  -4.4 SD

 [E] Outliers     2   3.0 SD above or -4.5 SD below mean for year
       1977 -4.5 SD;    1991 +3.8 SD
====================================================================================================================================

 41040A    1917 to  2016     100 years                                                                                    Series   8

 [B] Entire series, effect on correlation (  .585) is:
       Lower   1924> -.050   1962> -.018   1987< -.011   1990< -.010   1998< -.008   1931< -.008  Higher   1947  .059   2016  .059

 [E] Outliers     1   3.0 SD above or -4.5 SD below mean for year
       1927 +3.3 SD
====================================================================================================================================

 090759A   1973 to  2016      44 years                                                                                    Series   9

 [A] Segment   High   -10   -9   -8   -7   -6   -5   -4   -3   -2   -1   +0   +1   +2   +3   +4   +5   +6   +7   +8   +9  +10
    ---------  ----   ---  ---  ---  ---  ---  ---  ---  ---  ---  ---  ---  ---  ---  ---  ---  ---  ---  ---  ---  ---  ---
    1973 2016    0   -.04  .10 -.24  .09  .10 -.11 -.03 -.10 -.09 -.14  .20*   -    -    -    -    -    -    -    -    -    -

 [B] Entire series, effect on correlation (  .199) is:
       Lower   2008> -.058   1974< -.030   2016> -.027   1997< -.020   1988< -.019   1987< -.013  Higher   1977  .129   1991  .025
     1973 to 2016 segment:
       Lower   2008> -.058   1974< -.030   2016> -.027   1997< -.020   1988< -.019   1987< -.013  Higher   1977  .129   1991  .025

 [C] Year-to-year changes diverging by over 4.0 std deviations:
       2015 2016   5.3 SD

 [E] Outliers     3   3.0 SD above or -4.5 SD below mean for year
       1993 +3.1 SD;    2008 +4.6 SD;    2016 +4.2 SD
====================================================================================================================================

 190549A   1940 to  2016      77 years                                                                                    Series  10

 [B] Entire series, effect on correlation (  .574) is:
       Lower   1947> -.021   2005> -.018   1954> -.017   1971> -.015   1976< -.013   1953< -.012  Higher   2016  .140   1991  .036

====================================================================================================================================

 190774A   1963 to  2014      52 years                                                                                    Series  11

 [A] Segment   High   -10   -9   -8   -7   -6   -5   -4   -3   -2   -1   +0   +1   +2   +3   +4   +5   +6   +7   +8   +9  +10
    ---------  ----   ---  ---  ---  ---  ---  ---  ---  ---  ---  ---  ---  ---  ---  ---  ---  ---  ---  ---  ---  ---  ---
    1963 2012    0    .12  .20  .01  .17 -.01  .18 -.19 -.35  .27  .00  .29*-.12 -.06 -.09  .02    -    -    -    -    -    -
    1965 2014    0    .13  .24 -.01  .15 -.08  .13 -.16 -.34  .21  .04  .32*-.07 -.16    -    -    -    -    -    -    -    -

 [B] Entire series, effect on correlation (  .319) is:
       Lower   1982< -.036   1979< -.035   1973< -.026   1968> -.026   1994> -.024   1966> -.018  Higher   1977  .117   2000  .063
     1963 to 2012 segment:
       Lower   1982< -.037   1979< -.036   1968> -.027   1973< -.026   1994> -.024   1966> -.020  Higher   1977  .127   2000  .069
     1965 to 2014 segment:
       Lower   1982< -.036   1979< -.036   1968> -.028   1994> -.026   1973< -.026   1966> -.021  Higher   1977  .119   2000  .064

====================================================================================================================================

 12171A    1943 to  2015      73 years                                                                                    Series  12

 [A] Segment   High   -10   -9   -8   -7   -6   -5   -4   -3   -2   -1   +0   +1   +2   +3   +4   +5   +6   +7   +8   +9  +10
    ---------  ----   ---  ---  ---  ---  ---  ---  ---  ---  ---  ---  ---  ---  ---  ---  ---  ---  ---  ---  ---  ---  ---
    1950 1999    0   -.23 -.16  .15 -.21 -.01 -.13 -.10 -.06  .23 -.07  .31* .15  .14 -.01  .21 -.20  .09  .22 -.28  .29 -.31
    1960 2009   -8   -.10 -.12  .33*-.15 -.05 -.04 -.29 -.03  .17 -.16  .29| .07  .15  .06  .06 -.10 -.01  .07    -    -    -
    1966 2015   -8   -.07 -.09  .30*-.14 -.04 -.03 -.29 -.02  .08 -.04  .29|-.03    -    -    -    -    -    -    -    -    -

 [B] Entire series, effect on correlation (  .421) is:
       Lower   1968< -.039   1991> -.024   2007< -.022   1973< -.014   1966> -.012   1970< -.010  Higher   1947  .068   1977  .035
     1950 to 1999 segment:
       Lower   1968< -.034   1991> -.030   1973< -.019   1966> -.019   1954> -.015   1960> -.014  Higher   1977  .076   1962  .036
     1960 to 2009 segment:
       Lower   1991> -.033   1968< -.032   2007< -.030   1966> -.019   1973< -.018   1960> -.015  Higher   1977  .071   1962  .033
     1966 to 2015 segment:
       Lower   1991> -.042   2007< -.031   1968< -.029   1966> -.021   1973< -.019   1992> -.013  Higher   1977  .073   2000  .022

====================================================================================================================================

 180968A   1955 to  2015      61 years                                                                                    Series  13

 [A] Segment   High   -10   -9   -8   -7   -6   -5   -4   -3   -2   -1   +0   +1   +2   +3   +4   +5   +6   +7   +8   +9  +10
    ---------  ----   ---  ---  ---  ---  ---  ---  ---  ---  ---  ---  ---  ---  ---  ---  ---  ---  ---  ---  ---  ---  ---
    1955 2004   -6   -.20  .12  .15 -.17  .30*-.01  .05  .13  .04 -.05  .22|-.18  .03 -.08 -.11  .10  .09 -.19 -.13 -.36 -.19
    1960 2009    0   -.15  .15  .05 -.28  .18  .10 -.03  .18  .03 -.20  .21*-.17 -.01  .05 -.14  .00  .14 -.14    -    -    -
    1966 2015   -6    .03  .13  .07 -.20  .13* .12  .07  .06  .09 -.13  .13|-.14    -    -    -    -    -    -    -    -    -

 [B] Entire series, effect on correlation (  .211) is:
       Lower   1991> -.075   2005< -.045   1955< -.027   2004< -.018   2010< -.016   1968> -.013  Higher   2000  .048   1961  .041
     1955 to 2004 segment:
       Lower   1991> -.092   1955< -.040   2004< -.025   1968> -.016   1986> -.014   1989> -.012  Higher   2000  .061   1961  .054
     1960 to 2009 segment:
       Lower   1991> -.088   2005< -.063   2004< -.023   1968> -.014   1986> -.012   1989> -.011  Higher   2000  .053   1961  .052
     1966 to 2015 segment:
       Lower   1991> -.081   2005< -.054   2004< -.023   2010< -.021   1968> -.014   1986> -.012  Higher   2000  .067   2014  .025

 [E] Outliers     3   3.0 SD above or -4.5 SD below mean for year
       1982 +3.1 SD;    1991 +3.3 SD;    2005 -5.6 SD
====================================================================================================================================

 12221A    1871 to  2004     134 years                                                                                    Series  14

 [*] Early part of series cannot be checked from 1871 to 1903 -- not matched by another series

 [B] Entire series, effect on correlation (  .386) is:
       Lower   1911> -.030   1920> -.024   1916< -.018   1962> -.016   1939> -.014   1937< -.012  Higher   1924  .070   1947  .031

 [C] Year-to-year changes diverging by over 4.0 std deviations:
       1923 1924  -4.1 SD

 [E] Outliers     1   3.0 SD above or -4.5 SD below mean for year
       1924 -6.2 SD
====================================================================================================================================

 20155A    1904 to  2005     102 years                                                                                    Series  15

 [B] Entire series, effect on correlation (  .457) is:
       Lower   1981< -.024   1970> -.020   1989< -.011   1911< -.009   1966< -.009   1936< -.008  Higher   1920  .026   1977  .023

 [E] Outliers     2   3.0 SD above or -4.5 SD below mean for year
       1970 +3.2 SD;    1998 +3.2 SD
====================================================================================================================================

 22208A    1942 to  2016      75 years                                                                                    Series  16

 [A] Segment   High   -10   -9   -8   -7   -6   -5   -4   -3   -2   -1   +0   +1   +2   +3   +4   +5   +6   +7   +8   +9  +10
    ---------  ----   ---  ---  ---  ---  ---  ---  ---  ---  ---  ---  ---  ---  ---  ---  ---  ---  ---  ---  ---  ---  ---
    1942 1991    0    .00  .03 -.09 -.16  .05 -.01  .04  .12  .13  .27  .32*-.05 -.05  .04 -.14 -.04 -.12 -.05  .03  .08 -.30
    1950 1999    0   -.01  .01 -.07 -.14  .05  .02  .06  .15  .03  .26  .28*-.14 -.09  .01 -.08  .15 -.09 -.01  .11  .08 -.36
    1960 2009   -1    .01  .21 -.01 -.09  .11  .02  .06  .20 -.04  .26* .26|-.23 -.06 -.05 -.04  .13 -.07  .03    -    -    -

 [B] Entire series, effect on correlation (  .468) is:
       Lower   1947> -.048   1963< -.045   1990> -.034   1962> -.027   1969< -.022   1978< -.011  Higher   2016  .167   1991  .052
     1942 to 1991 segment:
       Lower   1963< -.066   1990> -.044   1947> -.044   1962> -.035   1969< -.032   1978< -.017  Higher   1991  .122   1942  .043
     1950 to 1999 segment:
       Lower   1963< -.069   1990> -.059   1962> -.054   1969< -.031   1960> -.020   1975> -.017  Higher   1991  .201   1977  .053
     1960 to 2009 segment:
       Lower   1963< -.072   1990> -.050   1962> -.049   1969< -.033   1978< -.018   1960> -.018  Higher   1991  .198   1977  .056

 [E] Outliers     1   3.0 SD above or -4.5 SD below mean for year
       1990 +4.2 SD
====================================================================================================================================
PART 7:  DESCRIPTIVE STATISTICS:                                                                   08:14  Fri 07 Sep 2018  Page   6
------------------------------------------------------------------------------------------------------------------------------------

                                                Corr   //-------- Unfiltered --------\\  //---- Filtered -----\\
                           No.    No.    No.    with   Mean   Max     Std   Auto   Mean   Max     Std   Auto  AR
 Seq Series   Interval   Years  Segmt  Flags   Master  msmt   msmt    dev   corr   sens  value    dev   corr  ()
 --- -------- ---------  -----  -----  -----   ------ -----  -----  -----  -----  -----  -----  -----  -----  --
   1 30142A   1961 2011     51      2      0    .341   1.16   3.63   .812   .846   .198   2.84   .542   .001   1
   2 40113A   1968 2005     38      1      0    .440    .59   2.15   .547   .694   .397   2.67   .468   .080   1
   3 41039A   1916 2014     99      7      3    .479   1.60   3.35   .656   .747   .197   2.76   .408  -.064   3
   4 90716A   1905 2015    111      8      0    .425   1.48   2.92   .527   .701   .212   2.70   .403  -.015   1
   5 90718A   1964 2009     46      1      0    .427    .83   3.17   .618   .607   .361   3.05   .534  -.068   1
   6 102001A  1916 2014     99      7      3    .395    .99   2.16   .483   .826   .215   2.64   .445  -.047   1
   7 30141A   1977 2015     39      1      0    .332    .99   2.49   .621   .820   .250   2.54   .449  -.059   1
   8 41040A   1917 2016    100      7      0    .585   1.62   3.83   .702   .752   .189   2.71   .436   .010   1
   9 090759A  1973 2016     44      1      1    .199    .75   2.62   .731   .853   .318   3.17   .623  -.024   1
  10 190549A  1940 2016     77      4      0    .574   1.04   3.03   .751   .776   .322   2.70   .418   .002   1
  11 190774A  1963 2014     52      2      2    .319    .81   3.05   .555   .750   .220   2.77   .498  -.021   2
  12 12171A   1943 2015     73      4      3    .421    .48   1.41   .252   .628   .300   2.99   .501   .023   1
  13 180968A  1955 2015     61      3      3    .211    .78   3.15   .717   .846   .291   2.86   .547  -.006   1
  14 12221A   1871 2004    134      7      0    .386    .87   3.91   .602   .773   .231   2.58   .276  -.024   1
  15 20155A   1904 2005    102      7      0    .457    .68   1.96   .426   .769   .295   2.84   .629  -.006   1
  16 22208A   1942 2016     75      4      3    .468    .98   3.00   .654   .854   .262   2.92   .448  -.006   2
 --- -------- ---------  -----  -----  -----   ------ -----  -----  -----  -----  -----  -----  -----  -----  --
 Total or mean:           1201     66     18    .422   1.03   3.91   .592   .764   .254   3.17   .458  -.016

                                              - = [  COFECHA FRNI COF  ] = -
