[]  Dendrochronology Program Library                                        Run JU2    Program COF  19:51  Thu 06 Sep 2018  Page   1
[]
[]  P R O G R A M      C O F E C H A                                                                          Version 6.06P    30566
------------------------------------------------------------------------------------------------------------------------------------

 QUALITY CONTROL AND DATING CHECK OF TREE-RING MEASUREMENTS

 File of DATED series:   juni_drop.rwl

 CONTENTS:

    Part 1:  Title page, options selected, summary, absent rings by series
    Part 2:  Histogram of time spans
    Part 3:  Master series with sample depth and absent rings by year
    Part 4:  Bar plot of Master Dating Series
    Part 5:  Correlation by segment of each series with Master
    Part 6:  Potential problems: low correlation, divergent year-to-year changes, absent rings, outliers
    Part 7:  Descriptive statistics

 RUN CONTROL OPTIONS SELECTED                             VALUE

         1  Cubic smoothing spline 50% wavelength cutoff for filtering
                                                            32 years
         2  Segments examined are                           50 years lagged successively by  10 years
         3  Autoregressive model applied                     A  Residuals are used in master dating series and testing
         4  Series transformed to logarithms                 Y  Each series log-transformed for master dating series and testing
         5  CORRELATION is Pearson (parametric, quantitative)
            Critical correlation, 99% confidence level   .3281
         6  Master dating series saved                       N
         7  Ring measurements listed                         N
         8  Parts printed                              1234567 
         9  Absent rings are omitted from master series and segment correlations  (Y)

 Time span of Master dating series is  1880 to  2010   131 years
 Continuous time span is               1880 to  2010   131 years
 Portion with two or more series is    1891 to  2010   120 years


                                        ****************************************
                                        *C* Number of dated series        30 *C*
                                        *O* Master series 1880 2010  131 yrs *O*
                                        *F* Total rings in all series   2456 *F*
                                        *E* Total dated rings checked   2445 *E*
                                        *C* Series intercorrelation     .473 *C*
                                        *H* Average mean sensitivity    .314 *H*
                                        *A* Segments, possible problems   17 *A*
                                        *** Mean length of series       81.9 ***
                                        ****************************************

 ABSENT RINGS listed by SERIES:            (See Master Dating Series for absent rings listed by year)

               No ring measurements of zero value
PART 2:  TIME PLOT OF TREE-RING SERIES:                                                            19:51  Thu 06 Sep 2018  Page   2
------------------------------------------------------------------------------------------------------------------------------------
 1050 1100 1150 1200 1250 1300 1350 1400 1450 1500 1550 1600 1650 1700 1750 1800 1850 1900 1950 2000 2050 Ident   Seq Time-span  Yrs
   :    :    :    :    :    :    :    :    :    :    :    :    :    :    :    :    :    :    :    :    : -------- --- ---- ---- ----
   .    .    .    .    .    .    .    .    .    .    .    .    .    .    .    .    .    .<========>    . 112323     1 1913 2009   97
   .    .    .    .    .    .    .    .    .    .    .    .    .    .    .    .    .    . <=======>    . 10122      2 1929 2009   81
   .    .    .    .    .    .    .    .    .    .    .    .    .    .    .    .    .    .<========>    . 162575     3 1915 2009   95
   .    .    .    .    .    .    .    .    .    .    .    .    .    .    .    .    .    . <=======>    . 10010      4 1928 2009   82
   .    .    .    .    .    .    .    .    .    .    .    .    .    .    .    .    .    .   <=====>    . 12354      5 1945 2009   65
   .    .    .    .    .    .    .    .    .    .    .    .    .    .    .    .    .    .<========>    . 30315      6 1914 2009   96
   .    .    .    .    .    .    .    .    .    .    .    .    .    .    .    .    .    .<========>    . 200577     7 1910 2009  100
   .    .    .    .    .    .    .    .    .    .    .    .    .    .    .    .    .    .  <=======>   . 10296      8 1935 2010   76
   .    .    .    .    .    .    .    .    .    .    .    .    .    .    .    .    .    .    .<===>    . 12387      9 1966 2009   44
   .    .    .    .    .    .    .    .    .    .    .    .    .    .    .    .    .    .<========>    . 161554    10 1918 2009   92
   .    .    .    .    .    .    .    .    .    .    .    .    .    .    .    .    .    .<========>    . 190483    11 1916 2009   94
   .    .    .    .    .    .    .    .    .    .    .    .    .    .    .    .    .    .    .<===>    . 150761    12 1962 2009   48
   .    .    .    .    .    .    .    .    .    .    .    .    .    .    .    .    .    .   <=====>    . 172637    13 1943 2009   67
   .    .    .    .    .    .    .    .    .    .    .    .    .    .    .    .    .    .  <======>    . 201261    14 1934 2002   69
   .    .    .    .    .    .    .    .    .    .    .    .    .    .    .    .    .    .<========>    . 30226     15 1914 2003   90
   .    .    .    .    .    .    .    .    .    .    .    .    .    .    .    .    .    .    <====>    . 190074    16 1955 2009   55
   .    .    .    .    .    .    .    .    .    .    .    .    .    .    .    .    .    <=========>    . 202941    17 1907 2008  102
   .    .    .    .    .    .    .    .    .    .    .    .    .    .    .    .    .    .  <======>    . 192588    18 1930 2002   73
   .    .    .    .    .    .    .    .    .    .    .    .    .    .    .    .    .    . <=======>    . 172453    19 1923 2009   87
   .    .    .    .    .    .    .    .    .    .    .    .    .    .    .    .    .    . <=======>    . 202585    20 1924 2009   86
   .    .    .    .    .    .    .    .    .    .    .    .    .    .    .    .    .    . <=======>    . 152623    21 1925 2009   85
   .    .    .    .    .    .    .    .    .    .    .    .    .    .    .    .    .    .<========>    . 80694     22 1915 2009   95
   .    .    .    .    .    .    .    .    .    .    .    .    .    .    .    .    .    .    <====>    . 30135     23 1958 2009   52
   .    .    .    .    .    .    .    .    .    .    .    .    .    .    .    .    .    <=========>    . 122295    24 1904 2009  106
   .    .    .    .    .    .    .    .    .    .    .    .    .    .    .    .    .    .    <====>    . 40024A    25 1950 2009   60
   .    .    .    .    .    .    .    .    .    .    .    .    .    .    .    .    .    .    .  <==>   . 180341    26 1981 2010   30
   .    .    .    .    .    .    .    .    .    .    .    .    .    .    .    .    .   <==========>    . 162355    27 1898 2009  112
   .    .    .    .    .    .    .    .    .    .    .    .    .    .    .    .    .  <===========>    . 131360    28 1880 2009  130
   .    .    .    .    .    .    .    .    .    .    .    .    .    .    .    .    .   <==========>    . 72424     29 1891 2009  119
   .    .    .    .    .    .    .    .    .    .    .    .    .    .    .    .    .    .  <======>    . 180906    30 1933 2000   68
   :    :    :    :    :    :    :    :    :    :    :    :    :    :    :    :    :    :    :    :    :
 1050 1100 1150 1200 1250 1300 1350 1400 1450 1500 1550 1600 1650 1700 1750 1800 1850 1900 1950 2000 2050
PART 3:  Master Dating Series:                                                                     19:51  Thu 06 Sep 2018  Page   3
------------------------------------------------------------------------------------------------------------------------------------
  Year  Value  No Ab    Year  Value  No Ab    Year  Value  No Ab    Year  Value  No Ab    Year  Value  No Ab    Year  Value  No Ab
  ------------------    ------------------    ------------------    ------------------    ------------------    ------------------
                        1900   .428   3       1950   .846  25       2000   .539  30
                        1901  1.664   3       1951   .519  25       2001   .553  29
                        1902 -3.342   3       1952  -.045  25       2002   .019  29
                        1903  2.902   3       1953   .618  25       2003  -.498  27
                        1904   .428   4       1954   .702  25       2004   .439  26
                        1905   .288   4       1955   .793  26       2005  -.428  26
                        1906  -.564   4       1956   .328  26       2006  -.299  26
                        1907  -.106   5       1957   .050  26       2007   .308  26
                        1908  -.246   5       1958   .356  27       2008   .840  26
                        1909  -.470   5       1959 -1.179  27       2009   .836  25

                        1910   .267   6       1960  -.101  27       2010 -1.160   2
                        1911  -.881   6       1961  -.624  27
                        1912   .193   6       1962  -.774  28
                        1913  1.415   7       1963 -1.396  28
                        1914   .011   9       1964 -1.296  28
                        1915   .477  11       1965  -.020  28
                        1916  1.655  12       1966 -3.051  29
                        1917   .170  12       1967  -.150  29
                        1918 -1.504  13       1968   .478  29
                        1919   .549  13       1969   .746  29

                        1920  -.029  13       1970  1.051  29
                        1921  -.534  13       1971  -.165  29
                        1922   .902  13       1972   .792  29
                        1923 -1.078  14       1973   .085  29
                        1924   .007  15       1974  -.399  29
                        1925 -1.227  16       1975   .462  29
                        1926  -.275  16       1976  1.110  29
                        1927   .127  16       1977  -.457  29
                        1928  1.529  17       1978  1.088  29
                        1929  -.590  18       1979 -1.251  29

  1880   .474   1       1930 -2.620  19       1980  -.355  29
  1881  1.002   1       1931   .811  19       1981   .383  30
  1882  -.867   1       1932  -.013  19       1982   .896  30
  1883 -2.964   1       1933   .542  20       1983   .451  30
  1884  -.344   1       1934  -.077  21       1984  -.181  30
  1885   .047   1       1935  -.125  22       1985   .592  30
  1886 -1.470   1       1936   .717  22       1986  1.147  30
  1887  -.299   1       1937   .853  22       1987  -.769  30
  1888  -.393   1       1938  -.106  22       1988  -.644  30
  1889  3.086   1       1939  -.645  22       1989   .807  30

  1890  1.916   1       1940   .496  22       1990   .720  30
  1891  1.943   2       1941   .717  22       1991 -1.503  30
  1892   .037   2       1942   .851  22       1992   .089  30
  1893  -.667   2       1943  -.675  23       1993   .828  30
  1894  -.994   2       1944  -.649  23       1994   .395  30
  1895   .439   2       1945   .496  24       1995   .045  30
  1896  -.418   2       1946 -1.838  24       1996  -.873  30
  1897  -.476   2       1947   .108  24       1997 -1.146  30
  1898   .634   3       1948  -.414  24       1998   .111  30
  1899 -1.727   3       1949   .376  24       1999 -1.182  30
------------------------------------------------------------------------------------------------------------------------------------
PART 4:  Master Bar Plot:                                                                          19:51  Thu 06 Sep 2018  Page   4
------------------------------------------------------------------------------------------------------------------------------------
   Year Rel value  Year Rel value  Year Rel value  Year Rel value  Year Rel value  Year Rel value  Year Rel value  Year Rel value
                   1900-------B    1950---------C  2000-------B
                   1901----------G 1951-------B    2001-------B
                   1902m           1952----@       2002-----@
                   1903----------L 1953--------B   2003--b
                   1904-------B    1954--------C   2004-------B
                   1905------A     1955---------C  2005---b
                   1906--b         1956------A     2006---a
                   1907----@       1957-----@      2007------A
                   1908---a        1958------A     2008---------C
                   1909---b        1959-e          2009---------C
                   1910------A     1960----@       2010-e
                   1911-d          1961--b
                   1912------A     1962--c
                   1913----------F 1963f
                   1914-----@      1964e
                   1915-------B    1965-----@
                   1916----------G 1966l
                   1917-----A      1967----a
                   1918f           1968-------B
                   1919-------B    1969--------C
                   1920----@       1970---------D
                   1921--b         1971----a
                   1922---------D  1972---------C
                   1923-d          1973-----@
                   1924-----@      1974---b
                   1925-e          1975-------B
                   1926---a        1976---------D
                   1927-----A      1977---b
                   1928----------F 1978---------D
                   1929--b         1979e
   1880-------B    1930j           1980---a
   1881---------D  1931---------C  1981------B
   1882-c          1932-----@      1982---------D
   1883l           1933-------B    1983-------B
   1884---a        1934----@       1984----a
   1885-----@      1935----a       1985--------B
   1886f           1936--------C   1986---------E
   1887---a        1937---------C  1987--c
   1888---b        1938----@       1988--c
   1889----------L 1939--c         1989---------C
   1890----------H 1940-------B    1990--------C
   1891----------H 1941--------C   1991f
   1892-----@      1942---------C  1992-----@
   1893--c         1943--c         1993---------C
   1894-d          1944--c         1994------B
   1895-------B    1945-------B    1995-----@
   1896---b        1946g           1996-c
   1897--b         1947-----@      1997-e
   1898--------C   1948---b        1998-----@
   1899g           1949------B     1999-e
PART 5:  CORRELATION OF SERIES BY SEGMENTS:                                                        19:51  Thu 06 Sep 2018  Page   5
------------------------------------------------------------------------------------------------------------------------------------
 Correlations of  50-year dated segments, lagged  10 years
 Flags:  A = correlation under   .3281 but highest as dated;  B = correlation higher at other than dated position

 Seq Series  Time_span   1890 1900 1910 1920 1930 1940 1950 1960 1970 1980
                         1939 1949 1959 1969 1979 1989 1999 2009 2019 2029
 --- -------- ---------  ---- ---- ---- ---- ---- ---- ---- ---- ---- ---- ---- ---- ---- ---- ---- ---- ---- ---- ---- ----
   1 112323   1913 2009             .36  .47  .58  .73  .76  .71
   2 10122    1929 2009                  .42  .40  .55  .59  .39
   3 162575   1915 2009             .60  .55  .58  .56  .48  .47
   4 10010    1928 2009                  .54  .55  .53  .63  .75
   5 12354    1945 2009                            .55  .46  .45
   6 30315    1914 2009             .59  .58  .57  .52  .58  .53
   7 200577   1910 2009             .56  .58  .57  .55  .47  .37
   8 10296    1935 2010                       .37  .40  .36  .41  .43
   9 12387    1966 2009                                      .50
  10 161554   1918 2009             .60  .61  .59  .63  .72  .74
  11 190483   1916 2009             .61  .63  .62  .59  .57  .47
  12 150761   1962 2009                                      .49
  13 172637   1943 2009                            .69  .68  .64
  14 201261   1934 2002                       .52  .55  .46  .45
  15 30226    1914 2003             .58  .53  .53  .49  .30A .30A
  16 190074   1955 2009                                 .53  .47
  17 202941   1907 2008        .59  .62  .62  .65  .59  .37  .41
  18 192588   1930 2002                       .30A .34  .45  .44
  19 172453   1923 2009                  .41  .52  .53  .50  .39
  20 202585   1924 2009                  .54  .59  .63  .63  .63
  21 152623   1925 2009                  .71  .76  .79  .75  .66
  22 80694    1915 2009             .38  .33  .32A .41  .46  .51
  23 30135    1958 2009                                 .61  .59
  24 122295   1904 2009        .20B .25A .44  .53  .45  .36  .42
  25 40024A   1950 2009                                 .33B .49
  26 180341   1981 2010                                                .30A
  27 162355   1898 2009   .63  .58  .32A .41  .43  .40  .49  .56
  28 131360   1880 2009   .41  .40  .37  .32A .35  .19B .39  .44
  29 72424    1891 2009   .55  .50  .29A .29A .19A .18A .33A .31A
  30 180906   1933 2000                       .61  .65  .54  .53
 Av segment correlation   .53  .45  .47  .50  .51  .52  .51  .50  .43  .30
PART 6:  POTENTIAL PROBLEMS:                                                                       19:51  Thu 06 Sep 2018  Page   5
------------------------------------------------------------------------------------------------------------------------------------

 For each series with potential problems the following diagnostics may appear:

 [A] Correlations with master dating series of flagged  50-year segments of series filtered with  32-year spline,
     at every point from ten years earlier (-10) to ten years later (+10) than dated

 [B] Effect of those data values which most lower or raise correlation with master series
     Symbol following year indicates value in series is greater (>) or lesser (<) than master series value

 [C] Year-to-year changes very different from the mean change in other series

 [D] Absent rings (zero values)

 [E] Values which are statistical outliers from mean for the year
====================================================================================================================================

 112323    1913 to  2009      97 years                                                                                    Series   1

 [B] Entire series, effect on correlation (  .510) is:
       Lower   1939< -.057   1913< -.018   1940< -.016   1918> -.014   1923> -.014   1919< -.013  Higher   1946  .031   1979  .018

 [E] Outliers     1   3.0 SD above or -4.5 SD below mean for year
       1939 -6.2 SD
====================================================================================================================================

 10122     1929 to  2009      81 years                                                                                    Series   2

 [B] Entire series, effect on correlation (  .289) is:
       Lower   2009< -.109   1930> -.073   1989< -.018   1993< -.018   1931< -.011   1942< -.008  Higher   1966  .146   1991  .027

 [C] Year-to-year changes diverging by over 4.0 std deviations:
       1930 1931  -4.2 SD

 [E] Outliers     3   3.0 SD above or -4.5 SD below mean for year
       1930 +3.6 SD;    1943 -4.8 SD;    2009 -6.2 SD
====================================================================================================================================

 162575    1915 to  2009      95 years                                                                                    Series   3

 [B] Entire series, effect on correlation (  .538) is:
       Lower   1967< -.032   1954< -.024   1932< -.020   1992< -.016   1994< -.016   2008< -.016  Higher   1966  .031   1930  .023

====================================================================================================================================

 10010     1928 to  2009      82 years                                                                                    Series   4

 [B] Entire series, effect on correlation (  .578) is:
       Lower   1948< -.058   1950< -.025   1952< -.025   1946> -.024   1954< -.021   1991> -.012  Higher   1966  .039   1979  .016

====================================================================================================================================

 12354     1945 to  2009      65 years                                                                                    Series   5

 [B] Entire series, effect on correlation (  .505) is:
       Lower   1966> -.058   1979> -.026   1958< -.025   1996> -.017   1980> -.015   1960< -.014  Higher   1946  .048   1991  .022

====================================================================================================================================

 30315     1914 to  2009      96 years                                                                                    Series   6

 [B] Entire series, effect on correlation (  .559) is:
       Lower   1944< -.055   1983< -.012   1987> -.011   1979> -.010   1948> -.010   1930> -.010  Higher   1946  .032   1966  .016

 [E] Outliers     1   3.0 SD above or -4.5 SD below mean for year
       1944 -5.1 SD
====================================================================================================================================

 200577    1910 to  2009     100 years                                                                                    Series   7

 [B] Entire series, effect on correlation (  .477) is:
       Lower   2009< -.037   1977> -.027   1916< -.025   1938> -.024   1989< -.014   2005> -.013  Higher   1946  .043   1930  .043

 [E] Outliers     2   3.0 SD above or -4.5 SD below mean for year
       1938 +3.5 SD;    1977 +3.2 SD
====================================================================================================================================

 10296     1935 to  2010      76 years                                                                                    Series   8

 [B] Entire series, effect on correlation (  .378) is:
       Lower   1956< -.066   1975< -.031   1970< -.028   1971> -.024   1976< -.016   1936< -.015  Higher   1966  .108   1946  .033

 [E] Outliers     1   3.0 SD above or -4.5 SD below mean for year
       1956 -5.2 SD
====================================================================================================================================

 12387     1966 to  2009      44 years                                                                                    Series   9

 [B] Entire series, effect on correlation (  .500) is:
       Lower   1966> -.109   1976< -.056   1997> -.023   1978< -.013   1971> -.012   2004< -.011  Higher   1991  .078   1987  .036

====================================================================================================================================

 161554    1918 to  2009      92 years                                                                                    Series  10

 [B] Entire series, effect on correlation (  .631) is:
       Lower   1945< -.018   1943> -.014   1949< -.014   1932> -.012   1983< -.011   1996> -.009  Higher   1966  .065   1979  .014

====================================================================================================================================

 190483    1916 to  2009      94 years                                                                                    Series  11

 [B] Entire series, effect on correlation (  .543) is:
       Lower   1923> -.021   1979> -.018   1999> -.017   1941< -.015   1975< -.014   1994> -.012  Higher   1930  .064   1966  .045

====================================================================================================================================

 150761    1962 to  2009      48 years                                                                                    Series  12

 [B] Entire series, effect on correlation (  .494) is:
       Lower   1976< -.048   1989< -.029   1986< -.028   1977> -.021   1987> -.016   2002> -.014  Higher   1966  .079   1991  .068

====================================================================================================================================

 172637    1943 to  2009      67 years                                                                                    Series  13

 [B] Entire series, effect on correlation (  .621) is:
       Lower   1946> -.034   1996< -.020   2004< -.017   1987> -.016   1972< -.014   1980< -.014  Higher   1979  .026   1991  .023

====================================================================================================================================

 201261    1934 to  2002      69 years                                                                                    Series  14

 [B] Entire series, effect on correlation (  .449) is:
       Lower   1991> -.040   1992< -.030   1987> -.018   1944> -.016   1961< -.014   1953< -.013  Higher   1946  .033   1959  .030

====================================================================================================================================

 30226     1914 to  2003      90 years                                                                                    Series  15

 [A] Segment   High   -10   -9   -8   -7   -6   -5   -4   -3   -2   -1   +0   +1   +2   +3   +4   +5   +6   +7   +8   +9  +10
    ---------  ----   ---  ---  ---  ---  ---  ---  ---  ---  ---  ---  ---  ---  ---  ---  ---  ---  ---  ---  ---  ---  ---
    1950 1999    0    .02  .07 -.02  .17 -.05 -.01 -.04  .27 -.06 -.29  .30*-.24  .15  .10  .13  .26 -.11  .11  .09 -.09  .10
    1954 2003    0   -.02  .01 -.01  .28 -.03 -.05 -.04  .20 -.07 -.32  .30*-.25  .13  .08  .12  .21 -.08  .15    -    -    -

 [B] Entire series, effect on correlation (  .460) is:
       Lower   1994< -.035   1993< -.022   1969< -.022   1922< -.016   1979> -.015   1948> -.013  Higher   1966  .038   1946  .027
     1950 to 1999 segment:
       Lower   1994< -.051   1993< -.036   1969< -.035   1979> -.028   1987> -.021   1999> -.019  Higher   1966  .110   1978  .037
     1954 to 2003 segment:
       Lower   1994< -.051   1993< -.037   1969< -.036   1979> -.026   1987> -.020   1999> -.018  Higher   1966  .106   1978  .037

====================================================================================================================================

 190074    1955 to  2009      55 years                                                                                    Series  16

 [B] Entire series, effect on correlation (  .494) is:
       Lower   1962> -.043   1976< -.034   2005> -.025   2001< -.020   1985< -.019   1978< -.019  Higher   1966  .241   1959  .021

 [E] Outliers     1   3.0 SD above or -4.5 SD below mean for year
       1966 -4.6 SD
====================================================================================================================================

 202941    1907 to  2008     102 years                                                                                    Series  17

 [B] Entire series, effect on correlation (  .505) is:
       Lower   1991> -.027   1999> -.027   1995< -.017   1953< -.016   1967< -.013   1908> -.013  Higher   1946  .043   1966  .027

====================================================================================================================================

 192588    1930 to  2002      73 years                                                                                    Series  18

 [A] Segment   High   -10   -9   -8   -7   -6   -5   -4   -3   -2   -1   +0   +1   +2   +3   +4   +5   +6   +7   +8   +9  +10
    ---------  ----   ---  ---  ---  ---  ---  ---  ---  ---  ---  ---  ---  ---  ---  ---  ---  ---  ---  ---  ---  ---  ---
    1930 1979    0   -.16 -.16  .09 -.09 -.27 -.03 -.07  .10 -.27 -.14  .30* .11  .24  .04  .01  .13  .23 -.30  .22 -.13 -.04

 [B] Entire series, effect on correlation (  .312) is:
       Lower   1946> -.043   1933< -.033   1990< -.023   1937< -.017   1942< -.017   1939> -.015  Higher   1930  .069   1979  .034
     1930 to 1979 segment:
       Lower   1946> -.059   1933< -.040   1939> -.020   1937< -.020   1942< -.020   1958< -.018  Higher   1930  .086   1979  .042

====================================================================================================================================

 172453    1923 to  2009      87 years                                                                                    Series  19

 [B] Entire series, effect on correlation (  .369) is:
       Lower   1923> -.034   2000< -.022   1929> -.018   1991> -.014   1948> -.013   1941< -.013  Higher   1966  .043   1946  .022

====================================================================================================================================

 202585    1924 to  2009      86 years                                                                                    Series  20

 [B] Entire series, effect on correlation (  .569) is:
       Lower   1933< -.066   1948< -.024   1929> -.014   2008< -.009   1991> -.009   1959> -.008  Higher   1930  .059   1946  .031

====================================================================================================================================

 152623    1925 to  2009      85 years                                                                                    Series  21

 [B] Entire series, effect on correlation (  .662) is:
       Lower   2000< -.038   1925> -.017   1932< -.015   1967< -.013   1996> -.010   1952< -.009  Higher   1966  .050   1946  .024

====================================================================================================================================

 80694     1915 to  2009      95 years                                                                                    Series  22

 [A] Segment   High   -10   -9   -8   -7   -6   -5   -4   -3   -2   -1   +0   +1   +2   +3   +4   +5   +6   +7   +8   +9  +10
    ---------  ----   ---  ---  ---  ---  ---  ---  ---  ---  ---  ---  ---  ---  ---  ---  ---  ---  ---  ---  ---  ---  ---
    1930 1979    0   -.16 -.18 -.03  .03  .00 -.13 -.11 -.06 -.17 -.16  .32*-.11  .23  .16  .03  .08  .10  .08  .22  .01  .18

 [B] Entire series, effect on correlation (  .430) is:
       Lower   1936< -.029   1996> -.025   1966> -.019   1943> -.019   1935> -.014   1940< -.013  Higher   1930  .025   1916  .019
     1930 to 1979 segment:
       Lower   1936< -.058   1943> -.031   1940< -.025   1935> -.022   1952< -.019   1958< -.019  Higher   1930  .071   1963  .025

====================================================================================================================================

 30135     1958 to  2009      52 years                                                                                    Series  23

 [B] Entire series, effect on correlation (  .611) is:
       Lower   1962> -.032   1996> -.020   1978< -.018   1982< -.018   1987> -.018   1961> -.017  Higher   1966  .042   1991  .037

====================================================================================================================================

 122295    1904 to  2009     106 years                                                                                    Series  24

 [A] Segment   High   -10   -9   -8   -7   -6   -5   -4   -3   -2   -1   +0   +1   +2   +3   +4   +5   +6   +7   +8   +9  +10
    ---------  ----   ---  ---  ---  ---  ---  ---  ---  ---  ---  ---  ---  ---  ---  ---  ---  ---  ---  ---  ---  ---  ---
    1904 1953   -4    .11 -.09  .15 -.20  .19 -.15  .27* .07 -.13 -.04  .20| .17 -.14  .03 -.20 -.02  .09 -.32 -.08  .11 -.19
    1910 1959    0    .12 -.12  .17 -.21  .20  .01  .19  .17 -.09 -.07  .25* .13 -.13 -.07 -.20 -.11  .06 -.31 -.14  .09 -.18

 [B] Entire series, effect on correlation (  .274) is:
       Lower   1912< -.056   1918> -.028   1911> -.020   1910< -.020   1979> -.018   1904> -.014  Higher   1946  .033   1991  .028
     1904 to 1953 segment:
       Lower   1912< -.089   1918> -.048   1911> -.034   1910< -.031   1904> -.024   1950< -.018  Higher   1946  .062   1930  .034
     1910 to 1959 segment:
       Lower   1912< -.097   1918> -.048   1910< -.034   1911> -.034   1959> -.022   1950< -.021  Higher   1946  .063   1930  .034

 [C] Year-to-year changes diverging by over 4.0 std deviations:
       1911 1912  -4.6 SD

 [E] Outliers     1   3.0 SD above or -4.5 SD below mean for year
       1929 -5.1 SD
====================================================================================================================================

 40024A    1950 to  2009      60 years                                                                                    Series  25

 [A] Segment   High   -10   -9   -8   -7   -6   -5   -4   -3   -2   -1   +0   +1   +2   +3   +4   +5   +6   +7   +8   +9  +10
    ---------  ----   ---  ---  ---  ---  ---  ---  ---  ---  ---  ---  ---  ---  ---  ---  ---  ---  ---  ---  ---  ---  ---
    1950 1999    8    .08 -.12  .20  .04 -.19  .06 -.04  .01 -.18 -.29  .33|-.02 -.11  .08  .11  .15  .11 -.22  .48*-.06 -.27

 [B] Entire series, effect on correlation (  .300) is:
       Lower   1958< -.124   2001< -.042   1959> -.018   1963> -.017   1952> -.017   1976< -.014  Higher   1991  .053   1966  .050
     1950 to 1999 segment:
       Lower   1958< -.159   1959> -.021   1963> -.020   1952> -.019   1976< -.017   1951< -.016  Higher   1991  .054   1966  .050

 [C] Year-to-year changes diverging by over 4.0 std deviations:
       1958 1959   5.1 SD

 [E] Outliers     1   3.0 SD above or -4.5 SD below mean for year
       1958 -6.2 SD
====================================================================================================================================

 180341    1981 to  2010      30 years                                                                                    Series  26

 [A] Segment   High   -10   -9   -8   -7   -6   -5   -4   -3   -2   -1   +0   +1   +2   +3   +4   +5   +6   +7   +8   +9  +10
    ---------  ----   ---  ---  ---  ---  ---  ---  ---  ---  ---  ---  ---  ---  ---  ---  ---  ---  ---  ---  ---  ---  ---
    1981 2010    0    .10 -.06 -.11  .08  .06 -.01 -.06  .09 -.22 -.29  .30*   -    -    -    -    -    -    -    -    -    -

 [B] Entire series, effect on correlation (  .305) is:
       Lower   1999> -.090   1991> -.071   1994< -.067   2007< -.032   1990< -.030   2001< -.018  Higher   2010  .074   2000  .040
     1981 to 2010 segment:
       Lower   1999> -.090   1991> -.071   1994< -.067   2007< -.032   1990< -.030   2001< -.018  Higher   2010  .074   2000  .040

====================================================================================================================================

 162355    1898 to  2009     112 years                                                                                    Series  27

 [A] Segment   High   -10   -9   -8   -7   -6   -5   -4   -3   -2   -1   +0   +1   +2   +3   +4   +5   +6   +7   +8   +9  +10
    ---------  ----   ---  ---  ---  ---  ---  ---  ---  ---  ---  ---  ---  ---  ---  ---  ---  ---  ---  ---  ---  ---  ---
    1910 1959    0   -.30  .18 -.29  .11  .08  .12  .09  .09  .25 -.11  .32*-.25 -.23  .03 -.07 -.22 -.14  .08 -.22  .17 -.11

 [B] Entire series, effect on correlation (  .534) is:
       Lower   1946> -.027   1993< -.023   1985< -.016   1949< -.016   1950< -.014   1939> -.013  Higher   1902  .078   1966  .045
     1910 to 1959 segment:
       Lower   1946> -.061   1949< -.038   1950< -.037   1939> -.032   1948< -.017   1938> -.013  Higher   1930  .059   1916  .047

 [E] Outliers     1   3.0 SD above or -4.5 SD below mean for year
       1902 -4.6 SD
====================================================================================================================================

 131360    1880 to  2009     130 years                                                                                    Series  28

 [*] Early part of series cannot be checked from 1880 to 1890 -- not matched by another series

 [A] Segment   High   -10   -9   -8   -7   -6   -5   -4   -3   -2   -1   +0   +1   +2   +3   +4   +5   +6   +7   +8   +9  +10
    ---------  ----   ---  ---  ---  ---  ---  ---  ---  ---  ---  ---  ---  ---  ---  ---  ---  ---  ---  ---  ---  ---  ---
    1920 1969    0   -.13  .02 -.22  .19 -.11  .19 -.07 -.20 -.21  .29  .32* .03  .04  .03  .03  .08 -.11 -.10 -.05 -.04 -.13
    - - - - - - - - - - - - - - - - - - - - - - - - - - - - - - - - - - - - - - - - - - - - - - - - - - - - - - - - - - - - -
    1940 1989    3   -.04 -.15 -.01  .05 -.15  .05 -.10 -.22 -.09  .19  .19| .09  .12  .20* .04 -.20 -.10  .09 -.10 -.25 -.17

 [B] Entire series, effect on correlation (  .362) is:
       Lower   1945< -.034   1966> -.031   1892> -.020   1921> -.014   1902> -.013   1915< -.011  Higher   1930  .048   1903  .031
     1920 to 1969 segment:
       Lower   1966> -.090   1945< -.079   1921> -.029   1923> -.024   1941< -.016   1946> -.014  Higher   1930  .210   1931  .020
     1940 to 1989 segment:
       Lower   1966> -.103   1945< -.103   1941< -.018   1948> -.013   1959> -.013   1958< -.011  Higher   1986  .037   1964  .024

 [E] Outliers     3   3.0 SD above or -4.5 SD below mean for year
       1930 -5.2 SD;    1945 -5.1 SD;    1966 +3.5 SD
====================================================================================================================================

 72424     1891 to  2009     119 years                                                                                    Series  29

 [A] Segment   High   -10   -9   -8   -7   -6   -5   -4   -3   -2   -1   +0   +1   +2   +3   +4   +5   +6   +7   +8   +9  +10
    ---------  ----   ---  ---  ---  ---  ---  ---  ---  ---  ---  ---  ---  ---  ---  ---  ---  ---  ---  ---  ---  ---  ---
    1910 1959    0   -.16  .05 -.07  .06  .23 -.09 -.17  .15  .01 -.23  .29* .15 -.19  .11 -.10  .04  .04  .07 -.16 -.20 -.02
    1920 1969    0   -.32 -.05  .04  .01  .06 -.04 -.08 -.02  .05 -.04  .29* .07  .05  .14 -.16  .04 -.03  .09 -.19 -.26  .03
    1930 1979    0   -.23 -.06  .07  .02 -.02 -.03 -.06  .03 -.08  .04  .19* .01  .16  .18 -.22 -.08 -.08 -.03 -.04 -.29 -.02
    1940 1989    0   -.18 -.02 -.03  .08  .02 -.02 -.02  .03 -.10  .06  .18* .08  .07  .11 -.03 -.13 -.29  .06 -.04 -.24 -.07
    1950 1999    0   -.17  .04  .10  .04 -.06  .04  .09 -.08 -.19  .08  .33* .07  .05  .11 -.02 -.22 -.22  .04  .03 -.21 -.07
    1960 2009    0   -.06 -.07  .07  .03 -.09 -.02  .02 -.15 -.23  .02  .31* .25    -    -    -    -    -    -    -    -    -

 [B] Entire series, effect on correlation (  .400) is:
       Lower   1892< -.018   1909< -.017   2009< -.014   1945< -.014   1934> -.013   1917< -.012  Higher   1902  .090   1903  .029
     1910 to 1959 segment:
       Lower   1945< -.040   1934> -.034   1917< -.031   1957> -.029   1941< -.024   1949< -.020  Higher   1930  .053   1923  .034
     1920 to 1969 segment:
       Lower   1945< -.040   1934> -.029   1957> -.024   1941< -.024   1949< -.020   1946> -.017  Higher   1930  .045   1923  .028
     1930 to 1979 segment:
       Lower   1945< -.039   1934> -.029   1978< -.024   1941< -.023   1957> -.023   1949< -.019  Higher   1930  .065   1963  .029
     1940 to 1989 segment:
       Lower   1945< -.035   1957> -.029   1978< -.022   1941< -.021   1946> -.017   1949< -.016  Higher   1987  .039   1963  .034
     1950 to 1999 segment:
       Lower   1957> -.034   1978< -.029   1986< -.019   1966> -.017   1980< -.015   1953< -.014  Higher   1987  .032   1963  .027
     1960 to 2009 segment:
       Lower   2009< -.042   1978< -.027   1966> -.021   2003> -.018   1986< -.018   2004< -.017  Higher   1987  .032   1963  .027

 [E] Outliers     1   3.0 SD above or -4.5 SD below mean for year
       1957 +3.1 SD
====================================================================================================================================

 180906    1933 to  2000      68 years                                                                                    Series  30

 [B] Entire series, effect on correlation (  .525) is:
       Lower   1999> -.066   1940< -.016   1957< -.016   1939> -.016   1953< -.014   1989< -.014  Higher   1966  .114   1987  .022

 [E] Outliers     1   3.0 SD above or -4.5 SD below mean for year
       1999 +3.2 SD
====================================================================================================================================
PART 7:  DESCRIPTIVE STATISTICS:                                                                   19:51  Thu 06 Sep 2018  Page   6
------------------------------------------------------------------------------------------------------------------------------------

                                                Corr   //-------- Unfiltered --------\\  //---- Filtered -----\\
                           No.    No.    No.    with   Mean   Max     Std   Auto   Mean   Max     Std   Auto  AR
 Seq Series   Interval   Years  Segmt  Flags   Master  msmt   msmt    dev   corr   sens  value    dev   corr  ()
 --- -------- ---------  -----  -----  -----   ------ -----  -----  -----  -----  -----  -----  -----  -----  --
   1 112323   1913 2009     97      6      0    .510   2.22   4.98   .891   .487   .336   2.59   .398   .033   1
   2 10122    1929 2009     81      5      0    .289   3.10  10.56  1.927   .780   .268   2.52   .427  -.027   1
   3 162575   1915 2009     95      6      0    .538   2.11   5.37  1.383   .872   .279   2.66   .614  -.030   1
   4 10010    1928 2009     82      5      0    .578   2.69   6.70  1.383   .672   .379   2.51   .480  -.101   1
   5 12354    1945 2009     65      3      0    .505   2.99   9.88  2.008   .892   .238   2.64   .461  -.018   1
   6 30315    1914 2009     96      6      0    .559   2.01   6.84  1.103   .668   .365   2.76   .424  -.040   1
   7 200577   1910 2009    100      6      0    .477   2.01   6.63  1.132   .819   .271   2.91   .542  -.088   1
   8 10296    1935 2010     76      5      0    .378   1.90   7.07  1.556   .768   .459   2.74   .503  -.072   1
   9 12387    1966 2009     44      1      0    .500   1.85   4.28   .851   .703   .286   2.43   .496  -.043   2
  10 161554   1918 2009     92      6      0    .631   1.72   4.08   .793   .700   .313   2.57   .449  -.065   1
  11 190483   1916 2009     94      6      0    .543   1.47   4.16   .943   .886   .240   2.64   .445  -.034   2
  12 150761   1962 2009     48      1      0    .494   2.97   6.87  1.815   .772   .371   2.62   .486  -.050   1
  13 172637   1943 2009     67      3      0    .621   2.06   6.16  1.258   .766   .328   2.64   .521   .026   1
  14 201261   1934 2002     69      4      0    .449   1.14   4.25  1.125   .937   .280   2.78   .531  -.022   1
  15 30226    1914 2003     90      6      2    .460   1.47   4.16   .943   .666   .361   2.92   .575   .081   2
  16 190074   1955 2009     55      2      0    .494   2.81   8.09  1.843   .885   .281   2.51   .363   .046   1
  17 202941   1907 2008    102      7      0    .505   1.67   4.75  1.280   .866   .285   2.53   .438   .063   1
  18 192588   1930 2002     73      4      1    .312   1.21   3.24   .896   .829   .396   2.62   .593  -.070   1
  19 172453   1923 2009     87      5      0    .369   1.12   3.13   .860   .917   .259   2.52   .409   .035   1
  20 202585   1924 2009     86      5      0    .569   1.49   6.77  1.316   .867   .315   2.55   .553  -.041   1
  21 152623   1925 2009     85      5      0    .662   1.73   3.60   .706   .681   .274   2.65   .578   .062   1
  22 80694    1915 2009     95      6      1    .430   1.20   4.75   .926   .869   .317   2.75   .481  -.025   1
  23 30135    1958 2009     52      2      0    .611   1.81   4.65   .893   .448   .396   2.86   .765  -.057   1
  24 122295   1904 2009    106      7      2    .274   2.10   7.02  1.930   .932   .282   2.61   .383   .008   1
  25 40024A   1950 2009     60      2      1    .300    .71   2.54   .613   .905   .312   2.60   .454   .013   1
  26 180341   1981 2010     30      1      1    .305   3.59   7.84  1.625   .578   .308   3.01   .647  -.044   1
  27 162355   1898 2009    112      8      1    .534   1.42   4.90   .917   .756   .348   2.59   .408  -.061   1
  28 131360   1880 2009    130      8      2    .362   1.62   5.55  1.021   .713   .347   2.63   .318  -.013   1
  29 72424    1891 2009    119      8      6    .400   1.50   7.24  1.473   .877   .293   2.96   .523  -.079   1
  30 180906   1933 2000     68      4      0    .525   2.12   6.49  1.695   .940   .246   2.68   .509  -.030   1
 --- -------- ---------  -----  -----  -----   ------ -----  -----  -----  -----  -----  -----  -----  -----  --
 Total or mean:           2456    143     17    .473   1.85  10.56  1.215   .788   .314   3.01   .482  -.021

                                              - = [  COFECHA JU2  COF  ] = -
